This is pdfTeX, Version 3.1415926-2.4-1.40.13 (MiKTeX 2.9 64-bit) (preloaded format=pdflatex 2014.4.5)  27 SEP 2014 12:44
entering extended mode
**C:/Users/John/Documents/ASEN5010/HomeworkArchive/Project/AIAA-TeX/ASEN5010Pro
ject.tex

(C:/Users/John/Documents/ASEN5010/HomeworkArchive/Project/AIAA-TeX/ASEN5010Proj
ect.tex
LaTeX2e <2011/06/27>
Babel <v3.8m> and hyphenation patterns for english, afrikaans, ancientgreek, ar
abic, armenian, assamese, basque, bengali, bokmal, bulgarian, catalan, coptic, 
croatian, czech, danish, dutch, esperanto, estonian, farsi, finnish, french, ga
lician, german, german-x-2012-05-30, greek, gujarati, hindi, hungarian, iceland
ic, indonesian, interlingua, irish, italian, kannada, kurmanji, latin, latvian,
 lithuanian, malayalam, marathi, mongolian, mongolianlmc, monogreek, ngerman, n
german-x-2012-05-30, nynorsk, oriya, panjabi, pinyin, polish, portuguese, roman
ian, russian, sanskrit, serbian, slovak, slovenian, spanish, swedish, swissgerm
an, tamil, telugu, turkish, turkmen, ukenglish, ukrainian, uppersorbian, usengl
ishmax, welsh, loaded.
(C:\Users\John\Documents\ASEN5010\HomeworkArchive\Project\AIAA-TeX\aiaaNew.cls
Document Class: aiaaNew 1996/03/03 v1.0 AIAA document class

TYPESETTING in AIAA conference PAPER format ...

("C:\Program Files\MiKTeX 2.9\tex\latex\base\article.cls"
Document Class: article 2007/10/19 v1.4h Standard LaTeX document class
("C:\Program Files\MiKTeX 2.9\tex\latex\base\size10.clo"
File: size10.clo 2007/10/19 v1.4h Standard LaTeX file (size option)
)
\c@part=\count79
\c@section=\count80
\c@subsection=\count81
\c@subsubsection=\count82
\c@paragraph=\count83
\c@subparagraph=\count84
\c@figure=\count85
\c@table=\count86
\abovecaptionskip=\skip41
\belowcaptionskip=\skip42
\bibindent=\dimen102
)
("C:\Program Files\MiKTeX 2.9\tex\latex\lastpage\lastpage.sty"
Package: lastpage 2013/01/28 v1.2l Refers to last page's name (HMM; JPG)
)
("C:\Program Files\MiKTeX 2.9\tex\latex\graphics\graphicx.sty"
Package: graphicx 1999/02/16 v1.0f Enhanced LaTeX Graphics (DPC,SPQR)

("C:\Program Files\MiKTeX 2.9\tex\latex\graphics\keyval.sty"
Package: keyval 1999/03/16 v1.13 key=value parser (DPC)
\KV@toks@=\toks14
)
("C:\Program Files\MiKTeX 2.9\tex\latex\graphics\graphics.sty"
Package: graphics 2009/02/05 v1.0o Standard LaTeX Graphics (DPC,SPQR)

("C:\Program Files\MiKTeX 2.9\tex\latex\graphics\trig.sty"
Package: trig 1999/03/16 v1.09 sin cos tan (DPC)
)
("C:\Program Files\MiKTeX 2.9\tex\latex\00miktex\graphics.cfg"
File: graphics.cfg 2007/01/18 v1.5 graphics configuration of teTeX/TeXLive
)
Package graphics Info: Driver file: pdftex.def on input line 91.

("C:\Program Files\MiKTeX 2.9\tex\latex\pdftex-def\pdftex.def"
File: pdftex.def 2011/05/27 v0.06d Graphics/color for pdfTeX

("C:\Program Files\MiKTeX 2.9\tex\generic\oberdiek\infwarerr.sty"
Package: infwarerr 2010/04/08 v1.3 Providing info/warning/error messages (HO)
)
("C:\Program Files\MiKTeX 2.9\tex\generic\oberdiek\ltxcmds.sty"
Package: ltxcmds 2011/11/09 v1.22 LaTeX kernel commands for general use (HO)
)
\Gread@gobject=\count87
))
\Gin@req@height=\dimen103
\Gin@req@width=\dimen104
)
("C:\Program Files\MiKTeX 2.9\tex\latex\hyperref\hyperref.sty"
Package: hyperref 2012/11/06 v6.83m Hypertext links for LaTeX

("C:\Program Files\MiKTeX 2.9\tex\generic\oberdiek\hobsub-hyperref.sty"
Package: hobsub-hyperref 2012/04/25 v1.12 Bundle oberdiek, subset hyperref (HO)


("C:\Program Files\MiKTeX 2.9\tex\generic\oberdiek\hobsub-generic.sty"
Package: hobsub-generic 2012/04/25 v1.12 Bundle oberdiek, subset generic (HO)
Package: hobsub 2012/04/25 v1.12 Construct package bundles (HO)
Package hobsub Info: Skipping package `infwarerr' (already loaded).
Package hobsub Info: Skipping package `ltxcmds' (already loaded).
Package: ifluatex 2010/03/01 v1.3 Provides the ifluatex switch (HO)
Package ifluatex Info: LuaTeX not detected.
Package: ifvtex 2010/03/01 v1.5 Detect VTeX and its facilities (HO)
Package ifvtex Info: VTeX not detected.
Package: intcalc 2007/09/27 v1.1 Expandable calculations with integers (HO)
Package: ifpdf 2011/01/30 v2.3 Provides the ifpdf switch (HO)
Package ifpdf Info: pdfTeX in PDF mode is detected.
Package: etexcmds 2011/02/16 v1.5 Avoid name clashes with e-TeX commands (HO)
Package etexcmds Info: Could not find \expanded.
(etexcmds)             That can mean that you are not using pdfTeX 1.50 or
(etexcmds)             that some package has redefined \expanded.
(etexcmds)             In the latter case, load this package earlier.
Package: kvsetkeys 2012/04/25 v1.16 Key value parser (HO)
Package: kvdefinekeys 2011/04/07 v1.3 Define keys (HO)
Package: pdftexcmds 2011/11/29 v0.20 Utility functions of pdfTeX for LuaTeX (HO
)
Package pdftexcmds Info: LuaTeX not detected.
Package pdftexcmds Info: \pdf@primitive is available.
Package pdftexcmds Info: \pdf@ifprimitive is available.
Package pdftexcmds Info: \pdfdraftmode found.
Package: pdfescape 2011/11/25 v1.13 Implements pdfTeX's escape features (HO)
Package: bigintcalc 2012/04/08 v1.3 Expandable calculations on big integers (HO
)
Package: bitset 2011/01/30 v1.1 Handle bit-vector datatype (HO)
Package: uniquecounter 2011/01/30 v1.2 Provide unlimited unique counter (HO)
)
Package hobsub Info: Skipping package `hobsub' (already loaded).
Package: letltxmacro 2010/09/02 v1.4 Let assignment for LaTeX macros (HO)
Package: hopatch 2011/06/24 v1.1 Wrapper for package hooks (HO)
Package: xcolor-patch 2011/01/30 xcolor patch
Package: atveryend 2011/06/30 v1.8 Hooks at the very end of document (HO)
Package atveryend Info: \enddocument detected (standard20110627).
Package: atbegshi 2011/10/05 v1.16 At begin shipout hook (HO)
Package: refcount 2011/10/16 v3.4 Data extraction from label references (HO)
Package: hycolor 2011/01/30 v1.7 Color options for hyperref/bookmark (HO)
)
("C:\Program Files\MiKTeX 2.9\tex\generic\ifxetex\ifxetex.sty"
Package: ifxetex 2010/09/12 v0.6 Provides ifxetex conditional
)
("C:\Program Files\MiKTeX 2.9\tex\latex\oberdiek\auxhook.sty"
Package: auxhook 2011/03/04 v1.3 Hooks for auxiliary files (HO)
)
("C:\Program Files\MiKTeX 2.9\tex\latex\oberdiek\kvoptions.sty"
Package: kvoptions 2011/06/30 v3.11 Key value format for package options (HO)
)
\@linkdim=\dimen105
\Hy@linkcounter=\count88
\Hy@pagecounter=\count89

("C:\Program Files\MiKTeX 2.9\tex\latex\hyperref\pd1enc.def"
File: pd1enc.def 2012/11/06 v6.83m Hyperref: PDFDocEncoding definition (HO)
)
\Hy@SavedSpaceFactor=\count90

("C:\Program Files\MiKTeX 2.9\tex\latex\00miktex\hyperref.cfg"
File: hyperref.cfg 2002/06/06 v1.2 hyperref configuration of TeXLive
)
Package hyperref Info: Option `colorlinks' set `true' on input line 4319.
Package hyperref Info: Hyper figures OFF on input line 4443.
Package hyperref Info: Link nesting OFF on input line 4448.
Package hyperref Info: Hyper index ON on input line 4451.
Package hyperref Info: Plain pages OFF on input line 4458.
Package hyperref Info: Backreferencing OFF on input line 4463.
Package hyperref Info: Implicit mode ON; LaTeX internals redefined.
Package hyperref Info: Bookmarks ON on input line 4688.
\c@Hy@tempcnt=\count91

("C:\Program Files\MiKTeX 2.9\tex\latex\ltxmisc\url.sty"
\Urlmuskip=\muskip10
Package: url 2006/04/12  ver 3.3  Verb mode for urls, etc.
)
LaTeX Info: Redefining \url on input line 5041.
\XeTeXLinkMargin=\dimen106
\Fld@menulength=\count92
\Field@Width=\dimen107
\Fld@charsize=\dimen108
Package hyperref Info: Hyper figures OFF on input line 6295.
Package hyperref Info: Link nesting OFF on input line 6300.
Package hyperref Info: Hyper index ON on input line 6303.
Package hyperref Info: backreferencing OFF on input line 6310.
Package hyperref Info: Link coloring ON on input line 6313.
Package hyperref Info: Link coloring with OCG OFF on input line 6320.
Package hyperref Info: PDF/A mode OFF on input line 6325.
LaTeX Info: Redefining \ref on input line 6365.
LaTeX Info: Redefining \pageref on input line 6369.
\Hy@abspage=\count93
\c@Item=\count94
\c@Hfootnote=\count95
)

Package hyperref Message: Driver (autodetected): hpdftex.

("C:\Program Files\MiKTeX 2.9\tex\latex\hyperref\hpdftex.def"
File: hpdftex.def 2012/11/06 v6.83m Hyperref driver for pdfTeX
\Fld@listcount=\count96
\c@bookmark@seq@number=\count97

("C:\Program Files\MiKTeX 2.9\tex\latex\oberdiek\rerunfilecheck.sty"
Package: rerunfilecheck 2011/04/15 v1.7 Rerun checks for auxiliary files (HO)
Package uniquecounter Info: New unique counter `rerunfilecheck' on input line 2
82.
)
\Hy@SectionHShift=\skip43
)
("C:\Program Files\MiKTeX 2.9\tex\latex\cite\overcite.sty"
Package: overcite 1999/04/23  v 3.8
)
("C:\Program Files\MiKTeX 2.9\tex\latex\caption\caption2.sty"
Package: caption2 2013/02/03 v2.2-62 Customising captions (AR)


Package caption2 Warning: ****************************************************
(caption2)                THIS PACKAGE IS OBSOLETE:
(caption2)                This package attempts to provide an `caption2'
(caption2)                package v2.0/2.1 author environment so that OLD
(caption2)                documents can be successfully processed. It should
(caption2)                NOT be used for NEW documents! New documents should
(caption2)                use the regular `caption' package v3.x instead.
(caption2)                ****************************************************

("C:\Program Files\MiKTeX 2.9\tex\latex\caption\caption3.sty"
Package: caption3 2013/05/02 v1.6-88 caption3 kernel (AR)
Package caption3 Info: TeX engine: e-TeX on input line 57.
\captionmargin=\dimen109
\captionmargin@=\dimen110
\captionwidth=\dimen111
\caption@tempdima=\dimen112
\caption@indent=\dimen113
\caption@parindent=\dimen114
\caption@hangindent=\dimen115
)
Package caption2 Info: Running in caption2 v2.0 compatibility mode on input lin
e 215.
\captionlinewidth=\dimen116
\realcaptionwidth=\dimen117
)
("C:\Program Files\MiKTeX 2.9\tex\latex\fancyhdr\fancyhdr.sty"
\fancy@headwidth=\skip44
\f@ncyO@elh=\skip45
\f@ncyO@erh=\skip46
\f@ncyO@olh=\skip47
\f@ncyO@orh=\skip48
\f@ncyO@elf=\skip49
\f@ncyO@erf=\skip50
\f@ncyO@olf=\skip51
\f@ncyO@orf=\skip52
)
("C:\Program Files\MiKTeX 2.9\tex\latex\psnfss\times.sty"
Package: times 2005/04/12 PSNFSS-v9.2a (SPQR) 
)
("C:\Program Files\MiKTeX 2.9\tex\latex\amsmath\amsmath.sty"
Package: amsmath 2013/01/14 v2.14 AMS math features
\@mathmargin=\skip53

For additional information on amsmath, use the `?' option.
("C:\Program Files\MiKTeX 2.9\tex\latex\amsmath\amstext.sty"
Package: amstext 2000/06/29 v2.01

("C:\Program Files\MiKTeX 2.9\tex\latex\amsmath\amsgen.sty"
File: amsgen.sty 1999/11/30 v2.0
\@emptytoks=\toks15
\ex@=\dimen118
))
("C:\Program Files\MiKTeX 2.9\tex\latex\amsmath\amsbsy.sty"
Package: amsbsy 1999/11/29 v1.2d
\pmbraise@=\dimen119
)
("C:\Program Files\MiKTeX 2.9\tex\latex\amsmath\amsopn.sty"
Package: amsopn 1999/12/14 v2.01 operator names
)
\inf@bad=\count98
LaTeX Info: Redefining \frac on input line 210.
\uproot@=\count99
\leftroot@=\count100
LaTeX Info: Redefining \overline on input line 306.
\classnum@=\count101
\DOTSCASE@=\count102
LaTeX Info: Redefining \ldots on input line 378.
LaTeX Info: Redefining \dots on input line 381.
LaTeX Info: Redefining \cdots on input line 466.
\Mathstrutbox@=\box26
\strutbox@=\box27
\big@size=\dimen120
LaTeX Font Info:    Redeclaring font encoding OML on input line 566.
LaTeX Font Info:    Redeclaring font encoding OMS on input line 567.
\macc@depth=\count103
\c@MaxMatrixCols=\count104
\dotsspace@=\muskip11
\c@parentequation=\count105
\dspbrk@lvl=\count106
\tag@help=\toks16
\row@=\count107
\column@=\count108
\maxfields@=\count109
\andhelp@=\toks17
\eqnshift@=\dimen121
\alignsep@=\dimen122
\tagshift@=\dimen123
\tagwidth@=\dimen124
\totwidth@=\dimen125
\lineht@=\dimen126
\@envbody=\toks18
\multlinegap=\skip54
\multlinetaggap=\skip55
\mathdisplay@stack=\toks19
LaTeX Info: Redefining \[ on input line 2665.
LaTeX Info: Redefining \] on input line 2666.
)
("C:\Program Files\MiKTeX 2.9\tex\latex\tools\bm.sty"
Package: bm 2004/02/26 v1.1c Bold Symbol Support (DPC/FMi)
\symboldoperators=\mathgroup4
\symboldletters=\mathgroup5
\symboldsymbols=\mathgroup6
LaTeX Font Info:    Redeclaring math alphabet \mathbf on input line 138.
LaTeX Info: Redefining \bm on input line 204.
)
("C:\Program Files\MiKTeX 2.9\tex\latex\subfigure\subfigure.sty"
Package: subfigure 2002/07/30 v2.1.4 subfigure package
\subfigtopskip=\skip56
\subfigcapskip=\skip57
\subfigcaptopadj=\dimen127
\subfigbottomskip=\skip58
\subfigcapmargin=\dimen128
\subfiglabelskip=\skip59
\c@subfigure=\count110
\c@lofdepth=\count111
\c@subtable=\count112
\c@lotdepth=\count113

****************************************
* Local config file subfigure.cfg used *
****************************************
("C:\Program Files\MiKTeX 2.9\tex\latex\subfigure\subfigure.cfg")
\subfig@top=\skip60
\subfig@bottom=\skip61
)
("C:\Program Files\MiKTeX 2.9\tex\latex\tabls\tabls.sty"
\tablinesep=\dimen129
\arraylinesep=\dimen130
\extrarulesep=\dimen131
\@arstdepth=\dimen132
\@arstheight=\dimen133
\@skip@bove=\dimen134
)
\sfm@width=\skip62
\sfm@colsep=\skip63
\c@sfm@count=\count114
)
("C:\Program Files\MiKTeX 2.9\tex\latex\base\fixltx2e.sty"
Package: fixltx2e 2006/09/13 v1.1m fixes to LaTeX
LaTeX Info: Redefining \em on input line 420.
LaTeX Info: The control sequence `\[' is already robust on input line 471.
LaTeX Info: The control sequence `\]' is already robust on input line 472.
)
("C:\Program Files\MiKTeX 2.9\tex\latex\mh\mathtools.sty"
Package: mathtools 2013/02/12 v1.13 mathematical typesetting tools

("C:\Program Files\MiKTeX 2.9\tex\latex\tools\calc.sty"
Package: calc 2007/08/22 v4.3 Infix arithmetic (KKT,FJ)
\calc@Acount=\count115
\calc@Bcount=\count116
\calc@Adimen=\dimen135
\calc@Bdimen=\dimen136
\calc@Askip=\skip64
\calc@Bskip=\skip65
LaTeX Info: Redefining \setlength on input line 76.
LaTeX Info: Redefining \addtolength on input line 77.
\calc@Ccount=\count117
\calc@Cskip=\skip66
)
("C:\Program Files\MiKTeX 2.9\tex\latex\mh\mhsetup.sty"
Package: mhsetup 2010/01/21 v1.2a programming setup (MH)
)
LaTeX Info: Thecontrolsequence`\('isalreadyrobust on input line 129.
LaTeX Info: Thecontrolsequence`\)'isalreadyrobust on input line 129.
LaTeX Info: Thecontrolsequence`\['isalreadyrobust on input line 129.
LaTeX Info: Thecontrolsequence`\]'isalreadyrobust on input line 129.
\g_MT_multlinerow_int=\count118
\l_MT_multwidth_dim=\dimen137
\origjot=\skip67
\l_MT_shortvdotswithinadjustabove_dim=\dimen138
\l_MT_shortvdotswithinadjustbelow_dim=\dimen139
\l_MT_above_intertext_sep=\dimen140
\l_MT_below_intertext_sep=\dimen141
\l_MT_above_shortintertext_sep=\dimen142
\l_MT_below_shortintertext_sep=\dimen143
)
(C:\Users\John\Documents\ASEN5010\HomeworkArchive\Project\AIAA-TeX\ASEN5010Proj
ect.aux)
LaTeX Font Info:    Checking defaults for OML/cmm/m/it on input line 71.
LaTeX Font Info:    ... okay on input line 71.
LaTeX Font Info:    Checking defaults for T1/cmr/m/n on input line 71.
LaTeX Font Info:    ... okay on input line 71.
LaTeX Font Info:    Checking defaults for OT1/cmr/m/n on input line 71.
LaTeX Font Info:    ... okay on input line 71.
LaTeX Font Info:    Checking defaults for OMS/cmsy/m/n on input line 71.
LaTeX Font Info:    ... okay on input line 71.
LaTeX Font Info:    Checking defaults for OMX/cmex/m/n on input line 71.
LaTeX Font Info:    ... okay on input line 71.
LaTeX Font Info:    Checking defaults for U/cmr/m/n on input line 71.
LaTeX Font Info:    ... okay on input line 71.
LaTeX Font Info:    Checking defaults for PD1/pdf/m/n on input line 71.
LaTeX Font Info:    ... okay on input line 71.
LaTeX Font Info:    Try loading font information for OT1+ptm on input line 71.
 ("C:\Program Files\MiKTeX 2.9\tex\latex\psnfss\ot1ptm.fd"
File: ot1ptm.fd 2001/06/04 font definitions for OT1/ptm.
)
Package lastpage Info: Please have a look at the pageslts package at
(lastpage)             http://www.ctan.org/tex-archive/ 
(lastpage)             macros/latex/contrib/pageslts/ 
(lastpage)             or
(lastpage)             http://www.ctan.org/tex-archive/ 
(lastpage)             install/macros/latex/contrib/pageslts.tds.zip
(lastpage)             ! on input line 71.

("C:\Program Files\MiKTeX 2.9\tex\context\base\supp-pdf.mkii"
[Loading MPS to PDF converter (version 2006.09.02).]
\scratchcounter=\count119
\scratchdimen=\dimen144
\scratchbox=\box28
\nofMPsegments=\count120
\nofMParguments=\count121
\everyMPshowfont=\toks20
\MPscratchCnt=\count122
\MPscratchDim=\dimen145
\MPnumerator=\count123
\makeMPintoPDFobject=\count124
\everyMPtoPDFconversion=\toks21
)
\AtBeginShipoutBox=\box29
 ("C:\Program Files\MiKTeX 2.9\tex\latex\graphics\color.sty"
Package: color 2005/11/14 v1.0j Standard LaTeX Color (DPC)

("C:\Program Files\MiKTeX 2.9\tex\latex\00miktex\color.cfg"
File: color.cfg 2007/01/18 v1.5 color configuration of teTeX/TeXLive
)
Package color Info: Driver file: pdftex.def on input line 130.
)
Package hyperref Info: Link coloring ON on input line 71.

("C:\Program Files\MiKTeX 2.9\tex\latex\hyperref\nameref.sty"
Package: nameref 2012/10/27 v2.43 Cross-referencing by name of section

("C:\Program Files\MiKTeX 2.9\tex\generic\oberdiek\gettitlestring.sty"
Package: gettitlestring 2010/12/03 v1.4 Cleanup title references (HO)
)
\c@section@level=\count125
)
LaTeX Info: Redefining \ref on input line 71.
LaTeX Info: Redefining \pageref on input line 71.
LaTeX Info: Redefining \nameref on input line 71.

(C:\Users\John\Documents\ASEN5010\HomeworkArchive\Project\AIAA-TeX\ASEN5010Proj
ect.out)
(C:\Users\John\Documents\ASEN5010\HomeworkArchive\Project\AIAA-TeX\ASEN5010Proj
ect.out)
\@outlinefile=\write3
Package caption Info: Begin \AtBeginDocument code.
Package caption Info: End \AtBeginDocument code.
LaTeX Font Info:    Font shape `OT1/ptm/bx/n' in size <17.28> not available
(Font)              Font shape `OT1/ptm/b/n' tried instead on input line 74.
LaTeX Font Info:    Try loading font information for OMS+ptm on input line 74.
 ("C:\Program Files\MiKTeX 2.9\tex\latex\psnfss\omsptm.fd"
File: omsptm.fd 
)
LaTeX Font Info:    Font shape `OMS/ptm/m/n' in size <8> not available
(Font)              Font shape `OMS/cmsy/m/n' tried instead on input line 74.
LaTeX Font Info:    Font shape `OT1/ptm/bx/n' in size <10> not available
(Font)              Font shape `OT1/ptm/b/n' tried instead on input line 74.
LaTeX Font Info:    Font shape `OMS/ptm/m/n' in size <6> not available
(Font)              Font shape `OMS/cmsy/m/n' tried instead on input line 74.
LaTeX Font Info:    Font shape `OT1/ptm/bx/n' in size <12> not available
(Font)              Font shape `OT1/ptm/b/n' tried instead on input line 79.
\tmpht=\dimen146
 [1

{C:/ProgramData/MiKTeX/2.9/pdftex/config/pdftex.map}]
<Figures/MRP_Prop.png, id=67, 421.575pt x 152.82094pt>
File: Figures/MRP_Prop.png Graphic file (type png)

<use Figures/MRP_Prop.png>
Package pdftex.def Info: Figures/MRP_Prop.png used on input line 130.
(pdftex.def)             Requested size: 400.49397pt x 145.17905pt.

<Figures/w_Prop.png, id=68, 421.575pt x 152.82094pt>
File: Figures/w_Prop.png Graphic file (type png)
 <use Figures/w_Prop.png>
Package pdftex.def Info: Figures/w_Prop.png used on input line 136.
(pdftex.def)             Requested size: 421.57396pt x 152.82054pt.

<Figures/dH.png, id=71, 421.575pt x 143.78719pt>
File: Figures/dH.png Graphic file (type png)
 <use Figures/dH.png>
Package pdftex.def Info: Figures/dH.png used on input line 143.
(pdftex.def)             Requested size: 421.57396pt x 143.78683pt.

<Figures/dT.png, id=72, 421.575pt x 143.03438pt>
File: Figures/dT.png Graphic file (type png)
 <use Figures/dT.png>
Package pdftex.def Info: Figures/dT.png used on input line 149.
(pdftex.def)             Requested size: 421.57396pt x 143.03401pt.
 [2 <C:/Users/John/Documents/ASEN5010/HomeworkArchive/Project/AIAA-TeX/Figures/
MRP_Prop.png (PNG copy)>] [3 <C:/Users/John/Documents/ASEN5010/HomeworkArchive/
Project/AIAA-TeX/Figures/w_Prop.png (PNG copy)> <C:/Users/John/Documents/ASEN50
10/HomeworkArchive/Project/AIAA-TeX/Figures/dH.png (PNG copy)> <C:/Users/John/D
ocuments/ASEN5010/HomeworkArchive/Project/AIAA-TeX/Figures/dT.png (PNG copy)>]
<Figures/NominalMRP.png, id=95, 422.32782pt x 140.77594pt>
File: Figures/NominalMRP.png Graphic file (type png)

<use Figures/NominalMRP.png>
Package pdftex.def Info: Figures/NominalMRP.png used on input line 162.
(pdftex.def)             Requested size: 422.32678pt x 140.77557pt.

<Figures/NominalRates.png, id=96, 421.575pt x 145.29282pt>
File: Figures/NominalRates.png Graphic file (type png)

<use Figures/NominalRates.png>
Package pdftex.def Info: Figures/NominalRates.png used on input line 168.
(pdftex.def)             Requested size: 421.57396pt x 145.29245pt.

<Figures/NominalU.png, id=97, 422.32782pt x 137.7647pt>
File: Figures/NominalU.png Graphic file (type png)

<use Figures/NominalU.png>
Package pdftex.def Info: Figures/NominalU.png used on input line 174.
(pdftex.def)             Requested size: 422.32678pt x 137.76434pt.

<Figures/InitRatesMRP.png, id=101, 421.575pt x 143.78719pt>
File: Figures/InitRatesMRP.png Graphic file (type png)

<use Figures/InitRatesMRP.png>
Package pdftex.def Info: Figures/InitRatesMRP.png used on input line 184.
(pdftex.def)             Requested size: 421.57396pt x 143.78683pt.

<Figures/InitRatesRates.png, id=102, 421.575pt x 146.04562pt>
File: Figures/InitRatesRates.png Graphic file (type png)

<use Figures/InitRatesRates.png>
Package pdftex.def Info: Figures/InitRatesRates.png used on input line 190.
(pdftex.def)             Requested size: 421.57396pt x 146.04524pt.

<Figures/InitRatesU.png, id=103, 421.575pt x 146.79843pt>
File: Figures/InitRatesU.png Graphic file (type png)

<use Figures/InitRatesU.png>
Package pdftex.def Info: Figures/InitRatesU.png used on input line 196.
(pdftex.def)             Requested size: 421.57396pt x 146.79807pt.
 [4 <C:/Users/John/Documents/ASEN5010/HomeworkArchive/Project/AIAA-TeX/Figures/
NominalMRP.png (PNG copy)> <C:/Users/John/Documents/ASEN5010/HomeworkArchive/Pr
oject/AIAA-TeX/Figures/NominalRates.png (PNG copy)> <C:/Users/John/Documents/AS
EN5010/HomeworkArchive/Project/AIAA-TeX/Figures/NominalU.png (PNG copy)>] <Figu
res/IOffMRP.png, id=115, 421.575pt x 146.04562pt>
File: Figures/IOffMRP.png Graphic file (type png)

<use Figures/IOffMRP.png>
Package pdftex.def Info: Figures/IOffMRP.png used on input line 205.
(pdftex.def)             Requested size: 421.57396pt x 146.04524pt.

<Figures/IOffRates.png, id=116, 421.575pt x 148.30406pt>
File: Figures/IOffRates.png Graphic file (type png)

<use Figures/IOffRates.png>
Package pdftex.def Info: Figures/IOffRates.png used on input line 211.
(pdftex.def)             Requested size: 421.57396pt x 148.30368pt.

<Figures/IOffU.png, id=117, 422.32782pt x 133.24782pt>
File: Figures/IOffU.png Graphic file (type png)
 <use Figures/IOffU.png>
Package pdftex.def Info: Figures/IOffU.png used on input line 217.
(pdftex.def)             Requested size: 422.32678pt x 133.24748pt.

[5 <C:/Users/John/Documents/ASEN5010/HomeworkArchive/Project/AIAA-TeX/Figures/I
nitRatesMRP.png (PNG copy)> <C:/Users/John/Documents/ASEN5010/HomeworkArchive/P
roject/AIAA-TeX/Figures/InitRatesRates.png (PNG copy)> <C:/Users/John/Documents
/ASEN5010/HomeworkArchive/Project/AIAA-TeX/Figures/InitRatesU.png (PNG copy)>]
[6 <C:/Users/John/Documents/ASEN5010/HomeworkArchive/Project/AIAA-TeX/Figures/I
OffMRP.png (PNG copy)> <C:/Users/John/Documents/ASEN5010/HomeworkArchive/Projec
t/AIAA-TeX/Figures/IOffRates.png (PNG copy)> <C:/Users/John/Documents/ASEN5010/
HomeworkArchive/Project/AIAA-TeX/Figures/IOffU.png (PNG copy)>]
(C:\Users\John\Documents\ASEN5010\HomeworkArchive\Project\AIAA-TeX\ASEN5010Proj
ect.bbl) 
AED: lastpage setting LastPage
[7]
Package atveryend Info: Empty hook `BeforeClearDocument' on input line 234.
Package atveryend Info: Empty hook `AfterLastShipout' on input line 234.

(C:\Users\John\Documents\ASEN5010\HomeworkArchive\Project\AIAA-TeX\ASEN5010Proj
ect.aux)
Package atveryend Info: Executing hook `AtVeryEndDocument' on input line 234.


 *File List*
 aiaaNew.cls    1996/03/03 v1.0 AIAA document class
 article.cls    2007/10/19 v1.4h Standard LaTeX document class
  size10.clo    2007/10/19 v1.4h Standard LaTeX file (size option)
lastpage.sty    2013/01/28 v1.2l Refers to last page's name (HMM; JPG)
graphicx.sty    1999/02/16 v1.0f Enhanced LaTeX Graphics (DPC,SPQR)
  keyval.sty    1999/03/16 v1.13 key=value parser (DPC)
graphics.sty    2009/02/05 v1.0o Standard LaTeX Graphics (DPC,SPQR)
    trig.sty    1999/03/16 v1.09 sin cos tan (DPC)
graphics.cfg    2007/01/18 v1.5 graphics configuration of teTeX/TeXLive
  pdftex.def    2011/05/27 v0.06d Graphics/color for pdfTeX
infwarerr.sty    2010/04/08 v1.3 Providing info/warning/error messages (HO)
 ltxcmds.sty    2011/11/09 v1.22 LaTeX kernel commands for general use (HO)
hyperref.sty    2012/11/06 v6.83m Hypertext links for LaTeX
hobsub-hyperref.sty    2012/04/25 v1.12 Bundle oberdiek, subset hyperref (HO)
hobsub-generic.sty    2012/04/25 v1.12 Bundle oberdiek, subset generic (HO)
  hobsub.sty    2012/04/25 v1.12 Construct package bundles (HO)
ifluatex.sty    2010/03/01 v1.3 Provides the ifluatex switch (HO)
  ifvtex.sty    2010/03/01 v1.5 Detect VTeX and its facilities (HO)
 intcalc.sty    2007/09/27 v1.1 Expandable calculations with integers (HO)
   ifpdf.sty    2011/01/30 v2.3 Provides the ifpdf switch (HO)
etexcmds.sty    2011/02/16 v1.5 Avoid name clashes with e-TeX commands (HO)
kvsetkeys.sty    2012/04/25 v1.16 Key value parser (HO)
kvdefinekeys.sty    2011/04/07 v1.3 Define keys (HO)
pdftexcmds.sty    2011/11/29 v0.20 Utility functions of pdfTeX for LuaTeX (HO)
pdfescape.sty    2011/11/25 v1.13 Implements pdfTeX's escape features (HO)
bigintcalc.sty    2012/04/08 v1.3 Expandable calculations on big integers (HO)
  bitset.sty    2011/01/30 v1.1 Handle bit-vector datatype (HO)
uniquecounter.sty    2011/01/30 v1.2 Provide unlimited unique counter (HO)
letltxmacro.sty    2010/09/02 v1.4 Let assignment for LaTeX macros (HO)
 hopatch.sty    2011/06/24 v1.1 Wrapper for package hooks (HO)
xcolor-patch.sty    2011/01/30 xcolor patch
atveryend.sty    2011/06/30 v1.8 Hooks at the very end of document (HO)
atbegshi.sty    2011/10/05 v1.16 At begin shipout hook (HO)
refcount.sty    2011/10/16 v3.4 Data extraction from label references (HO)
 hycolor.sty    2011/01/30 v1.7 Color options for hyperref/bookmark (HO)
 ifxetex.sty    2010/09/12 v0.6 Provides ifxetex conditional
 auxhook.sty    2011/03/04 v1.3 Hooks for auxiliary files (HO)
kvoptions.sty    2011/06/30 v3.11 Key value format for package options (HO)
  pd1enc.def    2012/11/06 v6.83m Hyperref: PDFDocEncoding definition (HO)
hyperref.cfg    2002/06/06 v1.2 hyperref configuration of TeXLive
     url.sty    2006/04/12  ver 3.3  Verb mode for urls, etc.
 hpdftex.def    2012/11/06 v6.83m Hyperref driver for pdfTeX
rerunfilecheck.sty    2011/04/15 v1.7 Rerun checks for auxiliary files (HO)
overcite.sty    1999/04/23  v 3.8
caption2.sty    2013/02/03 v2.2-62 Customising captions (AR)
caption3.sty    2013/05/02 v1.6-88 caption3 kernel (AR)
fancyhdr.sty    
   times.sty    2005/04/12 PSNFSS-v9.2a (SPQR) 
 amsmath.sty    2013/01/14 v2.14 AMS math features
 amstext.sty    2000/06/29 v2.01
  amsgen.sty    1999/11/30 v2.0
  amsbsy.sty    1999/11/29 v1.2d
  amsopn.sty    1999/12/14 v2.01 operator names
      bm.sty    2004/02/26 v1.1c Bold Symbol Support (DPC/FMi)
subfigure.sty    2002/07/30 v2.1.4 subfigure package
subfigure.cfg
   tabls.sty    
fixltx2e.sty    2006/09/13 v1.1m fixes to LaTeX
mathtools.sty    2013/02/12 v1.13 mathematical typesetting tools
    calc.sty    2007/08/22 v4.3 Infix arithmetic (KKT,FJ)
 mhsetup.sty    2010/01/21 v1.2a programming setup (MH)
  ot1ptm.fd    2001/06/04 font definitions for OT1/ptm.
supp-pdf.mkii
   color.sty    2005/11/14 v1.0j Standard LaTeX Color (DPC)
   color.cfg    2007/01/18 v1.5 color configuration of teTeX/TeXLive
 nameref.sty    2012/10/27 v2.43 Cross-referencing by name of section
gettitlestring.sty    2010/12/03 v1.4 Cleanup title references (HO)
ASEN5010Project.out
ASEN5010Project.out
  omsptm.fd    
Figures/MRP_Prop.png
Figures/w_Prop.png
Figures/dH.png
Figures/dT.png
Figures/NominalMRP.png
Figures/NominalRates.png
Figures/NominalU.png
Figures/InitRatesMRP.png
Figures/InitRatesRates.png
Figures/InitRatesU.png
Figures/IOffMRP.png
Figures/IOffRates.png
Figures/IOffU.png
ASEN5010Project.bbl
 ***********

Package atveryend Info: Executing hook `AtEndAfterFileList' on input line 234.
Package rerunfilecheck Info: File `ASEN5010Project.out' has not changed.
(rerunfilecheck)             Checksum: 4CBC09347E5A19D0874B05AE737C27A0;550.
Package atveryend Info: Empty hook `AtVeryVeryEnd' on input line 234.
 ) 
Here is how much of TeX's memory you used:
 7584 strings out of 493921
 113703 string characters out of 3147286
 203391 words of memory out of 3000000
 10712 multiletter control sequences out of 15000+200000
 32029 words of font info for 72 fonts, out of 3000000 for 9000
 841 hyphenation exceptions out of 8191
 43i,12n,45p,1057b,359s stack positions out of 5000i,500n,10000p,200000b,50000s
pdfTeX warning (dest): name{Hfootnote.1} has been referenced but does not exi
st, replaced by a fixed one

{C:/Program Files/MiKTeX 2.9/fonts/enc/dvips/fontname/8r.enc}<C:/Program Files/
MiKTeX 2.9/fonts/type1/public/amsfonts/cm/cmb10.pfb><C:/Program Files/MiKTeX 2.
9/fonts/type1/public/amsfonts/cm/cmbx10.pfb><C:/Program Files/MiKTeX 2.9/fonts/
type1/public/amsfonts/cm/cmex10.pfb><C:/Program Files/MiKTeX 2.9/fonts/type1/pu
blic/amsfonts/cm/cmmi10.pfb><C:/Program Files/MiKTeX 2.9/fonts/type1/public/ams
fonts/cm/cmmi7.pfb><C:/Program Files/MiKTeX 2.9/fonts/type1/public/amsfonts/cm/
cmmib10.pfb><C:/Program Files/MiKTeX 2.9/fonts/type1/public/amsfonts/cm/cmr10.p
fb><C:/Program Files/MiKTeX 2.9/fonts/type1/public/amsfonts/cm/cmr6.pfb><C:/Pro
gram Files/MiKTeX 2.9/fonts/type1/public/amsfonts/cm/cmr7.pfb><C:/Program Files
/MiKTeX 2.9/fonts/type1/public/amsfonts/cm/cmsy10.pfb><C:/Program Files/MiKTeX 
2.9/fonts/type1/public/amsfonts/cm/cmsy6.pfb><C:/Program Files/MiKTeX 2.9/fonts
/type1/public/amsfonts/cm/cmsy7.pfb><C:/Program Files/MiKTeX 2.9/fonts/type1/pu
blic/amsfonts/cm/cmsy8.pfb><C:/Program Files/MiKTeX 2.9/fonts/type1/urw/times/u
tmb8a.pfb><C:/Program Files/MiKTeX 2.9/fonts/type1/urw/times/utmr8a.pfb><C:/Pro
gram Files/MiKTeX 2.9/fonts/type1/urw/times/utmri8a.pfb>
Output written on ASEN5010Project.pdf (7 pages, 251933 bytes).
PDF statistics:
 201 PDF objects out of 1000 (max. 8388607)
 36 named destinations out of 1000 (max. 500000)
 130 words of extra memory for PDF output out of 10000 (max. 10000000)

