This is pdfTeX, Version 3.1415926-2.4-1.40.13 (MiKTeX 2.9 64-bit) (preloaded format=pdftex 2014.4.6)  28 SEP 2014 14:37
entering extended mode
**C:/Users/John/Documents/ASEN5090_GNSS/Homework/HW3/AIAA-TeX/ASEN5010ProjectBi
b.bib

(C:/Users/John/Documents/ASEN5090_GNSS/Homework/HW3/AIAA-TeX/ASEN5010ProjectBib
.bib
! Missing $ inserted.
<inserted text> 
                $
<to be read again> 
                   _
l.16 ...d.com/wp-content/uploads/2014/07/GPSWorld_
                                                  Almanac_August2014.pdf"
? 
! Emergency stop.
<inserted text> 
                $
<to be read again> 
                   _
l.16 ...d.com/wp-content/uploads/2014/07/GPSWorld_
                                                  Almanac_August2014.pdf"
End of file on the terminal!

!  ==> Fatal error occurred, no output PDF file produced!
