This is pdfTeX, Version 3.1415926-2.4-1.40.13 (MiKTeX 2.9 64-bit) (preloaded format=pdflatex 2014.4.5)  8 NOV 2016 07:30
entering extended mode
**C:/Users/John/Documents/Astro/ASEN6060_AdvAstro/Project/Clouse_ASEN6060_HW4.t
ex

(C:/Users/John/Documents/Astro/ASEN6060_AdvAstro/Project/Clouse_ASEN6060_HW4.te
x
LaTeX2e <2011/06/27>
Babel <v3.8m> and hyphenation patterns for english, afrikaans, ancientgreek, ar
abic, armenian, assamese, basque, bengali, bokmal, bulgarian, catalan, coptic, 
croatian, czech, danish, dutch, esperanto, estonian, farsi, finnish, french, ga
lician, german, german-x-2012-05-30, greek, gujarati, hindi, hungarian, iceland
ic, indonesian, interlingua, irish, italian, kannada, kurmanji, latin, latvian,
 lithuanian, malayalam, marathi, mongolian, mongolianlmc, monogreek, ngerman, n
german-x-2012-05-30, nynorsk, oriya, panjabi, pinyin, polish, portuguese, roman
ian, russian, sanskrit, serbian, slovak, slovenian, spanish, swedish, swissgerm
an, tamil, telugu, turkish, turkmen, ukenglish, ukrainian, uppersorbian, usengl
ishmax, welsh, loaded.

If latex fails to find aiaa-tc, read the README file!
("C:\Program Files\MiKTeX 2.9\tex\latex\aiaa\aiaa-tc.cls"
Document Class: aiaa-tc 2004/04/03 v3.5 AIAA technical conference paper
("C:\Program Files\MiKTeX 2.9\tex\latex\base\article.cls"
Document Class: article 2007/10/19 v1.4h Standard LaTeX document class
("C:\Program Files\MiKTeX 2.9\tex\latex\base\size10.clo"
File: size10.clo 2007/10/19 v1.4h Standard LaTeX file (size option)
)
\c@part=\count79
\c@section=\count80
\c@subsection=\count81
\c@subsubsection=\count82
\c@paragraph=\count83
\c@subparagraph=\count84
\c@figure=\count85
\c@table=\count86
\abovecaptionskip=\skip41
\belowcaptionskip=\skip42
\bibindent=\dimen102
)
("C:\Program Files\MiKTeX 2.9\tex\latex\geometry\geometry.sty"
Package: geometry 2010/09/12 v5.6 Page Geometry

("C:\Program Files\MiKTeX 2.9\tex\latex\graphics\keyval.sty"
Package: keyval 1999/03/16 v1.13 key=value parser (DPC)
\KV@toks@=\toks14
)
("C:\Program Files\MiKTeX 2.9\tex\generic\oberdiek\ifpdf.sty"
Package: ifpdf 2011/01/30 v2.3 Provides the ifpdf switch (HO)
Package ifpdf Info: pdfTeX in PDF mode is detected.
)
("C:\Program Files\MiKTeX 2.9\tex\generic\oberdiek\ifvtex.sty"
Package: ifvtex 2010/03/01 v1.5 Detect VTeX and its facilities (HO)
Package ifvtex Info: VTeX not detected.
)
("C:\Program Files\MiKTeX 2.9\tex\generic\ifxetex\ifxetex.sty"
Package: ifxetex 2010/09/12 v0.6 Provides ifxetex conditional
)
\Gm@cnth=\count87
\Gm@cntv=\count88
\c@Gm@tempcnt=\count89
\Gm@bindingoffset=\dimen103
\Gm@wd@mp=\dimen104
\Gm@odd@mp=\dimen105
\Gm@even@mp=\dimen106
\Gm@layoutwidth=\dimen107
\Gm@layoutheight=\dimen108
\Gm@layouthoffset=\dimen109
\Gm@layoutvoffset=\dimen110
\Gm@dimlist=\toks15

("C:\Program Files\MiKTeX 2.9\tex\latex\geometry\geometry.cfg"))
("C:\Program Files\MiKTeX 2.9\tex\latex\graphics\graphicx.sty"
Package: graphicx 1999/02/16 v1.0f Enhanced LaTeX Graphics (DPC,SPQR)

("C:\Program Files\MiKTeX 2.9\tex\latex\graphics\graphics.sty"
Package: graphics 2009/02/05 v1.0o Standard LaTeX Graphics (DPC,SPQR)

("C:\Program Files\MiKTeX 2.9\tex\latex\graphics\trig.sty"
Package: trig 1999/03/16 v1.09 sin cos tan (DPC)
)
("C:\Program Files\MiKTeX 2.9\tex\latex\00miktex\graphics.cfg"
File: graphics.cfg 2007/01/18 v1.5 graphics configuration of teTeX/TeXLive
)
Package graphics Info: Driver file: pdftex.def on input line 91.

("C:\Program Files\MiKTeX 2.9\tex\latex\pdftex-def\pdftex.def"
File: pdftex.def 2011/05/27 v0.06d Graphics/color for pdfTeX

("C:\Program Files\MiKTeX 2.9\tex\generic\oberdiek\infwarerr.sty"
Package: infwarerr 2010/04/08 v1.3 Providing info/warning/error messages (HO)
)
("C:\Program Files\MiKTeX 2.9\tex\generic\oberdiek\ltxcmds.sty"
Package: ltxcmds 2011/11/09 v1.22 LaTeX kernel commands for general use (HO)
)
\Gread@gobject=\count90
))
\Gin@req@height=\dimen111
\Gin@req@width=\dimen112
)
("C:\Program Files\MiKTeX 2.9\tex\latex\tools\array.sty"
Package: array 2008/09/09 v2.4c Tabular extension package (FMi)
\col@sep=\dimen113
\extrarowheight=\dimen114
\NC@list=\toks16
\extratabsurround=\skip43
\backup@length=\skip44
)
("C:\Program Files\MiKTeX 2.9\tex\latex\cite\overcite.sty"
Package: overcite 1999/04/23  v 3.8
)
("C:\Program Files\MiKTeX 2.9\tex\latex\lastpage\lastpage.sty"
Package: lastpage 2013/01/28 v1.2l Refers to last page's name (HMM; JPG)
)
("C:\Program Files\MiKTeX 2.9\tex\latex\fancyhdr\fancyhdr.sty"
\fancy@headwidth=\skip45
\f@ncyO@elh=\skip46
\f@ncyO@erh=\skip47
\f@ncyO@olh=\skip48
\f@ncyO@orh=\skip49
\f@ncyO@elf=\skip50
\f@ncyO@erf=\skip51
\f@ncyO@olf=\skip52
\f@ncyO@orf=\skip53
)
\c@aiaa@cthanks=\count91
\c@aiaa@cfootnote=\count92
)
("C:\Program Files\MiKTeX 2.9\tex\latex\float\float.sty"
Package: float 2001/11/08 v1.3d Float enhancements (AL)
\c@float@type=\count93
\float@exts=\toks17
\float@box=\box26
\@float@everytoks=\toks18
\@floatcapt=\box27
)
("C:\Program Files\MiKTeX 2.9\tex\latex\oberdiek\epstopdf.sty"
Package: epstopdf 2010/02/09 v2.5 Conversion with epstopdf on the fly (HO)

("C:\Program Files\MiKTeX 2.9\tex\latex\oberdiek\epstopdf-base.sty"
Package: epstopdf-base 2010/02/09 v2.5 Base part for package epstopdf

("C:\Program Files\MiKTeX 2.9\tex\latex\oberdiek\grfext.sty"
Package: grfext 2010/08/19 v1.1 Manage graphics extensions (HO)

("C:\Program Files\MiKTeX 2.9\tex\generic\oberdiek\kvdefinekeys.sty"
Package: kvdefinekeys 2011/04/07 v1.3 Define keys (HO)
))
("C:\Program Files\MiKTeX 2.9\tex\latex\oberdiek\kvoptions.sty"
Package: kvoptions 2011/06/30 v3.11 Key value format for package options (HO)

("C:\Program Files\MiKTeX 2.9\tex\generic\oberdiek\kvsetkeys.sty"
Package: kvsetkeys 2012/04/25 v1.16 Key value parser (HO)

("C:\Program Files\MiKTeX 2.9\tex\generic\oberdiek\etexcmds.sty"
Package: etexcmds 2011/02/16 v1.5 Avoid name clashes with e-TeX commands (HO)

("C:\Program Files\MiKTeX 2.9\tex\generic\oberdiek\ifluatex.sty"
Package: ifluatex 2010/03/01 v1.3 Provides the ifluatex switch (HO)
Package ifluatex Info: LuaTeX not detected.
)
Package etexcmds Info: Could not find \expanded.
(etexcmds)             That can mean that you are not using pdfTeX 1.50 or
(etexcmds)             that some package has redefined \expanded.
(etexcmds)             In the latter case, load this package earlier.
)))
("C:\Program Files\MiKTeX 2.9\tex\generic\oberdiek\pdftexcmds.sty"
Package: pdftexcmds 2011/11/29 v0.20 Utility functions of pdfTeX for LuaTeX (HO
)
Package pdftexcmds Info: LuaTeX not detected.
Package pdftexcmds Info: \pdf@primitive is available.
Package pdftexcmds Info: \pdf@ifprimitive is available.
Package pdftexcmds Info: \pdfdraftmode found.
)
Package grfext Info: Graphics extension search list:
(grfext)             [.png,.pdf,.jpg,.mps,.jpeg,.jbig2,.jb2,.PNG,.PDF,.JPG,.JPE
G,.JBIG2,.JB2,.eps]
(grfext)             \AppendGraphicsExtensions on input line 452.
))
("C:\Program Files\MiKTeX 2.9\tex\latex\amsmath\amsmath.sty"
Package: amsmath 2013/01/14 v2.14 AMS math features
\@mathmargin=\skip54

For additional information on amsmath, use the `?' option.
("C:\Program Files\MiKTeX 2.9\tex\latex\amsmath\amstext.sty"
Package: amstext 2000/06/29 v2.01

("C:\Program Files\MiKTeX 2.9\tex\latex\amsmath\amsgen.sty"
File: amsgen.sty 1999/11/30 v2.0
\@emptytoks=\toks19
\ex@=\dimen115
))
("C:\Program Files\MiKTeX 2.9\tex\latex\amsmath\amsbsy.sty"
Package: amsbsy 1999/11/29 v1.2d
\pmbraise@=\dimen116
)
("C:\Program Files\MiKTeX 2.9\tex\latex\amsmath\amsopn.sty"
Package: amsopn 1999/12/14 v2.01 operator names
)
\inf@bad=\count94
LaTeX Info: Redefining \frac on input line 210.
\uproot@=\count95
\leftroot@=\count96
LaTeX Info: Redefining \overline on input line 306.
\classnum@=\count97
\DOTSCASE@=\count98
LaTeX Info: Redefining \ldots on input line 378.
LaTeX Info: Redefining \dots on input line 381.
LaTeX Info: Redefining \cdots on input line 466.
\Mathstrutbox@=\box28
\strutbox@=\box29
\big@size=\dimen117
LaTeX Font Info:    Redeclaring font encoding OML on input line 566.
LaTeX Font Info:    Redeclaring font encoding OMS on input line 567.
\macc@depth=\count99
\c@MaxMatrixCols=\count100
\dotsspace@=\muskip10
\c@parentequation=\count101
\dspbrk@lvl=\count102
\tag@help=\toks20
\row@=\count103
\column@=\count104
\maxfields@=\count105
\andhelp@=\toks21
\eqnshift@=\dimen118
\alignsep@=\dimen119
\tagshift@=\dimen120
\tagwidth@=\dimen121
\totwidth@=\dimen122
\lineht@=\dimen123
\@envbody=\toks22
\multlinegap=\skip55
\multlinetaggap=\skip56
\mathdisplay@stack=\toks23
LaTeX Info: Redefining \[ on input line 2665.
LaTeX Info: Redefining \] on input line 2666.
)
("C:\Program Files\MiKTeX 2.9\tex\latex\xcolor\xcolor.sty"
Package: xcolor 2007/01/21 v2.11 LaTeX color extensions (UK)

("C:\Program Files\MiKTeX 2.9\tex\latex\00miktex\color.cfg"
File: color.cfg 2007/01/18 v1.5 color configuration of teTeX/TeXLive
)
Package xcolor Info: Driver file: pdftex.def on input line 225.

("C:\Program Files\MiKTeX 2.9\tex\latex\colortbl\colortbl.sty"
Package: colortbl 2012/02/13 v1.0a Color table columns (DPC)
\everycr=\toks24
\minrowclearance=\skip57
)
\rownum=\count106
Package xcolor Info: Model `cmy' substituted by `cmy0' on input line 1337.
Package xcolor Info: Model `hsb' substituted by `rgb' on input line 1341.
Package xcolor Info: Model `RGB' extended on input line 1353.
Package xcolor Info: Model `HTML' substituted by `rgb' on input line 1355.
Package xcolor Info: Model `Hsb' substituted by `hsb' on input line 1356.
Package xcolor Info: Model `tHsb' substituted by `hsb' on input line 1357.
Package xcolor Info: Model `HSB' substituted by `hsb' on input line 1358.
Package xcolor Info: Model `Gray' substituted by `gray' on input line 1359.
Package xcolor Info: Model `wave' substituted by `hsb' on input line 1360.
)
("C:\Program Files\MiKTeX 2.9\tex\latex\textgreek\textgreek.sty"
Package: textgreek 2011/10/09 v0.7 Greek symbols in text
Package textgreek Info: Loading the definitions for the Greek fontencoding. on 
input line 39.

("C:\Program Files\MiKTeX 2.9\tex\generic\babel\lgrenc.def"
File: lgrenc.def 2008/06/17 v2.3 Greek Encoding
)
Package textgreek Info: Loaded fontmap: {phv/*/*}{U/psy/*/*} {*/bx/n}{U/eur/b/n
} {*/b/n}{U/eur/b/n} {*/*/n}{U/eur/m/n} {*/*/it}{OML/*/*/*}. on input line 69.
)
("C:\Program Files\MiKTeX 2.9\tex\latex\hyperref\hyperref.sty"
Package: hyperref 2012/11/06 v6.83m Hypertext links for LaTeX

("C:\Program Files\MiKTeX 2.9\tex\generic\oberdiek\hobsub-hyperref.sty"
Package: hobsub-hyperref 2012/04/25 v1.12 Bundle oberdiek, subset hyperref (HO)


("C:\Program Files\MiKTeX 2.9\tex\generic\oberdiek\hobsub-generic.sty"
Package: hobsub-generic 2012/04/25 v1.12 Bundle oberdiek, subset generic (HO)
Package: hobsub 2012/04/25 v1.12 Construct package bundles (HO)
Package hobsub Info: Skipping package `infwarerr' (already loaded).
Package hobsub Info: Skipping package `ltxcmds' (already loaded).
Package hobsub Info: Skipping package `ifluatex' (already loaded).
Package hobsub Info: Skipping package `ifvtex' (already loaded).
Package: intcalc 2007/09/27 v1.1 Expandable calculations with integers (HO)
Package hobsub Info: Skipping package `ifpdf' (already loaded).
Package hobsub Info: Skipping package `etexcmds' (already loaded).
Package hobsub Info: Skipping package `kvsetkeys' (already loaded).
Package hobsub Info: Skipping package `kvdefinekeys' (already loaded).
Package hobsub Info: Skipping package `pdftexcmds' (already loaded).
Package: pdfescape 2011/11/25 v1.13 Implements pdfTeX's escape features (HO)
Package: bigintcalc 2012/04/08 v1.3 Expandable calculations on big integers (HO
)
Package: bitset 2011/01/30 v1.1 Handle bit-vector datatype (HO)
Package: uniquecounter 2011/01/30 v1.2 Provide unlimited unique counter (HO)
)
Package hobsub Info: Skipping package `hobsub' (already loaded).
Package: letltxmacro 2010/09/02 v1.4 Let assignment for LaTeX macros (HO)
Package: hopatch 2011/06/24 v1.1 Wrapper for package hooks (HO)
Package: xcolor-patch 2011/01/30 xcolor patch
Package: atveryend 2011/06/30 v1.8 Hooks at the very end of document (HO)
Package atveryend Info: \enddocument detected (standard20110627).
Package: atbegshi 2011/10/05 v1.16 At begin shipout hook (HO)
Package: refcount 2011/10/16 v3.4 Data extraction from label references (HO)
Package: hycolor 2011/01/30 v1.7 Color options for hyperref/bookmark (HO)
)
("C:\Program Files\MiKTeX 2.9\tex\latex\oberdiek\auxhook.sty"
Package: auxhook 2011/03/04 v1.3 Hooks for auxiliary files (HO)
)
\@linkdim=\dimen124
\Hy@linkcounter=\count107
\Hy@pagecounter=\count108

("C:\Program Files\MiKTeX 2.9\tex\latex\hyperref\pd1enc.def"
File: pd1enc.def 2012/11/06 v6.83m Hyperref: PDFDocEncoding definition (HO)
)
\Hy@SavedSpaceFactor=\count109

("C:\Program Files\MiKTeX 2.9\tex\latex\00miktex\hyperref.cfg"
File: hyperref.cfg 2002/06/06 v1.2 hyperref configuration of TeXLive
)
Package hyperref Info: Option `colorlinks' set `true' on input line 4319.
Package hyperref Info: Hyper figures OFF on input line 4443.
Package hyperref Info: Link nesting OFF on input line 4448.
Package hyperref Info: Hyper index ON on input line 4451.
Package hyperref Info: Plain pages OFF on input line 4458.
Package hyperref Info: Backreferencing OFF on input line 4463.
Package hyperref Info: Implicit mode ON; LaTeX internals redefined.
Package hyperref Info: Bookmarks ON on input line 4688.
\c@Hy@tempcnt=\count110

("C:\Program Files\MiKTeX 2.9\tex\latex\ltxmisc\url.sty"
\Urlmuskip=\muskip11
Package: url 2006/04/12  ver 3.3  Verb mode for urls, etc.
)
LaTeX Info: Redefining \url on input line 5041.
\XeTeXLinkMargin=\dimen125
\Fld@menulength=\count111
\Field@Width=\dimen126
\Fld@charsize=\dimen127
Package hyperref Info: Hyper figures OFF on input line 6295.
Package hyperref Info: Link nesting OFF on input line 6300.
Package hyperref Info: Hyper index ON on input line 6303.
Package hyperref Info: backreferencing OFF on input line 6310.
Package hyperref Info: Link coloring ON on input line 6313.
Package hyperref Info: Link coloring with OCG OFF on input line 6320.
Package hyperref Info: PDF/A mode OFF on input line 6325.
LaTeX Info: Redefining \ref on input line 6365.
LaTeX Info: Redefining \pageref on input line 6369.
\Hy@abspage=\count112
\c@Item=\count113
\c@Hfootnote=\count114
)

Package hyperref Message: Driver (autodetected): hpdftex.

("C:\Program Files\MiKTeX 2.9\tex\latex\hyperref\hpdftex.def"
File: hpdftex.def 2012/11/06 v6.83m Hyperref driver for pdfTeX
\Fld@listcount=\count115
\c@bookmark@seq@number=\count116

("C:\Program Files\MiKTeX 2.9\tex\latex\oberdiek\rerunfilecheck.sty"
Package: rerunfilecheck 2011/04/15 v1.7 Rerun checks for auxiliary files (HO)
Package uniquecounter Info: New unique counter `rerunfilecheck' on input line 2
82.
)
\Hy@SectionHShift=\skip58
)
("C:\Program Files\MiKTeX 2.9\tex\latex\listings\listings.sty"
\lst@mode=\count117
\lst@gtempboxa=\box30
\lst@token=\toks25
\lst@length=\count118
\lst@currlwidth=\dimen128
\lst@column=\count119
\lst@pos=\count120
\lst@lostspace=\dimen129
\lst@width=\dimen130
\lst@newlines=\count121
\lst@lineno=\count122
\lst@maxwidth=\dimen131

("C:\Program Files\MiKTeX 2.9\tex\latex\listings\lstmisc.sty"
File: lstmisc.sty 2007/02/22 1.4 (Carsten Heinz)
\c@lstnumber=\count123
\lst@skipnumbers=\count124
\lst@framebox=\box31
)
("C:\Program Files\MiKTeX 2.9\tex\latex\listings\listings.cfg"
File: listings.cfg 2007/02/22 1.4 listings configuration
))
Package: listings 2007/02/22 1.4 (Carsten Heinz)

("C:\Program Files\MiKTeX 2.9\tex\latex\tablefootnote\tablefootnote.sty"
Package: tablefootnote 2012/07/29 v1.0h Table foot notes (HMM)

("C:\Program Files\MiKTeX 2.9\tex\latex\etoolbox\etoolbox.sty"
Package: etoolbox 2011/01/03 v2.1 e-TeX tools for LaTeX

("C:\Program Files\MiKTeX 2.9\tex\latex\misc\etex.sty"
Package: etex 1998/03/26 v2.0 eTeX basic definition package (PEB)
\et@xins=\count125
)
\etb@tempcnta=\count126
))
("C:\Program Files\MiKTeX 2.9\tex\latex\tools\bm.sty"
Package: bm 2004/02/26 v1.1c Bold Symbol Support (DPC/FMi)
\symboldoperators=\mathgroup4
\symboldletters=\mathgroup5
\symboldsymbols=\mathgroup6
LaTeX Font Info:    Redeclaring math alphabet \mathbf on input line 138.
LaTeX Info: Redefining \bm on input line 204.
)
("C:\Program Files\MiKTeX 2.9\tex\latex\subfigure\subfigure.sty"
Package: subfigure 2002/07/30 v2.1.4 subfigure package
\subfigtopskip=\skip59
\subfigcapskip=\skip60
\subfigcaptopadj=\dimen132
\subfigbottomskip=\skip61
\subfigcapmargin=\dimen133
\subfiglabelskip=\skip62
\c@subfigure=\count127
\c@lofdepth=\count128
\c@subtable=\count129
\c@lotdepth=\count130

****************************************
* Local config file subfigure.cfg used *
****************************************
("C:\Program Files\MiKTeX 2.9\tex\latex\subfigure\subfigure.cfg")
\subfig@top=\skip63
\subfig@bottom=\skip64
)
(C:\Users\John\Documents\Astro\ASEN6060_AdvAstro\Project\Clouse_ASEN6060_HW4.au
x)
LaTeX Font Info:    Checking defaults for OML/cmm/m/it on input line 113.
LaTeX Font Info:    ... okay on input line 113.
LaTeX Font Info:    Checking defaults for T1/cmr/m/n on input line 113.
LaTeX Font Info:    ... okay on input line 113.
LaTeX Font Info:    Checking defaults for OT1/cmr/m/n on input line 113.
LaTeX Font Info:    ... okay on input line 113.
LaTeX Font Info:    Checking defaults for OMS/cmsy/m/n on input line 113.
LaTeX Font Info:    ... okay on input line 113.
LaTeX Font Info:    Checking defaults for OMX/cmex/m/n on input line 113.
LaTeX Font Info:    ... okay on input line 113.
LaTeX Font Info:    Checking defaults for U/cmr/m/n on input line 113.
LaTeX Font Info:    ... okay on input line 113.
LaTeX Font Info:    Checking defaults for LGR/cmr/m/n on input line 113.
LaTeX Font Info:    Try loading font information for LGR+cmr on input line 113.

 ("C:\Program Files\MiKTeX 2.9\tex\generic\babel\lgrcmr.fd"
File: lgrcmr.fd 2008/06/17 v2.3 Greek Computer Modern
)
LaTeX Font Info:    ... okay on input line 113.
LaTeX Font Info:    Checking defaults for PD1/pdf/m/n on input line 113.
LaTeX Font Info:    ... okay on input line 113.

*geometry* driver: auto-detecting
*geometry* detected driver: pdftex
*geometry* verbose mode - [ preamble ] result:
* driver: pdftex
* paper: <default>
* layout: <same size as paper>
* layoutoffset:(h,v)=(0.0pt,0.0pt)
* modes: 
* h-part:(L,W,R)=(72.26999pt, 469.75502pt, 72.26999pt)
* v-part:(T,H,B)=(54.2025pt, 668.4975pt, 72.26999pt)
* \paperwidth=614.295pt
* \paperheight=794.96999pt
* \textwidth=469.75502pt
* \textheight=668.4975pt
* \oddsidemargin=0.0pt
* \evensidemargin=0.0pt
* \topmargin=-55.06749pt
* \headheight=12.0pt
* \headsep=25.0pt
* \topskip=10.0pt
* \footskip=30.0pt
* \marginparwidth=65.0pt
* \marginparsep=11.0pt
* \columnsep=10.0pt
* \skip\footins=9.0pt plus 4.0pt minus 2.0pt
* \hoffset=0.0pt
* \voffset=0.0pt
* \mag=1000
* \@twocolumnfalse
* \@twosidefalse
* \@mparswitchfalse
* \@reversemarginfalse
* (1in=72.27pt=25.4mm, 1cm=28.453pt)

("C:\Program Files\MiKTeX 2.9\tex\context\base\supp-pdf.mkii"
[Loading MPS to PDF converter (version 2006.09.02).]
\scratchcounter=\count131
\scratchdimen=\dimen134
\scratchbox=\box32
\nofMPsegments=\count132
\nofMParguments=\count133
\everyMPshowfont=\toks26
\MPscratchCnt=\count134
\MPscratchDim=\dimen135
\MPnumerator=\count135
\makeMPintoPDFobject=\count136
\everyMPtoPDFconversion=\toks27
)
Package lastpage Info: Please have a look at the pageslts package at
(lastpage)             http://www.ctan.org/tex-archive/ 
(lastpage)             macros/latex/contrib/pageslts/ 
(lastpage)             or
(lastpage)             http://www.ctan.org/tex-archive/ 
(lastpage)             install/macros/latex/contrib/pageslts.tds.zip
(lastpage)             ! on input line 113.
\AtBeginShipoutBox=\box33
Package hyperref Info: Link coloring ON on input line 113.
 ("C:\Program Files\MiKTeX 2.9\tex\latex\hyperref\nameref.sty"
Package: nameref 2012/10/27 v2.43 Cross-referencing by name of section

("C:\Program Files\MiKTeX 2.9\tex\generic\oberdiek\gettitlestring.sty"
Package: gettitlestring 2010/12/03 v1.4 Cleanup title references (HO)
)
\c@section@level=\count137
)
LaTeX Info: Redefining \ref on input line 113.
LaTeX Info: Redefining \pageref on input line 113.
LaTeX Info: Redefining \nameref on input line 113.

(C:\Users\John\Documents\Astro\ASEN6060_AdvAstro\Project\Clouse_ASEN6060_HW4.ou
t)
(C:\Users\John\Documents\Astro\ASEN6060_AdvAstro\Project\Clouse_ASEN6060_HW4.ou
t)
\@outlinefile=\write3
\c@lstlisting=\count138
 [1

{C:/ProgramData/MiKTeX/2.9/pdftex/config/pdftex.map}]
(C:\Users\John\Documents\Astro\ASEN6060_AdvAstro\Project\Clouse_ASEN6060_HW4.to
c)
\tf@toc=\write4
 [2] [3] [4]
Package epstopdf Info: Source file: <Figures/Pos_Err_Example_Orb.eps>
(epstopdf)                    date: 2016-11-06 13:13:28
(epstopdf)                    size: 12613 bytes
(epstopdf)             Output file: <Figures/Pos_Err_Example_Orb-eps-converted-
to.pdf>
(epstopdf)                    date: 2016-11-06 14:01:55
(epstopdf)                    size: 5212 bytes
(epstopdf)             Command: <epstopdf --outfile=Figures/Pos_Err_Example_Orb
-eps-converted-to.pdf Figures/Pos_Err_Example_Orb.eps>
(epstopdf)             \includegraphics on input line 285.
Package epstopdf Info: Output file is already uptodate.

<Figures/Pos_Err_Example_Orb-eps-converted-to.pdf, id=74, 492.84125pt x 409.53p
t>
File: Figures/Pos_Err_Example_Orb-eps-converted-to.pdf Graphic file (type pdf)
 <use Figures/Pos_Err_Example_Orb-eps-converted-to.pdf>
Package pdftex.def Info: Figures/Pos_Err_Example_Orb-eps-converted-to.pdf used 
on input line 285.
(pdftex.def)             Requested size: 284.53961pt x 236.44025pt.
Package epstopdf Info: Source file: <Figures/Vel_Err_Example_Orb.eps>
(epstopdf)                    date: 2016-11-06 13:13:30
(epstopdf)                    size: 118269 bytes
(epstopdf)             Output file: <Figures/Vel_Err_Example_Orb-eps-converted-
to.pdf>
(epstopdf)                    date: 2016-11-06 14:01:56
(epstopdf)                    size: 6450 bytes
(epstopdf)             Command: <epstopdf --outfile=Figures/Vel_Err_Example_Orb
-eps-converted-to.pdf Figures/Vel_Err_Example_Orb.eps>
(epstopdf)             \includegraphics on input line 288.
Package epstopdf Info: Output file is already uptodate.

<Figures/Vel_Err_Example_Orb-eps-converted-to.pdf, id=75, 492.84125pt x 409.53p
t>
File: Figures/Vel_Err_Example_Orb-eps-converted-to.pdf Graphic file (type pdf)
 <use Figures/Vel_Err_Example_Orb-eps-converted-to.pdf>
Package pdftex.def Info: Figures/Vel_Err_Example_Orb-eps-converted-to.pdf used 
on input line 288.
(pdftex.def)             Requested size: 284.53961pt x 236.44025pt.
 [5]
Package epstopdf Info: Source file: <Figures/J_conserved.eps>
(epstopdf)                    date: 2016-11-06 13:12:23
(epstopdf)                    size: 10546 bytes
(epstopdf)             Output file: <Figures/J_conserved-eps-converted-to.pdf>
(epstopdf)                    date: 2016-11-06 14:04:36
(epstopdf)                    size: 4150 bytes
(epstopdf)             Command: <epstopdf --outfile=Figures/J_conserved-eps-con
verted-to.pdf Figures/J_conserved.eps>
(epstopdf)             \includegraphics on input line 296.
Package epstopdf Info: Output file is already uptodate.

<Figures/J_conserved-eps-converted-to.pdf, id=84, 492.84125pt x 404.51125pt>
File: Figures/J_conserved-eps-converted-to.pdf Graphic file (type pdf)

<use Figures/J_conserved-eps-converted-to.pdf>
Package pdftex.def Info: Figures/J_conserved-eps-converted-to.pdf used on input
 line 296.
(pdftex.def)             Requested size: 284.53961pt x 233.5427pt.
 [6 <C:/Users/John/Documents/Astro/ASEN6060_AdvAstro/Project/Figures/Pos_Err_Ex
ample_Orb-eps-converted-to.pdf> <C:/Users/John/Documents/Astro/ASEN6060_AdvAstr
o/Project/Figures/Vel_Err_Example_Orb-eps-converted-to.pdf>]
Package epstopdf Info: Source file: <Figures/OE_Conserved_a.eps>
(epstopdf)                    date: 2016-11-06 13:34:33
(epstopdf)                    size: 33225 bytes
(epstopdf)             Output file: <Figures/OE_Conserved_a-eps-converted-to.pd
f>
(epstopdf)                    date: 2016-11-06 14:08:13
(epstopdf)                    size: 3846 bytes
(epstopdf)             Command: <epstopdf --outfile=Figures/OE_Conserved_a-eps-
converted-to.pdf Figures/OE_Conserved_a.eps>
(epstopdf)             \includegraphics on input line 306.
Package epstopdf Info: Output file is already uptodate.

<Figures/OE_Conserved_a-eps-converted-to.pdf, id=110, 508.90125pt x 414.54875pt
>
File: Figures/OE_Conserved_a-eps-converted-to.pdf Graphic file (type pdf)
 <use Figures/OE_Conserved_a-eps-converted-to.pdf>
Package pdftex.def Info: Figures/OE_Conserved_a-eps-converted-to.pdf used on in
put line 306.
(pdftex.def)             Requested size: 213.3954pt x 173.83096pt.
Package epstopdf Info: Source file: <Figures/OE_Conserved_e.eps>
(epstopdf)                    date: 2016-11-06 13:34:34
(epstopdf)                    size: 33328 bytes
(epstopdf)             Output file: <Figures/OE_Conserved_e-eps-converted-to.pd
f>
(epstopdf)                    date: 2016-11-06 14:08:15
(epstopdf)                    size: 3965 bytes
(epstopdf)             Command: <epstopdf --outfile=Figures/OE_Conserved_e-eps-
converted-to.pdf Figures/OE_Conserved_e.eps>
(epstopdf)             \includegraphics on input line 309.
Package epstopdf Info: Output file is already uptodate.

<Figures/OE_Conserved_e-eps-converted-to.pdf, id=111, 497.86pt x 414.54875pt>
File: Figures/OE_Conserved_e-eps-converted-to.pdf Graphic file (type pdf)

<use Figures/OE_Conserved_e-eps-converted-to.pdf>
Package pdftex.def Info: Figures/OE_Conserved_e-eps-converted-to.pdf used on in
put line 309.
(pdftex.def)             Requested size: 213.3995pt x 177.68951pt.
Package epstopdf Info: Source file: <Figures/OE_Conserved_i.eps>
(epstopdf)                    date: 2016-11-06 13:34:34
(epstopdf)                    size: 33299 bytes
(epstopdf)             Output file: <Figures/OE_Conserved_i-eps-converted-to.pd
f>
(epstopdf)                    date: 2016-11-06 14:08:16
(epstopdf)                    size: 3870 bytes
(epstopdf)             Command: <epstopdf --outfile=Figures/OE_Conserved_i-eps-
converted-to.pdf Figures/OE_Conserved_i.eps>
(epstopdf)             \includegraphics on input line 312.
Package epstopdf Info: Output file is already uptodate.

<Figures/OE_Conserved_i-eps-converted-to.pdf, id=112, 503.8825pt x 414.54875pt>
File: Figures/OE_Conserved_i-eps-converted-to.pdf Graphic file (type pdf)
<use Figures/OE_Conserved_i-eps-converted-to.pdf>
Package pdftex.def Info: Figures/OE_Conserved_i-eps-converted-to.pdf used on in
put line 312.
(pdftex.def)             Requested size: 213.39758pt x 175.56415pt.
Package epstopdf Info: Source file: <Figures/OE_Conserved_W.eps>
(epstopdf)                    date: 2016-11-06 13:34:35
(epstopdf)                    size: 33497 bytes
(epstopdf)             Output file: <Figures/OE_Conserved_W-eps-converted-to.pd
f>
(epstopdf)                    date: 2016-11-06 14:08:39
(epstopdf)                    size: 4100 bytes
(epstopdf)             Command: <epstopdf --outfile=Figures/OE_Conserved_W-eps-
converted-to.pdf Figures/OE_Conserved_W.eps>
(epstopdf)             \includegraphics on input line 315.
Package epstopdf Info: Output file is already uptodate.

<Figures/OE_Conserved_W-eps-converted-to.pdf, id=113, 503.8825pt x 415.5525pt>
File: Figures/OE_Conserved_W-eps-converted-to.pdf Graphic file (type pdf)

<use Figures/OE_Conserved_W-eps-converted-to.pdf>
Package pdftex.def Info: Figures/OE_Conserved_W-eps-converted-to.pdf used on in
put line 315.
(pdftex.def)             Requested size: 213.39758pt x 175.98924pt.
Package epstopdf Info: Source file: <Figures/OE_Conserved_w.eps>
(epstopdf)                    date: 2016-11-06 13:34:35
(epstopdf)                    size: 33497 bytes
(epstopdf)             Output file: <Figures/OE_Conserved_w-eps-converted-to.pd
f>
(epstopdf)                    date: 2016-11-06 14:08:39
(epstopdf)                    size: 4100 bytes
(epstopdf)             Command: <epstopdf --outfile=Figures/OE_Conserved_w-eps-
converted-to.pdf Figures/OE_Conserved_w.eps>
(epstopdf)             \includegraphics on input line 318.
Package epstopdf Info: Output file is already uptodate.

<Figures/OE_Conserved_w-eps-converted-to.pdf, id=114, 503.8825pt x 415.5525pt>
File: Figures/OE_Conserved_w-eps-converted-to.pdf Graphic file (type pdf)

<use Figures/OE_Conserved_w-eps-converted-to.pdf>
Package pdftex.def Info: Figures/OE_Conserved_w-eps-converted-to.pdf used on in
put line 318.
(pdftex.def)             Requested size: 213.39758pt x 175.98924pt.
Package epstopdf Info: Source file: <Figures/OE_Conserved_a_PE.eps>
(epstopdf)                    date: 2016-11-06 13:40:17
(epstopdf)                    size: 107961 bytes
(epstopdf)             Output file: <Figures/OE_Conserved_a_PE-eps-converted-to
.pdf>
(epstopdf)                    date: 2016-11-06 14:10:58
(epstopdf)                    size: 60786 bytes
(epstopdf)             Command: <epstopdf --outfile=Figures/OE_Conserved_a_PE-e
ps-converted-to.pdf Figures/OE_Conserved_a_PE.eps>
(epstopdf)             \includegraphics on input line 326.
Package epstopdf Info: Output file is already uptodate.

<Figures/OE_Conserved_a_PE-eps-converted-to.pdf, id=115, 492.84125pt x 414.5487
5pt>
File: Figures/OE_Conserved_a_PE-eps-converted-to.pdf Graphic file (type pdf)
 <use Figures/OE_Conserved_a_PE-eps-converted-to.pdf>
Package pdftex.def Info: Figures/OE_Conserved_a_PE-eps-converted-to.pdf used on
 input line 326.
(pdftex.def)             Requested size: 213.39906pt x 179.4986pt.
Package epstopdf Info: Source file: <Figures/OE_Conserved_e_PE.eps>
(epstopdf)                    date: 2016-11-06 13:40:12
(epstopdf)                    size: 116104 bytes
(epstopdf)             Output file: <Figures/OE_Conserved_e_PE-eps-converted-to
.pdf>
(epstopdf)                    date: 2016-11-06 14:11:00
(epstopdf)                    size: 65928 bytes
(epstopdf)             Command: <epstopdf --outfile=Figures/OE_Conserved_e_PE-e
ps-converted-to.pdf Figures/OE_Conserved_e_PE.eps>
(epstopdf)             \includegraphics on input line 329.
Package epstopdf Info: Output file is already uptodate.

<Figures/OE_Conserved_e_PE-eps-converted-to.pdf, id=116, 492.84125pt x 414.5487
5pt>
File: Figures/OE_Conserved_e_PE-eps-converted-to.pdf Graphic file (type pdf)
 <use Figures/OE_Conserved_e_PE-eps-converted-to.pdf>
Package pdftex.def Info: Figures/OE_Conserved_e_PE-eps-converted-to.pdf used on
 input line 329.
(pdftex.def)             Requested size: 213.39906pt x 179.4986pt.
Package epstopdf Info: Source file: <Figures/OE_Conserved_i_PE.eps>
(epstopdf)                    date: 2016-11-06 13:39:58
(epstopdf)                    size: 107404 bytes
(epstopdf)             Output file: <Figures/OE_Conserved_i_PE-eps-converted-to
.pdf>
(epstopdf)                    date: 2016-11-06 14:11:02
(epstopdf)                    size: 43174 bytes
(epstopdf)             Command: <epstopdf --outfile=Figures/OE_Conserved_i_PE-e
ps-converted-to.pdf Figures/OE_Conserved_i_PE.eps>
(epstopdf)             \includegraphics on input line 332.
Package epstopdf Info: Output file is already uptodate.

<Figures/OE_Conserved_i_PE-eps-converted-to.pdf, id=117, 492.84125pt x 414.5487
5pt>
File: Figures/OE_Conserved_i_PE-eps-converted-to.pdf Graphic file (type pdf)
 <use Figures/OE_Conserved_i_PE-eps-converted-to.pdf>
Package pdftex.def Info: Figures/OE_Conserved_i_PE-eps-converted-to.pdf used on
 input line 332.
(pdftex.def)             Requested size: 213.39906pt x 179.4986pt.
Package epstopdf Info: Source file: <Figures/OE_Conserved_W_PE.eps>
(epstopdf)                    date: 2016-11-06 13:41:54
(epstopdf)                    size: 6541996 bytes
(epstopdf)             Output file: <Figures/OE_Conserved_W_PE-eps-converted-to
.pdf>
(epstopdf)                    date: 2016-11-06 14:11:06
(epstopdf)                    size: 20243 bytes
(epstopdf)             Command: <epstopdf --outfile=Figures/OE_Conserved_W_PE-e
ps-converted-to.pdf Figures/OE_Conserved_W_PE.eps>
(epstopdf)             \includegraphics on input line 335.
Package epstopdf Info: Output file is already uptodate.

<Figures/OE_Conserved_W_PE-eps-converted-to.pdf, id=118, 493.845pt x 416.55624p
t>
File: Figures/OE_Conserved_W_PE-eps-converted-to.pdf Graphic file (type pdf)
 <use Figures/OE_Conserved_W_PE-eps-converted-to.pdf>
Package pdftex.def Info: Figures/OE_Conserved_W_PE-eps-converted-to.pdf used on
 input line 335.
(pdftex.def)             Requested size: 213.3891pt x 179.99283pt.
Package epstopdf Info: Source file: <Figures/OE_Conserved_w_PE.eps>
(epstopdf)                    date: 2016-11-06 13:41:54
(epstopdf)                    size: 6541996 bytes
(epstopdf)             Output file: <Figures/OE_Conserved_w_PE-eps-converted-to
.pdf>
(epstopdf)                    date: 2016-11-06 14:11:06
(epstopdf)                    size: 20243 bytes
(epstopdf)             Command: <epstopdf --outfile=Figures/OE_Conserved_w_PE-e
ps-converted-to.pdf Figures/OE_Conserved_w_PE.eps>
(epstopdf)             \includegraphics on input line 338.
Package epstopdf Info: Output file is already uptodate.

<Figures/OE_Conserved_w_PE-eps-converted-to.pdf, id=119, 493.845pt x 416.55624p
t>
File: Figures/OE_Conserved_w_PE-eps-converted-to.pdf Graphic file (type pdf)
 <use Figures/OE_Conserved_w_PE-eps-converted-to.pdf>
Package pdftex.def Info: Figures/OE_Conserved_w_PE-eps-converted-to.pdf used on
 input line 338.
(pdftex.def)             Requested size: 213.3891pt x 179.99283pt.
 [7 <C:/Users/John/Documents/Astro/ASEN6060_AdvAstro/Project/Figures/J_conserve
d-eps-converted-to.pdf>] [8 <C:/Users/John/Documents/Astro/ASEN6060_AdvAstro/Pr
oject/Figures/OE_Conserved_a-eps-converted-to.pdf> <C:/Users/John/Documents/Ast
ro/ASEN6060_AdvAstro/Project/Figures/OE_Conserved_e-eps-converted-to.pdf> <C:/U
sers/John/Documents/Astro/ASEN6060_AdvAstro/Project/Figures/OE_Conserved_i-eps-
converted-to.pdf> <C:/Users/John/Documents/Astro/ASEN6060_AdvAstro/Project/Figu
res/OE_Conserved_W-eps-converted-to.pdf> <C:/Users/John/Documents/Astro/ASEN606
0_AdvAstro/Project/Figures/OE_Conserved_w-eps-converted-to.pdf>]
(C:\Users\John\Documents\Astro\ASEN6060_AdvAstro\Project\Clouse_ASEN6060_HW4.bb
l

LaTeX Warning: Empty `thebibliography' environment on input line 4.

) 
AED: lastpage setting LastPage
[9 <C:/Users/John/Documents/Astro/ASEN6060_AdvAstro/Project/Figures/OE_Conserve
d_a_PE-eps-converted-to.pdf> <C:/Users/John/Documents/Astro/ASEN6060_AdvAstro/P
roject/Figures/OE_Conserved_e_PE-eps-converted-to.pdf> <C:/Users/John/Documents
/Astro/ASEN6060_AdvAstro/Project/Figures/OE_Conserved_i_PE-eps-converted-to.pdf
> <C:/Users/John/Documents/Astro/ASEN6060_AdvAstro/Project/Figures/OE_Conserved
_W_PE-eps-converted-to.pdf> <C:/Users/John/Documents/Astro/ASEN6060_AdvAstro/Pr
oject/Figures/OE_Conserved_w_PE-eps-converted-to.pdf>] [10]
Package atveryend Info: Empty hook `BeforeClearDocument' on input line 380.
Package atveryend Info: Empty hook `AfterLastShipout' on input line 380.

(C:\Users\John\Documents\Astro\ASEN6060_AdvAstro\Project\Clouse_ASEN6060_HW4.au
x)
Package atveryend Info: Executing hook `AtVeryEndDocument' on input line 380.
Package atveryend Info: Executing hook `AtEndAfterFileList' on input line 380.
Package rerunfilecheck Info: File `Clouse_ASEN6060_HW4.out' has not changed.
(rerunfilecheck)             Checksum: 9DB85BBDF2F38A660F91990FDA138E48;138.
Package atveryend Info: Empty hook `AtVeryVeryEnd' on input line 380.
 ) 
Here is how much of TeX's memory you used:
 9037 strings out of 493921
 132172 string characters out of 3147286
 242335 words of memory out of 3000000
 12108 multiletter control sequences out of 15000+200000
 14589 words of font info for 51 fonts, out of 3000000 for 9000
 841 hyphenation exceptions out of 8191
 42i,15n,45p,979b,355s stack positions out of 5000i,500n,10000p,200000b,50000s
<C:/Program Files/MiKTeX 2.9/fonts/type1/public/amsfonts/cm/cmbx10.pfb><C:/Pr
ogram Files/MiKTeX 2.9/fonts/type1/public/amsfonts/cm/cmbx12.pfb><C:/Program Fi
les/MiKTeX 2.9/fonts/type1/public/amsfonts/cm/cmbx7.pfb><C:/Program Files/MiKTe
X 2.9/fonts/type1/public/amsfonts/cm/cmbx8.pfb><C:/Program Files/MiKTeX 2.9/fon
ts/type1/public/amsfonts/cm/cmex10.pfb><C:/Program Files/MiKTeX 2.9/fonts/type1
/public/amsfonts/cm/cmmi10.pfb><C:/Program Files/MiKTeX 2.9/fonts/type1/public/
amsfonts/cm/cmmi7.pfb><C:/Program Files/MiKTeX 2.9/fonts/type1/public/amsfonts/
cm/cmmi8.pfb><C:/Program Files/MiKTeX 2.9/fonts/type1/public/amsfonts/cm/cmmib1
0.pfb><C:/Program Files/MiKTeX 2.9/fonts/type1/public/amsfonts/cm/cmr10.pfb><C:
/Program Files/MiKTeX 2.9/fonts/type1/public/amsfonts/cm/cmr12.pfb><C:/Program 
Files/MiKTeX 2.9/fonts/type1/public/amsfonts/cm/cmr5.pfb><C:/Program Files/MiKT
eX 2.9/fonts/type1/public/amsfonts/cm/cmr6.pfb><C:/Program Files/MiKTeX 2.9/fon
ts/type1/public/amsfonts/cm/cmr7.pfb><C:/Program Files/MiKTeX 2.9/fonts/type1/p
ublic/amsfonts/cm/cmr8.pfb><C:/Program Files/MiKTeX 2.9/fonts/type1/public/amsf
onts/cm/cmsy10.pfb><C:/Program Files/MiKTeX 2.9/fonts/type1/public/amsfonts/cm/
cmsy6.pfb><C:/Program Files/MiKTeX 2.9/fonts/type1/public/amsfonts/cm/cmsy7.pfb
><C:/Program Files/MiKTeX 2.9/fonts/type1/public/amsfonts/cm/cmsy8.pfb><C:/Prog
ram Files/MiKTeX 2.9/fonts/type1/public/amsfonts/cm/cmti10.pfb>
Output written on Clouse_ASEN6060_HW4.pdf (10 pages, 461300 bytes).
PDF statistics:
 285 PDF objects out of 1000 (max. 8388607)
 50 named destinations out of 1000 (max. 500000)
 82 words of extra memory for PDF output out of 10000 (max. 10000000)

