#
# A fatal error has been detected by the Java Runtime Environment:
#
#  Internal Error (safepoint.cpp:687), pid=4124, tid=9892
#  fatal error: Deadlock in safepoint code.  Should have called back to the VM before blocking.
#
# JRE version: 7.0_11-b21
# Java VM: Java HotSpot(TM) 64-Bit Server VM (23.6-b04 mixed mode windows-amd64 compressed oops)
# Failed to write core dump. Minidumps are not enabled by default on client versions of Windows
#
# If you would like to submit a bug report, please visit:
#   http://bugreport.sun.com/bugreport/crash.jsp
#

---------------  T H R E A D  ---------------

Current thread (0x000000000972f800):  JavaThread "main" [_thread_in_native_trans, id=9892, stack(0x0000000000030000,0x0000000004030000)]

Stack: [0x0000000000030000,0x0000000004030000]

---------------  P R O C E S S  ---------------

Java Threads: ( => current thread )
  0x000000007433d000 JavaThread "Image Fetcher 0" daemon [_thread_blocked, id=7224, stack(0x0000000171390000,0x0000000175390000)]
  0x000000007433b000 JavaThread "Code Analyzer updating thread" [_thread_blocked, id=4140, stack(0x0000000169390000,0x000000016d390000)]
  0x000000007433d800 JavaThread "Code Analyzer updating thread" [_thread_blocked, id=7612, stack(0x000000014dfd0000,0x0000000151fd0000)]
  0x0000000074339800 JavaThread "RecordlistTable Timer" daemon [_thread_blocked, id=4404, stack(0x0000000155fd0000,0x0000000159fd0000)]
  0x0000000074339000 JavaThread "Code Analyzer updating thread" [_thread_blocked, id=3096, stack(0x0000000141000000,0x0000000145000000)]
  0x000000014db33000 JavaThread "Code Analyzer updating thread" [_thread_blocked, id=2236, stack(0x0000000151fd0000,0x0000000155fd0000)]
  0x000000014db32000 JavaThread "Code Analyzer updating thread" [_thread_blocked, id=10044, stack(0x0000000159fd0000,0x000000015dfd0000)]
  0x00000000af8c5800 JavaThread "pool-7-thread-1" [_thread_blocked, id=7124, stack(0x0000000148030000,0x000000014c030000)]
  0x00000000af8bf800 JavaThread "Code Analyzer updating thread" [_thread_blocked, id=5580, stack(0x0000000131260000,0x0000000135260000)]
  0x0000000118ae7800 JavaThread "Tab Completion Callable" [_thread_blocked, id=9600, stack(0x000000013c000000,0x0000000140000000)]
  0x0000000056b7f000 JavaThread "Explorer NavigationContext request queue" daemon [_thread_blocked, id=7976, stack(0x0000000010040000,0x0000000014040000)]
  0x0000000073e4a000 JavaThread "Code Analyzer updating thread" [_thread_blocked, id=8080, stack(0x0000000128000000,0x000000012c000000)]
  0x0000000073e47800 JavaThread "Foxtrot Single Worker Thread #1" daemon [_thread_blocked, id=9024, stack(0x000000012c000000,0x0000000130000000)]
  0x0000000073e46000 JavaThread "Code Analyzer updating thread" [_thread_blocked, id=3896, stack(0x0000000110000000,0x0000000114000000)]
  0x0000000074c71800 JavaThread "Code Analyzer updating thread" [_thread_blocked, id=9792, stack(0x0000000114000000,0x0000000118000000)]
  0x0000000074c72000 JavaThread "Tab Completion Callable" [_thread_blocked, id=1740, stack(0x000000008c000000,0x0000000090000000)]
  0x000000007242b800 JavaThread "Code Analyzer updating thread" [_thread_blocked, id=9092, stack(0x00000000c8000000,0x00000000cc000000)]
  0x000000007242a000 JavaThread "Prefs Updater" daemon [_thread_blocked, id=7524, stack(0x00000000b0000000,0x00000000b4000000)]
  0x0000000056b86000 JavaThread "Swing-Shell" daemon [_thread_blocked, id=9132, stack(0x0000000100000000,0x0000000104000000)]
  0x0000000056b83000 JavaThread "Active Reference Queue Daemon" daemon [_thread_blocked, id=9380, stack(0x00000000d8000000,0x00000000dc000000)]
  0x0000000056b81800 JavaThread "Timer-1" daemon [_thread_blocked, id=8020, stack(0x00000000d4000000,0x00000000d8000000)]
  0x0000000056b82000 JavaThread "ClipboardMonitor Timer" daemon [_thread_blocked, id=5216, stack(0x00000000d0000000,0x00000000d4000000)]
  0x0000000056b7d800 JavaThread "AddressBar directory emptiness poller" daemon [_thread_blocked, id=1844, stack(0x00000000c4000000,0x00000000c8000000)]
  0x0000000056b7c000 JavaThread "Explorer Refresh Service 1193616739" daemon [_thread_blocked, id=1400, stack(0x00000000c0000000,0x00000000c4000000)]
  0x0000000056b7a800 JavaThread "Thread-4" daemon [_thread_blocked, id=9616, stack(0x00000000b8000000,0x00000000bc000000)]
  0x0000000056b7a000 JavaThread "TimerQueue" daemon [_thread_blocked, id=7608, stack(0x00000000a8000000,0x00000000ac000000)]
  0x0000000056b79000 JavaThread "Thread-3" daemon [_thread_blocked, id=8232, stack(0x0000000098000000,0x000000009c000000)]
  0x0000000056b78800 JavaThread "AWT-EventQueue-0" [_thread_blocked, id=7700, stack(0x0000000094000000,0x0000000098000000)]
  0x0000000056b77800 JavaThread "AWT-Shutdown" [_thread_blocked, id=8396, stack(0x0000000084000000,0x0000000088000000)]
  0x0000000056654800 JavaThread "FelixPackageAdmin" daemon [_thread_blocked, id=8272, stack(0x00000000a4000000,0x00000000a8000000)]
  0x0000000056698800 JavaThread "FelixStartLevel" daemon [_thread_blocked, id=7624, stack(0x00000000a0000000,0x00000000a4000000)]
  0x0000000056836000 JavaThread "FelixDispatchQueue" daemon [_thread_blocked, id=5476, stack(0x000000009c000000,0x00000000a0000000)]
  0x0000000026aff800 JavaThread "com.google.common.base.internal.Finalizer" daemon [_thread_blocked, id=10092, stack(0x0000000090000000,0x0000000094000000)]
  0x0000000026afe000 JavaThread "AWT-Windows" daemon [_thread_blocked, id=6860, stack(0x0000000088000000,0x000000008c000000)]
  0x00000000564b7800 JavaThread "Java2D Disposer" daemon [_thread_blocked, id=1672, stack(0x0000000080000000,0x0000000084000000)]
  0x0000000056208000 JavaThread "Timer-0" [_thread_blocked, id=4112, stack(0x000000007afd0000,0x000000007efd0000)]
  0x000000005620a000 JavaThread "EventMgr Dispatcher" daemon [_thread_in_native, id=6640, stack(0x0000000076fd0000,0x000000007afd0000)]
  0x00000000265a3800 JavaThread "Service Thread" daemon [_thread_blocked, id=9596, stack(0x000000005c720000,0x0000000060720000)]
  0x00000000265a2800 JavaThread "C2 CompilerThread1" daemon [_thread_blocked, id=7476, stack(0x0000000050780000,0x0000000054780000)]
  0x000000002659e000 JavaThread "C2 CompilerThread0" daemon [_thread_blocked, id=3632, stack(0x000000004c780000,0x0000000050780000)]
  0x000000002659d000 JavaThread "Attach Listener" daemon [_thread_blocked, id=9840, stack(0x0000000048780000,0x000000004c780000)]
  0x000000002650d800 JavaThread "Finalizer" daemon [_thread_blocked, id=6180, stack(0x0000000044780000,0x0000000048780000)]
  0x00000000264fb800 JavaThread "Reference Handler" daemon [_thread_blocked, id=8464, stack(0x0000000040780000,0x0000000044780000)]
=>0x000000000972f800 JavaThread "main" [_thread_in_native_trans, id=9892, stack(0x0000000000030000,0x0000000004030000)]

Other Threads:
  0x00000000264f8800 VMThread [stack: 0x000000003c780000,0x0000000040780000] [id=8852]
  0x00000000265f6800 WatcherThread [stack: 0x0000000063cd0000,0x0000000067cd0000] [id=9828]

VM state:synchronizing (normal execution)

VM Mutex/Monitor currently owned by a thread:  ([mutex/lock_event])
[0x000000000951e5d0] Threads_lock - owner thread: 0x00000000264f8800
[0x000000000951e950] JNIGlobalHandle_lock - owner thread: 0x000000000972f800

Heap
 PSYoungGen      total 16064K, used 13719K [0x00000000fa000000, 0x00000000fb100000, 0x0000000100000000)
  eden space 15488K, 84% used [0x00000000fa000000,0x00000000facd5d18,0x00000000faf20000)
  from space 576K, 100% used [0x00000000faf30000,0x00000000fafc0000,0x00000000fafc0000)
  to   space 960K, 0% used [0x00000000fb010000,0x00000000fb010000,0x00000000fb100000)
 ParOldGen       total 167232K, used 80927K [0x00000000e8000000, 0x00000000f2350000, 0x00000000fa000000)
  object space 167232K, 48% used [0x00000000e8000000,0x00000000ecf07e80,0x00000000f2350000)
 PSPermGen       total 74752K, used 66268K [0x00000000e0000000, 0x00000000e4900000, 0x00000000e8000000)
  object space 74752K, 88% used [0x00000000e0000000,0x00000000e40b7270,0x00000000e4900000)

Card table byte_map: [0x0000000009ec0000,0x0000000009fd0000] byte_map_base: 0x00000000097c0000

Polling page: 0x0000000008530000

Code Cache  [0x00000000279b0000, 0x0000000028950000, 0x000000002a9b0000)
 total_blobs=5266 nmethods=4575 adapters=637 free_code_cache=33364Kb largest_free_block=33972544

Compilation events (10 events):
Event: 184479.456 Thread 0x000000002659e000 5101             javax.swing.plaf.basic.BasicTextUI$RootView::preferenceChanged (11 bytes)
Event: 184479.457 Thread 0x000000002659e000 nmethod 5101 0x0000000028933a10 code [0x0000000028933b60, 0x0000000028933c08]
Event: 184479.786 Thread 0x00000000265a2800 5102             com.mathworks.mde.cmdwin.CmdWinMLIF::getInstance (10 bytes)
Event: 184479.787 Thread 0x00000000265a2800 nmethod 5102 0x0000000027e921d0 code [0x0000000027e92300, 0x0000000027e92378]
Event: 184479.788 Thread 0x00000000265a2800 5103             com.mathworks.mde.cmdwin.CmdWinMLIF::bufferBeforePrompt (12 bytes)
Event: 184479.789 Thread 0x00000000265a2800 nmethod 5103 0x0000000027e91f50 code [0x0000000027e920a0, 0x0000000027e92128]
Event: 184480.387 Thread 0x000000002659e000 5104             com.mathworks.mde.cmdwin.CmdWinDocument$CWContent::replace (10 bytes)
Event: 184480.390 Thread 0x000000002659e000 nmethod 5104 0x0000000028934cd0 code [0x0000000028934e40, 0x0000000028935110]
Event: 184480.498 Thread 0x00000000265a2800 5105             com.mathworks.mde.cmdwin.CmdWinDocument$CWContent::insertChars (31 bytes)
Event: 184480.501 Thread 0x00000000265a2800 nmethod 5105 0x0000000028934350 code [0x00000000289344e0, 0x00000000289347d0]

GC Heap History (10 events):
Event: 185243.147 GC heap before
{Heap before GC invocations=2691 (full 18):
 PSYoungGen      total 16320K, used 16272K [0x00000000fa000000, 0x00000000fb040000, 0x0000000100000000)
  eden space 16064K, 100% used [0x00000000fa000000,0x00000000fafb0000,0x00000000fafb0000)
  from space 256K, 81% used [0x00000000fb000000,0x00000000fb034010,0x00000000fb040000)
  to   space 256K, 0% used [0x00000000fafc0000,0x00000000fafc0000,0x00000000fb000000)
 ParOldGen       total 167232K, used 79505K [0x00000000e8000000, 0x00000000f2350000, 0x00000000fa000000)
  object space 167232K, 47% used [0x00000000e8000000,0x00000000ecda4430,0x00000000f2350000)
 PSPermGen       total 74752K, used 66259K [0x00000000e0000000, 0x00000000e4900000, 0x00000000e8000000)
  object space 74752K, 88% used [0x00000000e0000000,0x00000000e40b4c78,0x00000000e4900000)
Event: 185243.156 GC heap after
Heap after GC invocations=2691 (full 18):
 PSYoungGen      total 16192K, used 192K [0x00000000fa000000, 0x00000000fb040000, 0x0000000100000000)
  eden space 16000K, 0% used [0x00000000fa000000,0x00000000fa000000,0x00000000fafa0000)
  from space 192K, 100% used [0x00000000fafc0000,0x00000000faff0000,0x00000000faff0000)
  to   space 320K, 0% used [0x00000000faff0000,0x00000000faff0000,0x00000000fb040000)
 ParOldGen       total 167232K, used 79505K [0x00000000e8000000, 0x00000000f2350000, 0x00000000fa000000)
  object space 167232K, 47% used [0x00000000e8000000,0x00000000ecda4430,0x00000000f2350000)
 PSPermGen       total 74752K, used 66259K [0x00000000e0000000, 0x00000000e4900000, 0x00000000e8000000)
  object space 74752K, 88% used [0x00000000e0000000,0x00000000e40b4c78,0x00000000e4900000)
}
Event: 185312.145 GC heap before
{Heap before GC invocations=2692 (full 18):
 PSYoungGen      total 16192K, used 16192K [0x00000000fa000000, 0x00000000fb040000, 0x0000000100000000)
  eden space 16000K, 100% used [0x00000000fa000000,0x00000000fafa0000,0x00000000fafa0000)
  from space 192K, 100% used [0x00000000fafc0000,0x00000000faff0000,0x00000000faff0000)
  to   space 320K, 0% used [0x00000000faff0000,0x00000000faff0000,0x00000000fb040000)
 ParOldGen       total 167232K, used 79505K [0x00000000e8000000, 0x00000000f2350000, 0x00000000fa000000)
  object space 167232K, 47% used [0x00000000e8000000,0x00000000ecda4430,0x00000000f2350000)
 PSPermGen       total 74752K, used 66259K [0x00000000e0000000, 0x00000000e4900000, 0x00000000e8000000)
  object space 74752K, 88% used [0x00000000e0000000,0x00000000e40b4c78,0x00000000e4900000)
Event: 185312.149 GC heap after
Heap after GC invocations=2692 (full 18):
 PSYoungGen      total 16064K, used 128K [0x00000000fa000000, 0x00000000fb010000, 0x0000000100000000)
  eden space 15936K, 0% used [0x00000000fa000000,0x00000000fa000000,0x00000000faf90000)
  from space 128K, 100% used [0x00000000faff0000,0x00000000fb010000,0x00000000fb010000)
  to   space 256K, 0% used [0x00000000faf90000,0x00000000faf90000,0x00000000fafd0000)
 ParOldGen       total 167232K, used 79505K [0x00000000e8000000, 0x00000000f2350000, 0x00000000fa000000)
  object space 167232K, 47% used [0x00000000e8000000,0x00000000ecda4430,0x00000000f2350000)
 PSPermGen       total 74752K, used 66259K [0x00000000e0000000, 0x00000000e4900000, 0x00000000e8000000)
  object space 74752K, 88% used [0x00000000e0000000,0x00000000e40b4c78,0x00000000e4900000)
}
Event: 185381.144 GC heap before
{Heap before GC invocations=2693 (full 18):
 PSYoungGen      total 16064K, used 16064K [0x00000000fa000000, 0x00000000fb010000, 0x0000000100000000)
  eden space 15936K, 100% used [0x00000000fa000000,0x00000000faf90000,0x00000000faf90000)
  from space 128K, 100% used [0x00000000faff0000,0x00000000fb010000,0x00000000fb010000)
  to   space 256K, 0% used [0x00000000faf90000,0x00000000faf90000,0x00000000fafd0000)
 ParOldGen       total 167232K, used 79505K [0x00000000e8000000, 0x00000000f2350000, 0x00000000fa000000)
  object space 167232K, 47% used [0x00000000e8000000,0x00000000ecda4430,0x00000000f2350000)
 PSPermGen       total 74752K, used 66259K [0x00000000e0000000, 0x00000000e4900000, 0x00000000e8000000)
  object space 74752K, 88% used [0x00000000e0000000,0x00000000e40b4c78,0x00000000e4900000)
Event: 185381.147 GC heap after
Heap after GC invocations=2693 (full 18):
 PSYoungGen      total 16064K, used 96K [0x00000000fa000000, 0x00000000fb000000, 0x0000000100000000)
  eden space 15936K, 0% used [0x00000000fa000000,0x00000000fa000000,0x00000000faf90000)
  from space 128K, 75% used [0x00000000faf90000,0x00000000fafa8000,0x00000000fafb0000)
  to   space 256K, 0% used [0x00000000fafc0000,0x00000000fafc0000,0x00000000fb000000)
 ParOldGen       total 167232K, used 79505K [0x00000000e8000000, 0x00000000f2350000, 0x00000000fa000000)
  object space 167232K, 47% used [0x00000000e8000000,0x00000000ecda4430,0x00000000f2350000)
 PSPermGen       total 74752K, used 66259K [0x00000000e0000000, 0x00000000e4900000, 0x00000000e8000000)
  object space 74752K, 88% used [0x00000000e0000000,0x00000000e40b4c78,0x00000000e4900000)
}
Event: 185413.222 GC heap before
{Heap before GC invocations=2694 (full 18):
 PSYoungGen      total 16064K, used 16032K [0x00000000fa000000, 0x00000000fb000000, 0x0000000100000000)
  eden space 15936K, 100% used [0x00000000fa000000,0x00000000faf90000,0x00000000faf90000)
  from space 128K, 75% used [0x00000000faf90000,0x00000000fafa8000,0x00000000fafb0000)
  to   space 256K, 0% used [0x00000000fafc0000,0x00000000fafc0000,0x00000000fb000000)
 ParOldGen       total 167232K, used 79505K [0x00000000e8000000, 0x00000000f2350000, 0x00000000fa000000)
  object space 167232K, 47% used [0x00000000e8000000,0x00000000ecda4430,0x00000000f2350000)
 PSPermGen       total 74752K, used 66265K [0x00000000e0000000, 0x00000000e4900000, 0x00000000e8000000)
  object space 74752K, 88% used [0x00000000e0000000,0x00000000e40b6648,0x00000000e4900000)
Event: 185413.226 GC heap after
Heap after GC invocations=2694 (full 18):
 PSYoungGen      total 15808K, used 256K [0x00000000fa000000, 0x00000000fb0a0000, 0x0000000100000000)
  eden space 15552K, 0% used [0x00000000fa000000,0x00000000fa000000,0x00000000faf30000)
  from space 256K, 100% used [0x00000000fafc0000,0x00000000fb000000,0x00000000fb000000)
  to   space 576K, 0% used [0x00000000faf30000,0x00000000faf30000,0x00000000fafc0000)
 ParOldGen       total 167232K, used 80231K [0x00000000e8000000, 0x00000000f2350000, 0x00000000fa000000)
  object space 167232K, 47% used [0x00000000e8000000,0x00000000ece59e80,0x00000000f2350000)
 PSPermGen       total 74752K, used 66265K [0x00000000e0000000, 0x00000000e4900000, 0x00000000e8000000)
  object space 74752K, 88% used [0x00000000e0000000,0x00000000e40b6648,0x00000000e4900000)
}
Event: 185414.418 GC heap before
{Heap before GC invocations=2695 (full 18):
 PSYoungGen      total 15808K, used 15808K [0x00000000fa000000, 0x00000000fb0a0000, 0x0000000100000000)
  eden space 15552K, 100% used [0x00000000fa000000,0x00000000faf30000,0x00000000faf30000)
  from space 256K, 100% used [0x00000000fafc0000,0x00000000fb000000,0x00000000fb000000)
  to   space 576K, 0% used [0x00000000faf30000,0x00000000faf30000,0x00000000fafc0000)
 ParOldGen       total 167232K, used 80231K [0x00000000e8000000, 0x00000000f2350000, 0x00000000fa000000)
  object space 167232K, 47% used [0x00000000e8000000,0x00000000ece59e80,0x00000000f2350000)
 PSPermGen       total 74752K, used 66268K [0x00000000e0000000, 0x00000000e4900000, 0x00000000e8000000)
  object space 74752K, 88% used [0x00000000e0000000,0x00000000e40b7270,0x00000000e4900000)
Event: 185414.423 GC heap after
Heap after GC invocations=2695 (full 18):
 PSYoungGen      total 16064K, used 576K [0x00000000fa000000, 0x00000000fb100000, 0x0000000100000000)
  eden space 15488K, 0% used [0x00000000fa000000,0x00000000fa000000,0x00000000faf20000)
  from space 576K, 100% used [0x00000000faf30000,0x00000000fafc0000,0x00000000fafc0000)
  to   space 960K, 0% used [0x00000000fb010000,0x00000000fb010000,0x00000000fb100000)
 ParOldGen       total 167232K, used 80927K [0x00000000e8000000, 0x00000000f2350000, 0x00000000fa000000)
  object space 167232K, 48% used [0x00000000e8000000,0x00000000ecf07e80,0x00000000f2350000)
 PSPermGen       total 74752K, used 66268K [0x00000000e0000000, 0x00000000e4900000, 0x00000000e8000000)
  object space 74752K, 88% used [0x00000000e0000000,0x00000000e40b7270,0x00000000e4900000)
}

Deoptimization events (10 events):
Event: 137661.998 Thread 0x0000000056b78800 Uncommon trap -34 fr.pc 0x000000002807cd0c
Event: 137661.998 Thread 0x0000000056b78800 Uncommon trap -34 fr.pc 0x000000002807cd0c
Event: 137662.074 Thread 0x0000000056b78800 Uncommon trap -34 fr.pc 0x000000002807cd0c
Event: 137662.074 Thread 0x0000000056b78800 Uncommon trap -34 fr.pc 0x000000002807cd0c
Event: 176027.089 Thread 0x0000000056b78800 Uncommon trap -83 fr.pc 0x0000000028122a6c
Event: 176028.135 Thread 0x0000000056b78800 Uncommon trap -83 fr.pc 0x0000000028170a20
Event: 176387.740 Thread 0x0000000056b78800 Uncommon trap -83 fr.pc 0x0000000027e9256c
Event: 181449.767 Thread 0x0000000056b78800 Uncommon trap -12 fr.pc 0x000000002826ffa0
Event: 184399.444 Thread 0x0000000056b78800 Uncommon trap -83 fr.pc 0x00000000280362d0
Event: 184399.451 Thread 0x0000000056b78800 Uncommon trap -83 fr.pc 0x00000000280ca950

Internal exceptions (10 events):
Event: 184479.102 Thread 0x000000002650d800 Threw 0x00000000fa257760 at C:\jdk7u1_64p\jdk7u11\hotspot\src\share\vm\interpreter\interpreterRuntime.cpp:362
Event: 184479.102 Thread 0x000000002650d800 Threw 0x00000000fa257938 at C:\jdk7u1_64p\jdk7u11\hotspot\src\share\vm\interpreter\interpreterRuntime.cpp:362
Event: 184479.102 Thread 0x000000002650d800 Threw 0x00000000fa257a70 at C:\jdk7u1_64p\jdk7u11\hotspot\src\share\vm\interpreter\interpreterRuntime.cpp:362
Event: 184479.102 Thread 0x000000002650d800 Threw 0x00000000fa257cf8 at C:\jdk7u1_64p\jdk7u11\hotspot\src\share\vm\interpreter\interpreterRuntime.cpp:362
Event: 184479.102 Thread 0x000000002650d800 Threw 0x00000000fa257ed0 at C:\jdk7u1_64p\jdk7u11\hotspot\src\share\vm\interpreter\interpreterRuntime.cpp:362
Event: 184479.102 Thread 0x000000002650d800 Threw 0x00000000fa2580a8 at C:\jdk7u1_64p\jdk7u11\hotspot\src\share\vm\interpreter\interpreterRuntime.cpp:362
Event: 184479.102 Thread 0x000000002650d800 Threw 0x00000000fa258280 at C:\jdk7u1_64p\jdk7u11\hotspot\src\share\vm\interpreter\interpreterRuntime.cpp:362
Event: 184479.104 Thread 0x000000002650d800 Threw 0x00000000fa25a650 at C:\jdk7u1_64p\jdk7u11\hotspot\src\share\vm\interpreter\interpreterRuntime.cpp:362
Event: 184479.104 Thread 0x000000002650d800 Threw 0x00000000fa25a828 at C:\jdk7u1_64p\jdk7u11\hotspot\src\share\vm\interpreter\interpreterRuntime.cpp:362
Event: 184479.104 Thread 0x000000002650d800 Threw 0x00000000fa25aa00 at C:\jdk7u1_64p\jdk7u11\hotspot\src\share\vm\interpreter\interpreterRuntime.cpp:362

Events (10 events):
Event: 185415.359 Executing VM operation: RevokeBias done
Event: 185415.430 Executing VM operation: RevokeBias
Event: 185415.430 Executing VM operation: RevokeBias done
Event: 185415.479 Executing VM operation: RevokeBias
Event: 185415.480 Executing VM operation: RevokeBias done
Event: 185415.545 Executing VM operation: RevokeBias
Event: 185415.545 Executing VM operation: RevokeBias done
Event: 185415.608 Executing VM operation: RevokeBias
Event: 185415.609 Executing VM operation: RevokeBias done
Event: 185417.642 Executing VM operation: RevokeBias


Dynamic libraries:
0x0000000140000000 - 0x0000000140029000 	C:\Program Files\MATLAB\R2013b\bin\win64\MATLAB.exe
0x0000000076df0000 - 0x0000000076f99000 	C:\Windows\SYSTEM32\ntdll.dll
0x0000000076cd0000 - 0x0000000076def000 	C:\Windows\system32\kernel32.dll
0x000007fefccf0000 - 0x000007fefcd5c000 	C:\Windows\system32\KERNELBASE.dll
0x000000006f060000 - 0x000000006f3dc000 	C:\Program Files\MATLAB\R2013b\bin\win64\libmwservices.dll
0x000000006fe80000 - 0x000000006ff56000 	C:\Program Files\MATLAB\R2013b\bin\win64\libmwi18n.dll
0x000000006fe70000 - 0x000000006fe7d000 	C:\Program Files\MATLAB\R2013b\bin\win64\libmwresource_core.dll
0x0000000073520000 - 0x00000000735b8000 	C:\Program Files\MATLAB\R2013b\bin\win64\MSVCP100.dll
0x000000005c640000 - 0x000000005c712000 	C:\Program Files\MATLAB\R2013b\bin\win64\MSVCR100.dll
0x0000000073510000 - 0x000000007351e000 	C:\Program Files\MATLAB\R2013b\bin\win64\boost_date_time-vc100-mt-1_49.dll
0x00000000734e0000 - 0x000000007350c000 	C:\Program Files\MATLAB\R2013b\bin\win64\boost_filesystem-vc100-mt-1_49.dll
0x00000000734d0000 - 0x00000000734d9000 	C:\Program Files\MATLAB\R2013b\bin\win64\boost_system-vc100-mt-1_49.dll
0x000007fefd430000 - 0x000007fefd50b000 	C:\Windows\system32\ADVAPI32.dll
0x000007fefebc0000 - 0x000007fefec5f000 	C:\Windows\system32\msvcrt.dll
0x000007fefeba0000 - 0x000007fefebbf000 	C:\Windows\SYSTEM32\sechost.dll
0x000007fefee10000 - 0x000007fefef3d000 	C:\Windows\system32\RPCRT4.dll
0x00000000734a0000 - 0x00000000734c5000 	C:\Program Files\MATLAB\R2013b\bin\win64\LIBEXPAT.dll
0x000000005c4b0000 - 0x000000005c63a000 	C:\Program Files\MATLAB\R2013b\bin\win64\icuin49.dll
0x000000005c370000 - 0x000000005c4ae000 	C:\Program Files\MATLAB\R2013b\bin\win64\icuuc49.dll
0x0000000054ea0000 - 0x0000000055fc2000 	C:\Program Files\MATLAB\R2013b\bin\win64\icudt49.dll
0x0000000073490000 - 0x00000000734a0000 	C:\Program Files\MATLAB\R2013b\bin\win64\icuio49.dll
0x0000000004210000 - 0x00000000042cb000 	C:\Program Files\MATLAB\R2013b\bin\win64\libut.dll
0x000000006f960000 - 0x000000006fb07000 	C:\Program Files\MATLAB\R2013b\bin\win64\libmwfl.dll
0x00000000042d0000 - 0x00000000046df000 	C:\Program Files\MATLAB\R2013b\bin\win64\libmwMATLAB_res.dll
0x000000005bc90000 - 0x000000005bd6f000 	C:\Program Files\MATLAB\R2013b\bin\win64\boost_regex-vc100-mt-1_49.dll
0x0000000076bd0000 - 0x0000000076cca000 	C:\Windows\system32\USER32.dll
0x000007fefd160000 - 0x000007fefd1c7000 	C:\Windows\system32\GDI32.dll
0x000007fefd5c0000 - 0x000007fefd5ce000 	C:\Windows\system32\LPK.dll
0x000007fefece0000 - 0x000007fefeda9000 	C:\Windows\system32\USP10.dll
0x0000000073470000 - 0x0000000073481000 	C:\Program Files\MATLAB\R2013b\bin\win64\boost_signals-vc100-mt-1_49.dll
0x00000000046e0000 - 0x00000000046f1000 	C:\Program Files\MATLAB\R2013b\bin\win64\boost_thread-vc100-mt-1_49.dll
0x000000005bc00000 - 0x000000005bc8c000 	C:\Program Files\MATLAB\R2013b\bin\win64\boost_log-vc100-mt-1_49.dll
0x0000000076fc0000 - 0x0000000076fc7000 	C:\Windows\system32\PSAPI.DLL
0x000007fefd3e0000 - 0x000007fefd42d000 	C:\Windows\system32\WS2_32.dll
0x000007fefd510000 - 0x000007fefd518000 	C:\Windows\system32\NSI.dll
0x000007fef8c20000 - 0x000007fef8c53000 	C:\Program Files\MATLAB\R2013b\bin\win64\tbb.dll
0x000007fefcfc0000 - 0x000007fefcfd9000 	C:\Windows\system32\imagehlp.dll
0x000007fefa910000 - 0x000007fefa93c000 	C:\Windows\system32\POWRPROF.dll
0x000007fefd5d0000 - 0x000007fefd7a7000 	C:\Windows\system32\SETUPAPI.dll
0x000007fefcdc0000 - 0x000007fefcdf6000 	C:\Windows\system32\CFGMGR32.dll
0x000007fefcfe0000 - 0x000007fefd0b7000 	C:\Windows\system32\OLEAUT32.dll
0x000007fefd1d0000 - 0x000007fefd3d3000 	C:\Windows\system32\ole32.dll
0x000007fefccc0000 - 0x000007fefccda000 	C:\Windows\system32\DEVOBJ.dll
0x0000000004700000 - 0x00000000047fb000 	C:\Program Files\MATLAB\R2013b\bin\win64\libmx.dll
0x000007fef8c70000 - 0x000007fef8c98000 	C:\Program Files\MATLAB\R2013b\bin\win64\tbbmalloc.dll
0x0000000004800000 - 0x0000000004817000 	C:\Program Files\MATLAB\R2013b\bin\win64\zlib1.dll
0x000000006ef00000 - 0x000000006ef4e000 	C:\Program Files\MATLAB\R2013b\bin\win64\libmwregexp.dll
0x000000006eeb0000 - 0x000000006eef7000 	C:\Program Files\MATLAB\R2013b\bin\win64\mpath.dll
0x0000000004820000 - 0x0000000004e48000 	C:\Program Files\MATLAB\R2013b\bin\win64\mlutil.dll
0x000000006e870000 - 0x000000006e8e7000 	C:\Program Files\MATLAB\R2013b\bin\win64\xmlcore.dll
0x000000005b9b0000 - 0x000000005bbf1000 	C:\Program Files\MATLAB\R2013b\bin\win64\xerces-c_2_7.dll
0x000000006e5f0000 - 0x000000006e613000 	C:\Program Files\MATLAB\R2013b\bin\win64\libmwMATLAB_settings_res.dll
0x0000000073460000 - 0x0000000073470000 	C:\Program Files\MATLAB\R2013b\bin\win64\boost_iostreams-vc100-mt-1_49.dll
0x0000000063c80000 - 0x0000000063cc6000 	C:\Program Files\MATLAB\R2013b\bin\win64\boost_serialization-vc100-mt-1_49.dll
0x000007fefd7b0000 - 0x000007fefe538000 	C:\Windows\system32\SHELL32.dll
0x000007fefec60000 - 0x000007fefecd1000 	C:\Windows\system32\SHLWAPI.dll
0x000000006e580000 - 0x000000006e586000 	C:\Program Files\MATLAB\R2013b\bin\win64\libmwnativedisplay.dll
0x00000000685f0000 - 0x000000006863d000 	C:\Program Files\MATLAB\R2013b\bin\win64\opccore.dll
0x00000000684f0000 - 0x00000000685c6000 	C:\Program Files\MATLAB\R2013b\bin\win64\opcmodel.dll
0x00000000684c0000 - 0x00000000684ed000 	C:\Program Files\MATLAB\R2013b\bin\win64\opczippackage.dll
0x0000000004e50000 - 0x0000000004e5e000 	C:\Program Files\MATLAB\R2013b\bin\win64\libminizip.dll
0x0000000068340000 - 0x00000000683a6000 	C:\Program Files\MATLAB\R2013b\bin\win64\opcmwservices.dll
0x000007fef9690000 - 0x000007fef9730000 	C:\Windows\WinSxS\amd64_microsoft.windows.common-controls_6595b64144ccf1df_5.82.7601.18201_none_a4d3b9377117c3df\COMCTL32.dll
0x000007fefd520000 - 0x000007fefd5b7000 	C:\Windows\system32\COMDLG32.dll
0x000007fefa840000 - 0x000007fefa856000 	C:\Windows\system32\NETAPI32.dll
0x000007fefa830000 - 0x000007fefa83c000 	C:\Windows\system32\netutils.dll
0x000007fefc610000 - 0x000007fefc633000 	C:\Windows\system32\srvcli.dll
0x000007fefa730000 - 0x000007fefa745000 	C:\Windows\system32\wkscli.dll
0x000000006e4d0000 - 0x000000006e57d000 	C:\Program Files\MATLAB\R2013b\bin\win64\mcr.dll
0x000000006e110000 - 0x000000006e4d0000 	C:\Program Files\MATLAB\R2013b\bin\win64\iqm.dll
0x0000000180000000 - 0x00000001800c2000 	C:\Program Files\MATLAB\R2013b\bin\win64\m_dispatcher.dll
0x0000000004e60000 - 0x000000000565b000 	C:\Program Files\MATLAB\R2013b\bin\win64\m_interpreter.dll
0x000000006d760000 - 0x000000006d784000 	C:\Program Files\MATLAB\R2013b\bin\win64\libmex.dll
0x000000006d6e0000 - 0x000000006d75b000 	C:\Program Files\MATLAB\R2013b\bin\win64\profiler.dll
0x000000006d450000 - 0x000000006d5c8000 	C:\Program Files\MATLAB\R2013b\bin\win64\libmwmathutil.dll
0x000000006d420000 - 0x000000006d447000 	C:\Program Files\MATLAB\R2013b\bin\win64\libmwmathrng.dll
0x000000006d410000 - 0x000000006d420000 	C:\Program Files\MATLAB\R2013b\bin\win64\libmwmfl_rng.dll
0x0000000005660000 - 0x0000000005778000 	C:\Program Files\MATLAB\R2013b\bin\win64\libmwmathcore.dll
0x000000006d2b0000 - 0x000000006d313000 	C:\Program Files\MATLAB\R2013b\bin\win64\libmwspmatrix.dll
0x0000000005780000 - 0x00000000059e2000 	C:\Program Files\MATLAB\R2013b\bin\win64\mcos.dll
0x000000006cfc0000 - 0x000000006d01c000 	C:\Program Files\MATLAB\R2013b\bin\win64\libmwcholmod.dll
0x000000006cfb0000 - 0x000000006cfbc000 	C:\Program Files\MATLAB\R2013b\bin\win64\libmwamd.dll
0x000000006cfa0000 - 0x000000006cfab000 	C:\Program Files\MATLAB\R2013b\bin\win64\libmwcolamd.dll
0x000000006cf80000 - 0x000000006cf93000 	C:\Program Files\MATLAB\R2013b\bin\win64\libmwblas.dll
0x000000006cf60000 - 0x000000006cf75000 	C:\Program Files\MATLAB\R2013b\bin\win64\libmwbinder.dll
0x000000006cf50000 - 0x000000006cf5b000 	C:\Program Files\MATLAB\R2013b\bin\win64\libmwompwrapper.dll
0x000000006ced0000 - 0x000000006cf4f000 	C:\Program Files\MATLAB\R2013b\bin\win64\libmwlapack.dll
0x000000006ceb0000 - 0x000000006ced0000 	C:\Program Files\MATLAB\R2013b\bin\win64\m_pcodeio.dll
0x000000006ce50000 - 0x000000006ceac000 	C:\Program Files\MATLAB\R2013b\bin\win64\m_ir.dll
0x00000000059f0000 - 0x00000000060a5000 	C:\Program Files\MATLAB\R2013b\bin\win64\m_parser.dll
0x000000006c780000 - 0x000000006c797000 	C:\Program Files\MATLAB\R2013b\bin\win64\ir_xfmr.dll
0x000000006c770000 - 0x000000006c780000 	C:\Program Files\MATLAB\R2013b\bin\win64\mtok.dll
0x000000006c740000 - 0x000000006c768000 	C:\Program Files\MATLAB\R2013b\bin\win64\m_pcodegen.dll
0x000007fef1680000 - 0x000007fef17a5000 	C:\Windows\system32\dbghelp.dll
0x000000006c710000 - 0x000000006c73f000 	C:\Program Files\MATLAB\R2013b\bin\win64\libmwbridge.dll
0x000000006c650000 - 0x000000006c706000 	C:\Program Files\MATLAB\R2013b\bin\win64\udd.dll
0x00000000060b0000 - 0x0000000006201000 	C:\Program Files\MATLAB\R2013b\bin\win64\libmwgui.dll
0x000000006c4d0000 - 0x000000006c4f8000 	C:\Program Files\MATLAB\R2013b\bin\win64\graphics_util.dll
0x000000005b8f0000 - 0x000000005b9a8000 	C:\Program Files\MATLAB\R2013b\bin\win64\libtex_base.dll
0x000000006bac0000 - 0x000000006c426000 	C:\Program Files\MATLAB\R2013b\bin\win64\hg.dll
0x000000006ba60000 - 0x000000006babd000 	C:\Program Files\MATLAB\R2013b\bin\win64\libmat.dll
0x000000006b850000 - 0x000000006ba58000 	C:\Program Files\MATLAB\R2013b\bin\win64\hdf5dll.dll
0x000000006b780000 - 0x000000006b848000 	C:\Program Files\MATLAB\R2013b\bin\win64\jmi.dll
0x000000006b770000 - 0x000000006b77e000 	C:\Program Files\MATLAB\R2013b\bin\win64\nativejava_services.dll
0x0000000006220000 - 0x0000000006262000 	C:\Program Files\MATLAB\R2013b\bin\win64\libmwhardcopy.dll
0x000000006b6d0000 - 0x000000006b72e000 	C:\Program Files\MATLAB\R2013b\bin\win64\libuij.dll
0x000000006b490000 - 0x000000006b695000 	C:\Program Files\MATLAB\R2013b\bin\win64\hgdatatypes.dll
0x0000000006270000 - 0x0000000006382000 	C:\Program Files\MATLAB\R2013b\bin\win64\hgutils.dll
0x000000006b2f0000 - 0x000000006b39e000 	C:\Program Files\MATLAB\R2013b\bin\win64\udd_mi.dll
0x000000006b2b0000 - 0x000000006b2e6000 	C:\Program Files\MATLAB\R2013b\bin\win64\libmwgbtutils.dll
0x000000006b290000 - 0x000000006b2a3000 	C:\Program Files\MATLAB\R2013b\bin\win64\libmwgbt.dll
0x000000006afc0000 - 0x000000006b28f000 	C:\Program Files\MATLAB\R2013b\bin\win64\uiw.dll
0x000000006afb0000 - 0x000000006afb9000 	C:\Program Files\MATLAB\R2013b\bin\win64\uinone.dll
0x000000006af80000 - 0x000000006afac000 	C:\Program Files\MATLAB\R2013b\bin\win64\libmwnativedialogs.dll
0x000000006af70000 - 0x000000006af7c000 	C:\Program Files\MATLAB\R2013b\bin\win64\libmwplatform_res.dll
0x000007fef9fb0000 - 0x000007fef9fc8000 	C:\Windows\system32\MPR.dll
0x0000000057ed0000 - 0x000000005842d000 	C:\Program Files\MATLAB\R2013b\bin\win64\mfc100.dll
0x000007fef9830000 - 0x000007fef9837000 	C:\Windows\system32\MSIMG32.dll
0x000007fef9610000 - 0x000007fef9681000 	C:\Windows\system32\WINSPOOL.DRV
0x000000006af50000 - 0x000000006af6d000 	C:\Program Files\MATLAB\R2013b\bin\win64\mwoles05.DLL
0x000000006aee0000 - 0x000000006af4c000 	C:\Program Files\MATLAB\R2013b\bin\win64\comcli.dll
0x00000000063a0000 - 0x00000000063cb000 	C:\Program Files\MATLAB\R2013b\bin\win64\ATL100.DLL
0x000000006aed0000 - 0x000000006aedc000 	C:\Program Files\MATLAB\R2013b\bin\win64\mlautoregister.dll
0x00000000063d0000 - 0x000000000653f000 	C:\Program Files\MATLAB\R2013b\bin\win64\mvm.dll
0x000007feff0d0000 - 0x000007feff0fe000 	C:\Windows\system32\IMM32.DLL
0x000007fefefc0000 - 0x000007feff0c9000 	C:\Windows\system32\MSCTF.dll
0x000007fefb340000 - 0x000007fefb396000 	C:\Windows\system32\UxTheme.dll
0x000007fefaf10000 - 0x000007fefaf28000 	C:\Windows\system32\dwmapi.dll

VM Arguments:
jvm_args: -XX:PermSize=32m -Xms64m -XX:NewRatio=3 -XX:MaxPermSize=128m -Xmx384m -XX:MaxDirectMemorySize=2147400000 -Dsun.java2d.noddraw=true -Dsun.awt.nopixfmt=true -Xshare:off -Xrs -XX:-UseSplitVerifier -Djava.library.path=C:\Program Files\MATLAB\R2013b\bin\win64;C:\Program Files\MATLAB\R2013b\sys\jxbrowser\win64\lib vfprintf abort -Duser.language=en -Duser.country=US 
java_command: <unknown>
Launcher Type: generic

Environment Variables:
PATH=C:\Program Files\MATLAB\R2013b\bin\win64;C:\Program Files (x86)\NVIDIA Corporation\PhysX\Common;C:\Program Files\Common Files\Microsoft Shared\Windows Live;C:\Windows\system32;C:\Windows;C:\Windows\System32\Wbem;C:\Windows\System32\WindowsPowerShell\v1.0\;C:\Program Files (x86)\Common Files\Teleca Shared;C:\Program Files\MATLAB\R2013b\runtime\win64;C:\Program Files\MATLAB\R2013b\bin;C:\Program Files\MATLAB\R2013b\polyspace\bin;C:\Program Files\MiKTeX 2.9\miktex\bin\x64\;C:\Program Files\Common Files\Microsoft Shared\Windows Live
USERNAME=John
OS=Windows_NT
PROCESSOR_IDENTIFIER=AMD64 Family 16 Model 4 Stepping 3, AuthenticAMD



---------------  S Y S T E M  ---------------

OS: Windows 7 , 64 bit Build 7601 Service Pack 1

CPU:total 4 (4 cores per cpu, 1 threads per core) family 16 model 4 stepping 3, cmov, cx8, fxsr, mmx, sse, sse2, sse3, popcnt, mmxext, 3dnowpref, lzcnt, sse4a, tsc, tscinvbit, tscinv

Memory: 4k page, physical 16750388k(11444016k free), swap 33498912k(23241892k free)

vm_info: Java HotSpot(TM) 64-Bit Server VM (23.6-b04) for windows-amd64 JRE (1.7.0_11-b21), built on Jan 12 2013 02:38:42 by "java_re" with unknown MS VC++:1600

time: Sun Oct 26 12:45:24 2014
elapsed time: 186761 seconds

