This is pdfTeX, Version 3.1415926-2.4-1.40.13 (MiKTeX 2.9 64-bit) (preloaded format=pdflatex 2014.4.5)  27 APR 2016 22:16
entering extended mode
**C:/Users/John/Documents/Astro/ASEN6008_IMD/Project/Report/Clouse_ASEN6008_Pro
ject.tex

(C:/Users/John/Documents/Astro/ASEN6008_IMD/Project/Report/Clouse_ASEN6008_Proj
ect.tex
LaTeX2e <2011/06/27>
Babel <v3.8m> and hyphenation patterns for english, afrikaans, ancientgreek, ar
abic, armenian, assamese, basque, bengali, bokmal, bulgarian, catalan, coptic, 
croatian, czech, danish, dutch, esperanto, estonian, farsi, finnish, french, ga
lician, german, german-x-2012-05-30, greek, gujarati, hindi, hungarian, iceland
ic, indonesian, interlingua, irish, italian, kannada, kurmanji, latin, latvian,
 lithuanian, malayalam, marathi, mongolian, mongolianlmc, monogreek, ngerman, n
german-x-2012-05-30, nynorsk, oriya, panjabi, pinyin, polish, portuguese, roman
ian, russian, sanskrit, serbian, slovak, slovenian, spanish, swedish, swissgerm
an, tamil, telugu, turkish, turkmen, ukenglish, ukrainian, uppersorbian, usengl
ishmax, welsh, loaded.

If latex fails to find aiaa-tc, read the README file!
("C:\Program Files\MiKTeX 2.9\tex\latex\aiaa\aiaa-tc.cls"
Document Class: aiaa-tc 2004/04/03 v3.5 AIAA technical conference paper
("C:\Program Files\MiKTeX 2.9\tex\latex\base\article.cls"
Document Class: article 2007/10/19 v1.4h Standard LaTeX document class
("C:\Program Files\MiKTeX 2.9\tex\latex\base\size10.clo"
File: size10.clo 2007/10/19 v1.4h Standard LaTeX file (size option)
)
\c@part=\count79
\c@section=\count80
\c@subsection=\count81
\c@subsubsection=\count82
\c@paragraph=\count83
\c@subparagraph=\count84
\c@figure=\count85
\c@table=\count86
\abovecaptionskip=\skip41
\belowcaptionskip=\skip42
\bibindent=\dimen102
)
("C:\Program Files\MiKTeX 2.9\tex\latex\geometry\geometry.sty"
Package: geometry 2010/09/12 v5.6 Page Geometry

("C:\Program Files\MiKTeX 2.9\tex\latex\graphics\keyval.sty"
Package: keyval 1999/03/16 v1.13 key=value parser (DPC)
\KV@toks@=\toks14
)
("C:\Program Files\MiKTeX 2.9\tex\generic\oberdiek\ifpdf.sty"
Package: ifpdf 2011/01/30 v2.3 Provides the ifpdf switch (HO)
Package ifpdf Info: pdfTeX in PDF mode is detected.
)
("C:\Program Files\MiKTeX 2.9\tex\generic\oberdiek\ifvtex.sty"
Package: ifvtex 2010/03/01 v1.5 Detect VTeX and its facilities (HO)
Package ifvtex Info: VTeX not detected.
)
("C:\Program Files\MiKTeX 2.9\tex\generic\ifxetex\ifxetex.sty"
Package: ifxetex 2010/09/12 v0.6 Provides ifxetex conditional
)
\Gm@cnth=\count87
\Gm@cntv=\count88
\c@Gm@tempcnt=\count89
\Gm@bindingoffset=\dimen103
\Gm@wd@mp=\dimen104
\Gm@odd@mp=\dimen105
\Gm@even@mp=\dimen106
\Gm@layoutwidth=\dimen107
\Gm@layoutheight=\dimen108
\Gm@layouthoffset=\dimen109
\Gm@layoutvoffset=\dimen110
\Gm@dimlist=\toks15

("C:\Program Files\MiKTeX 2.9\tex\latex\geometry\geometry.cfg"))
("C:\Program Files\MiKTeX 2.9\tex\latex\graphics\graphicx.sty"
Package: graphicx 1999/02/16 v1.0f Enhanced LaTeX Graphics (DPC,SPQR)

("C:\Program Files\MiKTeX 2.9\tex\latex\graphics\graphics.sty"
Package: graphics 2009/02/05 v1.0o Standard LaTeX Graphics (DPC,SPQR)

("C:\Program Files\MiKTeX 2.9\tex\latex\graphics\trig.sty"
Package: trig 1999/03/16 v1.09 sin cos tan (DPC)
)
("C:\Program Files\MiKTeX 2.9\tex\latex\00miktex\graphics.cfg"
File: graphics.cfg 2007/01/18 v1.5 graphics configuration of teTeX/TeXLive
)
Package graphics Info: Driver file: pdftex.def on input line 91.

("C:\Program Files\MiKTeX 2.9\tex\latex\pdftex-def\pdftex.def"
File: pdftex.def 2011/05/27 v0.06d Graphics/color for pdfTeX

("C:\Program Files\MiKTeX 2.9\tex\generic\oberdiek\infwarerr.sty"
Package: infwarerr 2010/04/08 v1.3 Providing info/warning/error messages (HO)
)
("C:\Program Files\MiKTeX 2.9\tex\generic\oberdiek\ltxcmds.sty"
Package: ltxcmds 2011/11/09 v1.22 LaTeX kernel commands for general use (HO)
)
\Gread@gobject=\count90
))
\Gin@req@height=\dimen111
\Gin@req@width=\dimen112
)
("C:\Program Files\MiKTeX 2.9\tex\latex\tools\array.sty"
Package: array 2008/09/09 v2.4c Tabular extension package (FMi)
\col@sep=\dimen113
\extrarowheight=\dimen114
\NC@list=\toks16
\extratabsurround=\skip43
\backup@length=\skip44
)
("C:\Program Files\MiKTeX 2.9\tex\latex\cite\overcite.sty"
Package: overcite 1999/04/23  v 3.8
)
("C:\Program Files\MiKTeX 2.9\tex\latex\lastpage\lastpage.sty"
Package: lastpage 2013/01/28 v1.2l Refers to last page's name (HMM; JPG)
)
("C:\Program Files\MiKTeX 2.9\tex\latex\fancyhdr\fancyhdr.sty"
\fancy@headwidth=\skip45
\f@ncyO@elh=\skip46
\f@ncyO@erh=\skip47
\f@ncyO@olh=\skip48
\f@ncyO@orh=\skip49
\f@ncyO@elf=\skip50
\f@ncyO@erf=\skip51
\f@ncyO@olf=\skip52
\f@ncyO@orf=\skip53
)
\c@aiaa@cthanks=\count91
\c@aiaa@cfootnote=\count92
)
("C:\Program Files\MiKTeX 2.9\tex\latex\float\float.sty"
Package: float 2001/11/08 v1.3d Float enhancements (AL)
\c@float@type=\count93
\float@exts=\toks17
\float@box=\box26
\@float@everytoks=\toks18
\@floatcapt=\box27
)
("C:\Program Files\MiKTeX 2.9\tex\latex\oberdiek\epstopdf.sty"
Package: epstopdf 2010/02/09 v2.5 Conversion with epstopdf on the fly (HO)

("C:\Program Files\MiKTeX 2.9\tex\latex\oberdiek\epstopdf-base.sty"
Package: epstopdf-base 2010/02/09 v2.5 Base part for package epstopdf

("C:\Program Files\MiKTeX 2.9\tex\latex\oberdiek\grfext.sty"
Package: grfext 2010/08/19 v1.1 Manage graphics extensions (HO)

("C:\Program Files\MiKTeX 2.9\tex\generic\oberdiek\kvdefinekeys.sty"
Package: kvdefinekeys 2011/04/07 v1.3 Define keys (HO)
))
("C:\Program Files\MiKTeX 2.9\tex\latex\oberdiek\kvoptions.sty"
Package: kvoptions 2011/06/30 v3.11 Key value format for package options (HO)

("C:\Program Files\MiKTeX 2.9\tex\generic\oberdiek\kvsetkeys.sty"
Package: kvsetkeys 2012/04/25 v1.16 Key value parser (HO)

("C:\Program Files\MiKTeX 2.9\tex\generic\oberdiek\etexcmds.sty"
Package: etexcmds 2011/02/16 v1.5 Avoid name clashes with e-TeX commands (HO)

("C:\Program Files\MiKTeX 2.9\tex\generic\oberdiek\ifluatex.sty"
Package: ifluatex 2010/03/01 v1.3 Provides the ifluatex switch (HO)
Package ifluatex Info: LuaTeX not detected.
)
Package etexcmds Info: Could not find \expanded.
(etexcmds)             That can mean that you are not using pdfTeX 1.50 or
(etexcmds)             that some package has redefined \expanded.
(etexcmds)             In the latter case, load this package earlier.
)))
("C:\Program Files\MiKTeX 2.9\tex\generic\oberdiek\pdftexcmds.sty"
Package: pdftexcmds 2011/11/29 v0.20 Utility functions of pdfTeX for LuaTeX (HO
)
Package pdftexcmds Info: LuaTeX not detected.
Package pdftexcmds Info: \pdf@primitive is available.
Package pdftexcmds Info: \pdf@ifprimitive is available.
Package pdftexcmds Info: \pdfdraftmode found.
)
Package grfext Info: Graphics extension search list:
(grfext)             [.png,.pdf,.jpg,.mps,.jpeg,.jbig2,.jb2,.PNG,.PDF,.JPG,.JPE
G,.JBIG2,.JB2,.eps]
(grfext)             \AppendGraphicsExtensions on input line 452.
))
("C:\Program Files\MiKTeX 2.9\tex\latex\amsmath\amsmath.sty"
Package: amsmath 2013/01/14 v2.14 AMS math features
\@mathmargin=\skip54

For additional information on amsmath, use the `?' option.
("C:\Program Files\MiKTeX 2.9\tex\latex\amsmath\amstext.sty"
Package: amstext 2000/06/29 v2.01

("C:\Program Files\MiKTeX 2.9\tex\latex\amsmath\amsgen.sty"
File: amsgen.sty 1999/11/30 v2.0
\@emptytoks=\toks19
\ex@=\dimen115
))
("C:\Program Files\MiKTeX 2.9\tex\latex\amsmath\amsbsy.sty"
Package: amsbsy 1999/11/29 v1.2d
\pmbraise@=\dimen116
)
("C:\Program Files\MiKTeX 2.9\tex\latex\amsmath\amsopn.sty"
Package: amsopn 1999/12/14 v2.01 operator names
)
\inf@bad=\count94
LaTeX Info: Redefining \frac on input line 210.
\uproot@=\count95
\leftroot@=\count96
LaTeX Info: Redefining \overline on input line 306.
\classnum@=\count97
\DOTSCASE@=\count98
LaTeX Info: Redefining \ldots on input line 378.
LaTeX Info: Redefining \dots on input line 381.
LaTeX Info: Redefining \cdots on input line 466.
\Mathstrutbox@=\box28
\strutbox@=\box29
\big@size=\dimen117
LaTeX Font Info:    Redeclaring font encoding OML on input line 566.
LaTeX Font Info:    Redeclaring font encoding OMS on input line 567.
\macc@depth=\count99
\c@MaxMatrixCols=\count100
\dotsspace@=\muskip10
\c@parentequation=\count101
\dspbrk@lvl=\count102
\tag@help=\toks20
\row@=\count103
\column@=\count104
\maxfields@=\count105
\andhelp@=\toks21
\eqnshift@=\dimen118
\alignsep@=\dimen119
\tagshift@=\dimen120
\tagwidth@=\dimen121
\totwidth@=\dimen122
\lineht@=\dimen123
\@envbody=\toks22
\multlinegap=\skip55
\multlinetaggap=\skip56
\mathdisplay@stack=\toks23
LaTeX Info: Redefining \[ on input line 2665.
LaTeX Info: Redefining \] on input line 2666.
)
("C:\Program Files\MiKTeX 2.9\tex\latex\xcolor\xcolor.sty"
Package: xcolor 2007/01/21 v2.11 LaTeX color extensions (UK)

("C:\Program Files\MiKTeX 2.9\tex\latex\00miktex\color.cfg"
File: color.cfg 2007/01/18 v1.5 color configuration of teTeX/TeXLive
)
Package xcolor Info: Driver file: pdftex.def on input line 225.

("C:\Program Files\MiKTeX 2.9\tex\latex\colortbl\colortbl.sty"
Package: colortbl 2012/02/13 v1.0a Color table columns (DPC)
\everycr=\toks24
\minrowclearance=\skip57
)
\rownum=\count106
Package xcolor Info: Model `cmy' substituted by `cmy0' on input line 1337.
Package xcolor Info: Model `hsb' substituted by `rgb' on input line 1341.
Package xcolor Info: Model `RGB' extended on input line 1353.
Package xcolor Info: Model `HTML' substituted by `rgb' on input line 1355.
Package xcolor Info: Model `Hsb' substituted by `hsb' on input line 1356.
Package xcolor Info: Model `tHsb' substituted by `hsb' on input line 1357.
Package xcolor Info: Model `HSB' substituted by `hsb' on input line 1358.
Package xcolor Info: Model `Gray' substituted by `gray' on input line 1359.
Package xcolor Info: Model `wave' substituted by `hsb' on input line 1360.
)
("C:\Program Files\MiKTeX 2.9\tex\latex\textgreek\textgreek.sty"
Package: textgreek 2011/10/09 v0.7 Greek symbols in text
Package textgreek Info: Loading the definitions for the Greek fontencoding. on 
input line 39.

("C:\Program Files\MiKTeX 2.9\tex\generic\babel\lgrenc.def"
File: lgrenc.def 2008/06/17 v2.3 Greek Encoding
)
Package textgreek Info: Loaded fontmap: {phv/*/*}{U/psy/*/*} {*/bx/n}{U/eur/b/n
} {*/b/n}{U/eur/b/n} {*/*/n}{U/eur/m/n} {*/*/it}{OML/*/*/*}. on input line 69.
)
("C:\Program Files\MiKTeX 2.9\tex\latex\hyperref\hyperref.sty"
Package: hyperref 2012/11/06 v6.83m Hypertext links for LaTeX

("C:\Program Files\MiKTeX 2.9\tex\generic\oberdiek\hobsub-hyperref.sty"
Package: hobsub-hyperref 2012/04/25 v1.12 Bundle oberdiek, subset hyperref (HO)


("C:\Program Files\MiKTeX 2.9\tex\generic\oberdiek\hobsub-generic.sty"
Package: hobsub-generic 2012/04/25 v1.12 Bundle oberdiek, subset generic (HO)
Package: hobsub 2012/04/25 v1.12 Construct package bundles (HO)
Package hobsub Info: Skipping package `infwarerr' (already loaded).
Package hobsub Info: Skipping package `ltxcmds' (already loaded).
Package hobsub Info: Skipping package `ifluatex' (already loaded).
Package hobsub Info: Skipping package `ifvtex' (already loaded).
Package: intcalc 2007/09/27 v1.1 Expandable calculations with integers (HO)
Package hobsub Info: Skipping package `ifpdf' (already loaded).
Package hobsub Info: Skipping package `etexcmds' (already loaded).
Package hobsub Info: Skipping package `kvsetkeys' (already loaded).
Package hobsub Info: Skipping package `kvdefinekeys' (already loaded).
Package hobsub Info: Skipping package `pdftexcmds' (already loaded).
Package: pdfescape 2011/11/25 v1.13 Implements pdfTeX's escape features (HO)
Package: bigintcalc 2012/04/08 v1.3 Expandable calculations on big integers (HO
)
Package: bitset 2011/01/30 v1.1 Handle bit-vector datatype (HO)
Package: uniquecounter 2011/01/30 v1.2 Provide unlimited unique counter (HO)
)
Package hobsub Info: Skipping package `hobsub' (already loaded).
Package: letltxmacro 2010/09/02 v1.4 Let assignment for LaTeX macros (HO)
Package: hopatch 2011/06/24 v1.1 Wrapper for package hooks (HO)
Package: xcolor-patch 2011/01/30 xcolor patch
Package: atveryend 2011/06/30 v1.8 Hooks at the very end of document (HO)
Package atveryend Info: \enddocument detected (standard20110627).
Package: atbegshi 2011/10/05 v1.16 At begin shipout hook (HO)
Package: refcount 2011/10/16 v3.4 Data extraction from label references (HO)
Package: hycolor 2011/01/30 v1.7 Color options for hyperref/bookmark (HO)
)
("C:\Program Files\MiKTeX 2.9\tex\latex\oberdiek\auxhook.sty"
Package: auxhook 2011/03/04 v1.3 Hooks for auxiliary files (HO)
)
\@linkdim=\dimen124
\Hy@linkcounter=\count107
\Hy@pagecounter=\count108

("C:\Program Files\MiKTeX 2.9\tex\latex\hyperref\pd1enc.def"
File: pd1enc.def 2012/11/06 v6.83m Hyperref: PDFDocEncoding definition (HO)
)
\Hy@SavedSpaceFactor=\count109

("C:\Program Files\MiKTeX 2.9\tex\latex\00miktex\hyperref.cfg"
File: hyperref.cfg 2002/06/06 v1.2 hyperref configuration of TeXLive
)
Package hyperref Info: Option `colorlinks' set `true' on input line 4319.
Package hyperref Info: Hyper figures OFF on input line 4443.
Package hyperref Info: Link nesting OFF on input line 4448.
Package hyperref Info: Hyper index ON on input line 4451.
Package hyperref Info: Plain pages OFF on input line 4458.
Package hyperref Info: Backreferencing OFF on input line 4463.
Package hyperref Info: Implicit mode ON; LaTeX internals redefined.
Package hyperref Info: Bookmarks ON on input line 4688.
\c@Hy@tempcnt=\count110

("C:\Program Files\MiKTeX 2.9\tex\latex\ltxmisc\url.sty"
\Urlmuskip=\muskip11
Package: url 2006/04/12  ver 3.3  Verb mode for urls, etc.
)
LaTeX Info: Redefining \url on input line 5041.
\XeTeXLinkMargin=\dimen125
\Fld@menulength=\count111
\Field@Width=\dimen126
\Fld@charsize=\dimen127
Package hyperref Info: Hyper figures OFF on input line 6295.
Package hyperref Info: Link nesting OFF on input line 6300.
Package hyperref Info: Hyper index ON on input line 6303.
Package hyperref Info: backreferencing OFF on input line 6310.
Package hyperref Info: Link coloring ON on input line 6313.
Package hyperref Info: Link coloring with OCG OFF on input line 6320.
Package hyperref Info: PDF/A mode OFF on input line 6325.
LaTeX Info: Redefining \ref on input line 6365.
LaTeX Info: Redefining \pageref on input line 6369.
\Hy@abspage=\count112
\c@Item=\count113
\c@Hfootnote=\count114
)

Package hyperref Message: Driver (autodetected): hpdftex.

("C:\Program Files\MiKTeX 2.9\tex\latex\hyperref\hpdftex.def"
File: hpdftex.def 2012/11/06 v6.83m Hyperref driver for pdfTeX
\Fld@listcount=\count115
\c@bookmark@seq@number=\count116

("C:\Program Files\MiKTeX 2.9\tex\latex\oberdiek\rerunfilecheck.sty"
Package: rerunfilecheck 2011/04/15 v1.7 Rerun checks for auxiliary files (HO)
Package uniquecounter Info: New unique counter `rerunfilecheck' on input line 2
82.
)
\Hy@SectionHShift=\skip58
)
("C:\Program Files\MiKTeX 2.9\tex\latex\listings\listings.sty"
\lst@mode=\count117
\lst@gtempboxa=\box30
\lst@token=\toks25
\lst@length=\count118
\lst@currlwidth=\dimen128
\lst@column=\count119
\lst@pos=\count120
\lst@lostspace=\dimen129
\lst@width=\dimen130
\lst@newlines=\count121
\lst@lineno=\count122
\lst@maxwidth=\dimen131

("C:\Program Files\MiKTeX 2.9\tex\latex\listings\lstmisc.sty"
File: lstmisc.sty 2007/02/22 1.4 (Carsten Heinz)
\c@lstnumber=\count123
\lst@skipnumbers=\count124
\lst@framebox=\box31
)
("C:\Program Files\MiKTeX 2.9\tex\latex\listings\listings.cfg"
File: listings.cfg 2007/02/22 1.4 listings configuration
))
Package: listings 2007/02/22 1.4 (Carsten Heinz)

("C:\Program Files\MiKTeX 2.9\tex\latex\tablefootnote\tablefootnote.sty"
Package: tablefootnote 2012/07/29 v1.0h Table foot notes (HMM)

("C:\Program Files\MiKTeX 2.9\tex\latex\etoolbox\etoolbox.sty"
Package: etoolbox 2011/01/03 v2.1 e-TeX tools for LaTeX

("C:\Program Files\MiKTeX 2.9\tex\latex\misc\etex.sty"
Package: etex 1998/03/26 v2.0 eTeX basic definition package (PEB)
\et@xins=\count125
)
\etb@tempcnta=\count126
))
("C:\Program Files\MiKTeX 2.9\tex\latex\tools\bm.sty"
Package: bm 2004/02/26 v1.1c Bold Symbol Support (DPC/FMi)
\symboldoperators=\mathgroup4
\symboldletters=\mathgroup5
\symboldsymbols=\mathgroup6
LaTeX Font Info:    Redeclaring math alphabet \mathbf on input line 138.
LaTeX Info: Redefining \bm on input line 204.
)
("C:\Program Files\MiKTeX 2.9\tex\latex\subfigure\subfigure.sty"
Package: subfigure 2002/07/30 v2.1.4 subfigure package
\subfigtopskip=\skip59
\subfigcapskip=\skip60
\subfigcaptopadj=\dimen132
\subfigbottomskip=\skip61
\subfigcapmargin=\dimen133
\subfiglabelskip=\skip62
\c@subfigure=\count127
\c@lofdepth=\count128
\c@subtable=\count129
\c@lotdepth=\count130

****************************************
* Local config file subfigure.cfg used *
****************************************
("C:\Program Files\MiKTeX 2.9\tex\latex\subfigure\subfigure.cfg")
\subfig@top=\skip63
\subfig@bottom=\skip64
)
(C:\Users\John\Documents\Astro\ASEN6008_IMD\Project\Report\Clouse_ASEN6008_Proj
ect.aux)
LaTeX Font Info:    Checking defaults for OML/cmm/m/it on input line 113.
LaTeX Font Info:    ... okay on input line 113.
LaTeX Font Info:    Checking defaults for T1/cmr/m/n on input line 113.
LaTeX Font Info:    ... okay on input line 113.
LaTeX Font Info:    Checking defaults for OT1/cmr/m/n on input line 113.
LaTeX Font Info:    ... okay on input line 113.
LaTeX Font Info:    Checking defaults for OMS/cmsy/m/n on input line 113.
LaTeX Font Info:    ... okay on input line 113.
LaTeX Font Info:    Checking defaults for OMX/cmex/m/n on input line 113.
LaTeX Font Info:    ... okay on input line 113.
LaTeX Font Info:    Checking defaults for U/cmr/m/n on input line 113.
LaTeX Font Info:    ... okay on input line 113.
LaTeX Font Info:    Checking defaults for LGR/cmr/m/n on input line 113.
LaTeX Font Info:    Try loading font information for LGR+cmr on input line 113.

 ("C:\Program Files\MiKTeX 2.9\tex\generic\babel\lgrcmr.fd"
File: lgrcmr.fd 2008/06/17 v2.3 Greek Computer Modern
)
LaTeX Font Info:    ... okay on input line 113.
LaTeX Font Info:    Checking defaults for PD1/pdf/m/n on input line 113.
LaTeX Font Info:    ... okay on input line 113.

*geometry* driver: auto-detecting
*geometry* detected driver: pdftex
*geometry* verbose mode - [ preamble ] result:
* driver: pdftex
* paper: <default>
* layout: <same size as paper>
* layoutoffset:(h,v)=(0.0pt,0.0pt)
* modes: 
* h-part:(L,W,R)=(72.26999pt, 469.75502pt, 72.26999pt)
* v-part:(T,H,B)=(54.2025pt, 668.4975pt, 72.26999pt)
* \paperwidth=614.295pt
* \paperheight=794.96999pt
* \textwidth=469.75502pt
* \textheight=668.4975pt
* \oddsidemargin=0.0pt
* \evensidemargin=0.0pt
* \topmargin=-55.06749pt
* \headheight=12.0pt
* \headsep=25.0pt
* \topskip=10.0pt
* \footskip=30.0pt
* \marginparwidth=65.0pt
* \marginparsep=11.0pt
* \columnsep=10.0pt
* \skip\footins=9.0pt plus 4.0pt minus 2.0pt
* \hoffset=0.0pt
* \voffset=0.0pt
* \mag=1000
* \@twocolumnfalse
* \@twosidefalse
* \@mparswitchfalse
* \@reversemarginfalse
* (1in=72.27pt=25.4mm, 1cm=28.453pt)

("C:\Program Files\MiKTeX 2.9\tex\context\base\supp-pdf.mkii"
[Loading MPS to PDF converter (version 2006.09.02).]
\scratchcounter=\count131
\scratchdimen=\dimen134
\scratchbox=\box32
\nofMPsegments=\count132
\nofMParguments=\count133
\everyMPshowfont=\toks26
\MPscratchCnt=\count134
\MPscratchDim=\dimen135
\MPnumerator=\count135
\makeMPintoPDFobject=\count136
\everyMPtoPDFconversion=\toks27
)
Package lastpage Info: Please have a look at the pageslts package at
(lastpage)             http://www.ctan.org/tex-archive/ 
(lastpage)             macros/latex/contrib/pageslts/ 
(lastpage)             or
(lastpage)             http://www.ctan.org/tex-archive/ 
(lastpage)             install/macros/latex/contrib/pageslts.tds.zip
(lastpage)             ! on input line 113.
\AtBeginShipoutBox=\box33
Package hyperref Info: Link coloring ON on input line 113.
 ("C:\Program Files\MiKTeX 2.9\tex\latex\hyperref\nameref.sty"
Package: nameref 2012/10/27 v2.43 Cross-referencing by name of section

("C:\Program Files\MiKTeX 2.9\tex\generic\oberdiek\gettitlestring.sty"
Package: gettitlestring 2010/12/03 v1.4 Cleanup title references (HO)
)
\c@section@level=\count137
)
LaTeX Info: Redefining \ref on input line 113.
LaTeX Info: Redefining \pageref on input line 113.
LaTeX Info: Redefining \nameref on input line 113.

(C:\Users\John\Documents\Astro\ASEN6008_IMD\Project\Report\Clouse_ASEN6008_Proj
ect.out)
(C:\Users\John\Documents\Astro\ASEN6008_IMD\Project\Report\Clouse_ASEN6008_Proj
ect.out)
\@outlinefile=\write3
\c@lstlisting=\count138
 [1

{C:/ProgramData/MiKTeX/2.9/pdftex/config/pdftex.map}]
(C:\Users\John\Documents\Astro\ASEN6008_IMD\Project\Report\Clouse_ASEN6008_Proj
ect.toc)
\tf@toc=\write4
 [2] <../PCP/VEEJ/1_Launch_VGA.png, id=56, 843.15pt x 632.3625pt>
File: ../PCP/VEEJ/1_Launch_VGA.png Graphic file (type png)

<use ../PCP/VEEJ/1_Launch_VGA.png>
Package pdftex.def Info: ../PCP/VEEJ/1_Launch_VGA.png used on input line 141.
(pdftex.def)             Requested size: 497.9302pt x 373.44766pt.

Overfull \hbox (28.17519pt too wide) in paragraph at lines 141--142
 [][] 
 []

<../PCP/VEEJ/2_VGA_EGA1.png, id=57, 843.15pt x 632.3625pt>
File: ../PCP/VEEJ/2_VGA_EGA1.png Graphic file (type png)

<use ../PCP/VEEJ/2_VGA_EGA1.png>
Package pdftex.def Info: ../PCP/VEEJ/2_VGA_EGA1.png used on input line 148.
(pdftex.def)             Requested size: 497.9302pt x 373.44766pt.

Overfull \hbox (28.17519pt too wide) in paragraph at lines 148--149
 [][] 
 []

[3 <C:/Users/John/Documents/Astro/ASEN6008_IMD/Project/PCP/VEEJ/1_Launch_VGA.pn
g (PNG copy)>] <../PCP/VEEJ/3_EGA2_JOI.png, id=69, 843.15pt x 632.3625pt>
File: ../PCP/VEEJ/3_EGA2_JOI.png Graphic file (type png)

<use ../PCP/VEEJ/3_EGA2_JOI.png>
Package pdftex.def Info: ../PCP/VEEJ/3_EGA2_JOI.png used on input line 155.
(pdftex.def)             Requested size: 497.9302pt x 373.44766pt.

Overfull \hbox (28.17519pt too wide) in paragraph at lines 155--156
 [][] 
 []

[4 <C:/Users/John/Documents/Astro/ASEN6008_IMD/Project/PCP/VEEJ/2_VGA_EGA1.png 
(PNG copy)>] [5 <C:/Users/John/Documents/Astro/ASEN6008_IMD/Project/PCP/VEEJ/3_
EGA2_JOI.png (PNG copy)>]
<../PCP/VEEJ/PhiVsRp.png, id=84, 843.15pt x 632.3625pt>
File: ../PCP/VEEJ/PhiVsRp.png Graphic file (type png)

<use ../PCP/VEEJ/PhiVsRp.png>
Package pdftex.def Info: ../PCP/VEEJ/PhiVsRp.png used on input line 200.
(pdftex.def)             Requested size: 512.15936pt x 384.11952pt.

Overfull \hbox (42.40434pt too wide) in paragraph at lines 200--201
 [][] 
 []

[6]
LaTeX Font Info:    Try loading font information for OML+cmr on input line 222.

 ("C:\Program Files\MiKTeX 2.9\tex\latex\base\omlcmr.fd"
File: omlcmr.fd 1999/05/25 v2.5h Standard LaTeX font definitions
)
LaTeX Font Info:    Font shape `OML/cmr/m/n' in size <10> not available
(Font)              Font shape `OML/cmm/m/it' tried instead on input line 222.
 [7 <C:/Users/John/Documents/Astro/ASEN6008_IMD/Project/PCP/VEEJ/PhiVsRp.png (P
NG copy)>] [8]
<../Figures/InnerTrajAbove.png, id=122, 411.78844pt x 396.7322pt>
File: ../Figures/InnerTrajAbove.png Graphic file (type png)

<use ../Figures/InnerTrajAbove.png>
Package pdftex.def Info: ../Figures/InnerTrajAbove.png used on input line 269.
(pdftex.def)             Requested size: 227.62161pt x 219.29909pt.

<../Figures/InnerTrajSunEquatorial.png, id=124, 842.39719pt x 165.61874pt>
File: ../Figures/InnerTrajSunEquatorial.png Graphic file (type png)

<use ../Figures/InnerTrajSunEquatorial.png>
Package pdftex.def Info: ../Figures/InnerTrajSunEquatorial.png used on input li
ne 272.
(pdftex.def)             Requested size: 227.61737pt x 44.7505pt.

<../Figures/OuterTrajAbove.png, id=125, 560.0925pt x 507.39563pt>
File: ../Figures/OuterTrajAbove.png Graphic file (type png)

<use ../Figures/OuterTrajAbove.png>
Package pdftex.def Info: ../Figures/OuterTrajAbove.png used on input line 280.
(pdftex.def)             Requested size: 227.62248pt x 206.20639pt.

<../Figures/OuterTrajSunEquatorial.png, id=126, 1041.1397pt x 150.5625pt>
File: ../Figures/OuterTrajSunEquatorial.png Graphic file (type png)

<use ../Figures/OuterTrajSunEquatorial.png>
Package pdftex.def Info: ../Figures/OuterTrajSunEquatorial.png used on input li
ne 283.
(pdftex.def)             Requested size: 227.62166pt x 32.91708pt.
 [9 <C:/Users/John/Documents/Astro/ASEN6008_IMD/Project/Figures/InnerTrajAbove.
png> <C:/Users/John/Documents/Astro/ASEN6008_IMD/Project/Figures/InnerTrajSunEq
uatorial.png>]
<../Figures/JOI_Initial_orb.png, id=140, 628.59843pt x 473.51906pt>
File: ../Figures/JOI_Initial_orb.png Graphic file (type png)

<use ../Figures/JOI_Initial_orb.png>
Package pdftex.def Info: ../Figures/JOI_Initial_orb.png used on input line 292.

(pdftex.def)             Requested size: 512.1737pt x 385.81706pt.

Overfull \hbox (42.41869pt too wide) in paragraph at lines 292--293
 [][] 
 []

[10 <C:/Users/John/Documents/Astro/ASEN6008_IMD/Project/Figures/OuterTrajAbove.
png> <C:/Users/John/Documents/Astro/ASEN6008_IMD/Project/Figures/OuterTrajSunEq
uatorial.png>]
<../Figures/Week1GroundTrack.png, id=152, 1081.79156pt x 508.90125pt>
File: ../Figures/Week1GroundTrack.png Graphic file (type png)

<use ../Figures/Week1GroundTrack.png>
Package pdftex.def Info: ../Figures/Week1GroundTrack.png used on input line 304
.
(pdftex.def)             Requested size: 341.42642pt x 160.61534pt.
 [11 <C:/Users/John/Documents/Astro/ASEN6008_IMD/Project/Figures/JOI_Initial_or
b.png>]
<../Figures/Week1Access.png, id=161, 879.285pt x 221.32687pt>
File: ../Figures/Week1Access.png Graphic file (type png)

<use ../Figures/Week1Access.png>
Package pdftex.def Info: ../Figures/Week1Access.png used on input line 312.
(pdftex.def)             Requested size: 512.15918pt x 128.91676pt.

Overfull \hbox (42.40416pt too wide) in paragraph at lines 312--313
 [][] 
 []

<../Figures/VGA_From_Earth.png, id=163, 488.57532pt x 420.82219pt>
File: ../Figures/VGA_From_Earth.png Graphic file (type png)

<use ../Figures/VGA_From_Earth.png>
Package pdftex.def Info: ../Figures/VGA_From_Earth.png used on input line 326.
(pdftex.def)             Requested size: 284.52942pt x 245.07233pt.

<../Figures/VGA_Access.png, id=164, 886.06032pt x 219.06844pt>
File: ../Figures/VGA_Access.png Graphic file (type png)

<use ../Figures/VGA_Access.png>
Package pdftex.def Info: ../Figures/VGA_Access.png used on input line 329.
(pdftex.def)             Requested size: 483.71129pt x 119.59215pt.

Overfull \hbox (20.62292pt too wide) in paragraph at lines 326--330
 [][] 
 []

[12 <C:/Users/John/Documents/Astro/ASEN6008_IMD/Project/Figures/Week1GroundTrac
k.png> <C:/Users/John/Documents/Astro/ASEN6008_IMD/Project/Figures/Week1Access.
png>] <../Figures/EGA1_3d.png, id=175, 600.74437pt x 445.665pt>
File: ../Figures/EGA1_3d.png Graphic file (type png)

<use ../Figures/EGA1_3d.png>
Package pdftex.def Info: ../Figures/EGA1_3d.png used on input line 343.
(pdftex.def)             Requested size: 284.53154pt x 211.08104pt.

<../Figures/EGA1_Access.png, id=176, 891.33pt x 221.32687pt>
File: ../Figures/EGA1_Access.png Graphic file (type png)

<use ../Figures/EGA1_Access.png>
Package pdftex.def Info: ../Figures/EGA1_Access.png used on input line 346.
(pdftex.def)             Requested size: 483.70474pt x 120.1091pt.

Overfull \hbox (20.61638pt too wide) in paragraph at lines 343--347
 [][] 
 []

[13 <C:/Users/John/Documents/Astro/ASEN6008_IMD/Project/Figures/VGA_From_Earth.
png> <C:/Users/John/Documents/Astro/ASEN6008_IMD/Project/Figures/VGA_Access.png
>] <../Figures/EGA2_3d.png, id=189, 599.23875pt x 440.39531pt>
File: ../Figures/EGA2_3d.png Graphic file (type png)

<use ../Figures/EGA2_3d.png>
Package pdftex.def Info: ../Figures/EGA2_3d.png used on input line 359.
(pdftex.def)             Requested size: 284.53163pt x 209.1093pt.

<../Figures/EGA2_Access.png, id=190, 889.82437pt x 219.06844pt>
File: ../Figures/EGA2_Access.png Graphic file (type png)

<use ../Figures/EGA2_Access.png>
Package pdftex.def Info: ../Figures/EGA2_Access.png used on input line 362.
(pdftex.def)             Requested size: 483.68875pt x 119.08072pt.

Overfull \hbox (20.60039pt too wide) in paragraph at lines 359--363
 [][] 
 []

[14 <C:/Users/John/Documents/Astro/ASEN6008_IMD/Project/Figures/EGA1_3d.png> <C
:/Users/John/Documents/Astro/ASEN6008_IMD/Project/Figures/EGA1_Access.png>]
<../Figures/JOI_From_Earth.png, id=202, 588.69937pt x 406.51875pt>
File: ../Figures/JOI_From_Earth.png Graphic file (type png)

<use ../Figures/JOI_From_Earth.png>
Package pdftex.def Info: ../Figures/JOI_From_Earth.png used on input line 376.
(pdftex.def)             Requested size: 284.53073pt x 196.47902pt.

<../Figures/JOI_Access.png, id=203, 901.11656pt x 221.32687pt>
File: ../Figures/JOI_Access.png Graphic file (type png)

<use ../Figures/JOI_Access.png>
Package pdftex.def Info: ../Figures/JOI_Access.png used on input line 379.
(pdftex.def)             Requested size: 483.69447pt x 118.80212pt.

Overfull \hbox (20.60611pt too wide) in paragraph at lines 376--380
 [][] 
 []

[15 <C:/Users/John/Documents/Astro/ASEN6008_IMD/Project/Figures/EGA2_3d.png> <C
:/Users/John/Documents/Astro/ASEN6008_IMD/Project/Figures/EGA2_Access.png>]
<../Figures/JOI_GroundTrack.png, id=215, 1062.21844pt x 475.7775pt>
File: ../Figures/JOI_GroundTrack.png Graphic file (type png)

<use ../Figures/JOI_GroundTrack.png>
Package pdftex.def Info: ../Figures/JOI_GroundTrack.png used on input line 386.

(pdftex.def)             Requested size: 455.25388pt x 203.91243pt.

<../Figures/newJOI_GroundTrack.png, id=217, 1065.9825pt x 472.76625pt>
File: ../Figures/newJOI_GroundTrack.png Graphic file (type png)

<use ../Figures/newJOI_GroundTrack.png>
Package pdftex.def Info: ../Figures/newJOI_GroundTrack.png used on input line 3
94.
(pdftex.def)             Requested size: 455.24055pt x 201.90047pt.
 [16 <C:/Users/John/Documents/Astro/ASEN6008_IMD/Project/Figures/JOI_From_Earth
.png> <C:/Users/John/Documents/Astro/ASEN6008_IMD/Project/Figures/JOI_Access.pn
g> <C:/Users/John/Documents/Astro/ASEN6008_IMD/Project/Figures/JOI_GroundTrack.
png>]
<../Figures/EuOI_From_Earth.png, id=230, 645.16031pt x 386.94562pt>
File: ../Figures/EuOI_From_Earth.png Graphic file (type png)

<use ../Figures/EuOI_From_Earth.png>
Package pdftex.def Info: ../Figures/EuOI_From_Earth.png used on input line 405.

(pdftex.def)             Requested size: 455.24168pt x 273.03877pt.
 [17 <C:/Users/John/Documents/Astro/ASEN6008_IMD/Project/Figures/newJOI_GroundT
rack.png>]

LaTeX Warning: No positions in optional float specifier.
               Default added (so using `htbp') on input line 415.


Overfull \hbox (28.2724pt too wide) in paragraph at lines 419--428
 [][] 
 []

<../Figures/GanymedeLowering.png, id=242, 417.05812pt x 282.30469pt>
File: ../Figures/GanymedeLowering.png Graphic file (type png)

<use ../Figures/GanymedeLowering.png>
Package pdftex.def Info: ../Figures/GanymedeLowering.png used on input line 435
.
(pdftex.def)             Requested size: 284.54398pt x 192.60648pt.

<../Figures/GanymedeFlybys.png, id=243, 408.77719pt x 288.3272pt>
File: ../Figures/GanymedeFlybys.png Graphic file (type png)

<use ../Figures/GanymedeFlybys.png>
Package pdftex.def Info: ../Figures/GanymedeFlybys.png used on input line 438.
(pdftex.def)             Requested size: 284.54529pt x 200.70137pt.
 [18 <C:/Users/John/Documents/Astro/ASEN6008_IMD/Project/Figures/EuOI_From_Eart
h.png>] [19 <C:/Users/John/Documents/Astro/ASEN6008_IMD/Project/Figures/Ganymed
eLowering.png> <C:/Users/John/Documents/Astro/ASEN6008_IMD/Project/Figures/Gany
medeFlybys.png>]
(C:\Users\John\Documents\Astro\ASEN6008_IMD\Project\Report\Clouse_ASEN6008_Proj
ect.bbl) 
AED: lastpage setting LastPage
[20]
Package atveryend Info: Empty hook `BeforeClearDocument' on input line 503.
Package atveryend Info: Empty hook `AfterLastShipout' on input line 503.

(C:\Users\John\Documents\Astro\ASEN6008_IMD\Project\Report\Clouse_ASEN6008_Proj
ect.aux)
Package atveryend Info: Executing hook `AtVeryEndDocument' on input line 503.
Package atveryend Info: Executing hook `AtEndAfterFileList' on input line 503.
Package rerunfilecheck Info: File `Clouse_ASEN6008_Project.out' has not changed
.
(rerunfilecheck)             Checksum: 3DD115DF4A405F1CB91D8C5EC6F1692B;308.
Package atveryend Info: Empty hook `AtVeryVeryEnd' on input line 503.
 ) 
Here is how much of TeX's memory you used:
 9150 strings out of 493921
 133710 string characters out of 3147286
 237994 words of memory out of 3000000
 12188 multiletter control sequences out of 15000+200000
 14941 words of font info for 52 fonts, out of 3000000 for 9000
 841 hyphenation exceptions out of 8191
 42i,22n,45p,1265b,355s stack positions out of 5000i,500n,10000p,200000b,50000s
<C:/Program Files/MiKTeX 2.9/fonts/type1/public/amsfonts/cm/cmbx10.pfb><C:/Pr
ogram Files/MiKTeX 2.9/fonts/type1/public/amsfonts/cm/cmbx12.pfb><C:/Program Fi
les/MiKTeX 2.9/fonts/type1/public/amsfonts/cm/cmbx8.pfb><C:/Program Files/MiKTe
X 2.9/fonts/type1/public/amsfonts/cm/cmex10.pfb><C:/Program Files/MiKTeX 2.9/fo
nts/type1/public/amsfonts/cm/cmmi10.pfb><C:/Program Files/MiKTeX 2.9/fonts/type
1/public/amsfonts/cm/cmmi7.pfb><C:/Program Files/MiKTeX 2.9/fonts/type1/public/
amsfonts/cm/cmr10.pfb><C:/Program Files/MiKTeX 2.9/fonts/type1/public/amsfonts/
cm/cmr12.pfb><C:/Program Files/MiKTeX 2.9/fonts/type1/public/amsfonts/cm/cmr6.p
fb><C:/Program Files/MiKTeX 2.9/fonts/type1/public/amsfonts/cm/cmr7.pfb><C:/Pro
gram Files/MiKTeX 2.9/fonts/type1/public/amsfonts/cm/cmr8.pfb><C:/Program Files
/MiKTeX 2.9/fonts/type1/public/amsfonts/cm/cmsy10.pfb><C:/Program Files/MiKTeX 
2.9/fonts/type1/public/amsfonts/cm/cmsy6.pfb><C:/Program Files/MiKTeX 2.9/fonts
/type1/public/amsfonts/cm/cmsy7.pfb><C:/Program Files/MiKTeX 2.9/fonts/type1/pu
blic/amsfonts/cm/cmsy8.pfb><C:/Program Files/MiKTeX 2.9/fonts/type1/public/amsf
onts/cm/cmti10.pfb><C:/Program Files/MiKTeX 2.9/fonts/type1/public/amsfonts/cm/
cmti8.pfb>
Output written on Clouse_ASEN6008_Project.pdf (20 pages, 3909269 bytes).
PDF statistics:
 340 PDF objects out of 1000 (max. 8388607)
 67 named destinations out of 1000 (max. 500000)
 169 words of extra memory for PDF output out of 10000 (max. 10000000)

