This is pdfTeX, Version 3.1415926-2.4-1.40.13 (MiKTeX 2.9 64-bit) (preloaded format=pdflatex 2014.4.5)  4 MAY 2016 18:28
entering extended mode
**C:/Users/John/Documents/Astro/ASEN6080_SOD2/Project/Report/Clouse_ASEN6080_Pr
oject.tex

(C:/Users/John/Documents/Astro/ASEN6080_SOD2/Project/Report/Clouse_ASEN6080_Pro
ject.tex
LaTeX2e <2011/06/27>
Babel <v3.8m> and hyphenation patterns for english, afrikaans, ancientgreek, ar
abic, armenian, assamese, basque, bengali, bokmal, bulgarian, catalan, coptic, 
croatian, czech, danish, dutch, esperanto, estonian, farsi, finnish, french, ga
lician, german, german-x-2012-05-30, greek, gujarati, hindi, hungarian, iceland
ic, indonesian, interlingua, irish, italian, kannada, kurmanji, latin, latvian,
 lithuanian, malayalam, marathi, mongolian, mongolianlmc, monogreek, ngerman, n
german-x-2012-05-30, nynorsk, oriya, panjabi, pinyin, polish, portuguese, roman
ian, russian, sanskrit, serbian, slovak, slovenian, spanish, swedish, swissgerm
an, tamil, telugu, turkish, turkmen, ukenglish, ukrainian, uppersorbian, usengl
ishmax, welsh, loaded.

If latex fails to find aiaa-tc, read the README file!
("C:\Program Files\MiKTeX 2.9\tex\latex\aiaa\aiaa-tc.cls"
Document Class: aiaa-tc 2004/04/03 v3.5 AIAA technical conference paper
("C:\Program Files\MiKTeX 2.9\tex\latex\base\article.cls"
Document Class: article 2007/10/19 v1.4h Standard LaTeX document class
("C:\Program Files\MiKTeX 2.9\tex\latex\base\size10.clo"
File: size10.clo 2007/10/19 v1.4h Standard LaTeX file (size option)
)
\c@part=\count79
\c@section=\count80
\c@subsection=\count81
\c@subsubsection=\count82
\c@paragraph=\count83
\c@subparagraph=\count84
\c@figure=\count85
\c@table=\count86
\abovecaptionskip=\skip41
\belowcaptionskip=\skip42
\bibindent=\dimen102
)
("C:\Program Files\MiKTeX 2.9\tex\latex\geometry\geometry.sty"
Package: geometry 2010/09/12 v5.6 Page Geometry

("C:\Program Files\MiKTeX 2.9\tex\latex\graphics\keyval.sty"
Package: keyval 1999/03/16 v1.13 key=value parser (DPC)
\KV@toks@=\toks14
)
("C:\Program Files\MiKTeX 2.9\tex\generic\oberdiek\ifpdf.sty"
Package: ifpdf 2011/01/30 v2.3 Provides the ifpdf switch (HO)
Package ifpdf Info: pdfTeX in PDF mode is detected.
)
("C:\Program Files\MiKTeX 2.9\tex\generic\oberdiek\ifvtex.sty"
Package: ifvtex 2010/03/01 v1.5 Detect VTeX and its facilities (HO)
Package ifvtex Info: VTeX not detected.
)
("C:\Program Files\MiKTeX 2.9\tex\generic\ifxetex\ifxetex.sty"
Package: ifxetex 2010/09/12 v0.6 Provides ifxetex conditional
)
\Gm@cnth=\count87
\Gm@cntv=\count88
\c@Gm@tempcnt=\count89
\Gm@bindingoffset=\dimen103
\Gm@wd@mp=\dimen104
\Gm@odd@mp=\dimen105
\Gm@even@mp=\dimen106
\Gm@layoutwidth=\dimen107
\Gm@layoutheight=\dimen108
\Gm@layouthoffset=\dimen109
\Gm@layoutvoffset=\dimen110
\Gm@dimlist=\toks15

("C:\Program Files\MiKTeX 2.9\tex\latex\geometry\geometry.cfg"))
("C:\Program Files\MiKTeX 2.9\tex\latex\graphics\graphicx.sty"
Package: graphicx 1999/02/16 v1.0f Enhanced LaTeX Graphics (DPC,SPQR)

("C:\Program Files\MiKTeX 2.9\tex\latex\graphics\graphics.sty"
Package: graphics 2009/02/05 v1.0o Standard LaTeX Graphics (DPC,SPQR)

("C:\Program Files\MiKTeX 2.9\tex\latex\graphics\trig.sty"
Package: trig 1999/03/16 v1.09 sin cos tan (DPC)
)
("C:\Program Files\MiKTeX 2.9\tex\latex\00miktex\graphics.cfg"
File: graphics.cfg 2007/01/18 v1.5 graphics configuration of teTeX/TeXLive
)
Package graphics Info: Driver file: pdftex.def on input line 91.

("C:\Program Files\MiKTeX 2.9\tex\latex\pdftex-def\pdftex.def"
File: pdftex.def 2011/05/27 v0.06d Graphics/color for pdfTeX

("C:\Program Files\MiKTeX 2.9\tex\generic\oberdiek\infwarerr.sty"
Package: infwarerr 2010/04/08 v1.3 Providing info/warning/error messages (HO)
)
("C:\Program Files\MiKTeX 2.9\tex\generic\oberdiek\ltxcmds.sty"
Package: ltxcmds 2011/11/09 v1.22 LaTeX kernel commands for general use (HO)
)
\Gread@gobject=\count90
))
\Gin@req@height=\dimen111
\Gin@req@width=\dimen112
)
("C:\Program Files\MiKTeX 2.9\tex\latex\tools\array.sty"
Package: array 2008/09/09 v2.4c Tabular extension package (FMi)
\col@sep=\dimen113
\extrarowheight=\dimen114
\NC@list=\toks16
\extratabsurround=\skip43
\backup@length=\skip44
)
("C:\Program Files\MiKTeX 2.9\tex\latex\cite\overcite.sty"
Package: overcite 1999/04/23  v 3.8
)
("C:\Program Files\MiKTeX 2.9\tex\latex\lastpage\lastpage.sty"
Package: lastpage 2013/01/28 v1.2l Refers to last page's name (HMM; JPG)
)
("C:\Program Files\MiKTeX 2.9\tex\latex\fancyhdr\fancyhdr.sty"
\fancy@headwidth=\skip45
\f@ncyO@elh=\skip46
\f@ncyO@erh=\skip47
\f@ncyO@olh=\skip48
\f@ncyO@orh=\skip49
\f@ncyO@elf=\skip50
\f@ncyO@erf=\skip51
\f@ncyO@olf=\skip52
\f@ncyO@orf=\skip53
)
\c@aiaa@cthanks=\count91
\c@aiaa@cfootnote=\count92
)
("C:\Program Files\MiKTeX 2.9\tex\latex\float\float.sty"
Package: float 2001/11/08 v1.3d Float enhancements (AL)
\c@float@type=\count93
\float@exts=\toks17
\float@box=\box26
\@float@everytoks=\toks18
\@floatcapt=\box27
)
("C:\Program Files\MiKTeX 2.9\tex\latex\oberdiek\epstopdf.sty"
Package: epstopdf 2010/02/09 v2.5 Conversion with epstopdf on the fly (HO)

("C:\Program Files\MiKTeX 2.9\tex\latex\oberdiek\epstopdf-base.sty"
Package: epstopdf-base 2010/02/09 v2.5 Base part for package epstopdf

("C:\Program Files\MiKTeX 2.9\tex\latex\oberdiek\grfext.sty"
Package: grfext 2010/08/19 v1.1 Manage graphics extensions (HO)

("C:\Program Files\MiKTeX 2.9\tex\generic\oberdiek\kvdefinekeys.sty"
Package: kvdefinekeys 2011/04/07 v1.3 Define keys (HO)
))
("C:\Program Files\MiKTeX 2.9\tex\latex\oberdiek\kvoptions.sty"
Package: kvoptions 2011/06/30 v3.11 Key value format for package options (HO)

("C:\Program Files\MiKTeX 2.9\tex\generic\oberdiek\kvsetkeys.sty"
Package: kvsetkeys 2012/04/25 v1.16 Key value parser (HO)

("C:\Program Files\MiKTeX 2.9\tex\generic\oberdiek\etexcmds.sty"
Package: etexcmds 2011/02/16 v1.5 Avoid name clashes with e-TeX commands (HO)

("C:\Program Files\MiKTeX 2.9\tex\generic\oberdiek\ifluatex.sty"
Package: ifluatex 2010/03/01 v1.3 Provides the ifluatex switch (HO)
Package ifluatex Info: LuaTeX not detected.
)
Package etexcmds Info: Could not find \expanded.
(etexcmds)             That can mean that you are not using pdfTeX 1.50 or
(etexcmds)             that some package has redefined \expanded.
(etexcmds)             In the latter case, load this package earlier.
)))
("C:\Program Files\MiKTeX 2.9\tex\generic\oberdiek\pdftexcmds.sty"
Package: pdftexcmds 2011/11/29 v0.20 Utility functions of pdfTeX for LuaTeX (HO
)
Package pdftexcmds Info: LuaTeX not detected.
Package pdftexcmds Info: \pdf@primitive is available.
Package pdftexcmds Info: \pdf@ifprimitive is available.
Package pdftexcmds Info: \pdfdraftmode found.
)
Package grfext Info: Graphics extension search list:
(grfext)             [.png,.pdf,.jpg,.mps,.jpeg,.jbig2,.jb2,.PNG,.PDF,.JPG,.JPE
G,.JBIG2,.JB2,.eps]
(grfext)             \AppendGraphicsExtensions on input line 452.
))
("C:\Program Files\MiKTeX 2.9\tex\latex\amsmath\amsmath.sty"
Package: amsmath 2013/01/14 v2.14 AMS math features
\@mathmargin=\skip54

For additional information on amsmath, use the `?' option.
("C:\Program Files\MiKTeX 2.9\tex\latex\amsmath\amstext.sty"
Package: amstext 2000/06/29 v2.01

("C:\Program Files\MiKTeX 2.9\tex\latex\amsmath\amsgen.sty"
File: amsgen.sty 1999/11/30 v2.0
\@emptytoks=\toks19
\ex@=\dimen115
))
("C:\Program Files\MiKTeX 2.9\tex\latex\amsmath\amsbsy.sty"
Package: amsbsy 1999/11/29 v1.2d
\pmbraise@=\dimen116
)
("C:\Program Files\MiKTeX 2.9\tex\latex\amsmath\amsopn.sty"
Package: amsopn 1999/12/14 v2.01 operator names
)
\inf@bad=\count94
LaTeX Info: Redefining \frac on input line 210.
\uproot@=\count95
\leftroot@=\count96
LaTeX Info: Redefining \overline on input line 306.
\classnum@=\count97
\DOTSCASE@=\count98
LaTeX Info: Redefining \ldots on input line 378.
LaTeX Info: Redefining \dots on input line 381.
LaTeX Info: Redefining \cdots on input line 466.
\Mathstrutbox@=\box28
\strutbox@=\box29
\big@size=\dimen117
LaTeX Font Info:    Redeclaring font encoding OML on input line 566.
LaTeX Font Info:    Redeclaring font encoding OMS on input line 567.
\macc@depth=\count99
\c@MaxMatrixCols=\count100
\dotsspace@=\muskip10
\c@parentequation=\count101
\dspbrk@lvl=\count102
\tag@help=\toks20
\row@=\count103
\column@=\count104
\maxfields@=\count105
\andhelp@=\toks21
\eqnshift@=\dimen118
\alignsep@=\dimen119
\tagshift@=\dimen120
\tagwidth@=\dimen121
\totwidth@=\dimen122
\lineht@=\dimen123
\@envbody=\toks22
\multlinegap=\skip55
\multlinetaggap=\skip56
\mathdisplay@stack=\toks23
LaTeX Info: Redefining \[ on input line 2665.
LaTeX Info: Redefining \] on input line 2666.
)
("C:\Program Files\MiKTeX 2.9\tex\latex\xcolor\xcolor.sty"
Package: xcolor 2007/01/21 v2.11 LaTeX color extensions (UK)

("C:\Program Files\MiKTeX 2.9\tex\latex\00miktex\color.cfg"
File: color.cfg 2007/01/18 v1.5 color configuration of teTeX/TeXLive
)
Package xcolor Info: Driver file: pdftex.def on input line 225.

("C:\Program Files\MiKTeX 2.9\tex\latex\colortbl\colortbl.sty"
Package: colortbl 2012/02/13 v1.0a Color table columns (DPC)
\everycr=\toks24
\minrowclearance=\skip57
)
\rownum=\count106
Package xcolor Info: Model `cmy' substituted by `cmy0' on input line 1337.
Package xcolor Info: Model `hsb' substituted by `rgb' on input line 1341.
Package xcolor Info: Model `RGB' extended on input line 1353.
Package xcolor Info: Model `HTML' substituted by `rgb' on input line 1355.
Package xcolor Info: Model `Hsb' substituted by `hsb' on input line 1356.
Package xcolor Info: Model `tHsb' substituted by `hsb' on input line 1357.
Package xcolor Info: Model `HSB' substituted by `hsb' on input line 1358.
Package xcolor Info: Model `Gray' substituted by `gray' on input line 1359.
Package xcolor Info: Model `wave' substituted by `hsb' on input line 1360.
)
("C:\Program Files\MiKTeX 2.9\tex\latex\textgreek\textgreek.sty"
Package: textgreek 2011/10/09 v0.7 Greek symbols in text
Package textgreek Info: Loading the definitions for the Greek fontencoding. on 
input line 39.

("C:\Program Files\MiKTeX 2.9\tex\generic\babel\lgrenc.def"
File: lgrenc.def 2008/06/17 v2.3 Greek Encoding
)
Package textgreek Info: Loaded fontmap: {phv/*/*}{U/psy/*/*} {*/bx/n}{U/eur/b/n
} {*/b/n}{U/eur/b/n} {*/*/n}{U/eur/m/n} {*/*/it}{OML/*/*/*}. on input line 69.
)
("C:\Program Files\MiKTeX 2.9\tex\latex\hyperref\hyperref.sty"
Package: hyperref 2012/11/06 v6.83m Hypertext links for LaTeX

("C:\Program Files\MiKTeX 2.9\tex\generic\oberdiek\hobsub-hyperref.sty"
Package: hobsub-hyperref 2012/04/25 v1.12 Bundle oberdiek, subset hyperref (HO)


("C:\Program Files\MiKTeX 2.9\tex\generic\oberdiek\hobsub-generic.sty"
Package: hobsub-generic 2012/04/25 v1.12 Bundle oberdiek, subset generic (HO)
Package: hobsub 2012/04/25 v1.12 Construct package bundles (HO)
Package hobsub Info: Skipping package `infwarerr' (already loaded).
Package hobsub Info: Skipping package `ltxcmds' (already loaded).
Package hobsub Info: Skipping package `ifluatex' (already loaded).
Package hobsub Info: Skipping package `ifvtex' (already loaded).
Package: intcalc 2007/09/27 v1.1 Expandable calculations with integers (HO)
Package hobsub Info: Skipping package `ifpdf' (already loaded).
Package hobsub Info: Skipping package `etexcmds' (already loaded).
Package hobsub Info: Skipping package `kvsetkeys' (already loaded).
Package hobsub Info: Skipping package `kvdefinekeys' (already loaded).
Package hobsub Info: Skipping package `pdftexcmds' (already loaded).
Package: pdfescape 2011/11/25 v1.13 Implements pdfTeX's escape features (HO)
Package: bigintcalc 2012/04/08 v1.3 Expandable calculations on big integers (HO
)
Package: bitset 2011/01/30 v1.1 Handle bit-vector datatype (HO)
Package: uniquecounter 2011/01/30 v1.2 Provide unlimited unique counter (HO)
)
Package hobsub Info: Skipping package `hobsub' (already loaded).
Package: letltxmacro 2010/09/02 v1.4 Let assignment for LaTeX macros (HO)
Package: hopatch 2011/06/24 v1.1 Wrapper for package hooks (HO)
Package: xcolor-patch 2011/01/30 xcolor patch
Package: atveryend 2011/06/30 v1.8 Hooks at the very end of document (HO)
Package atveryend Info: \enddocument detected (standard20110627).
Package: atbegshi 2011/10/05 v1.16 At begin shipout hook (HO)
Package: refcount 2011/10/16 v3.4 Data extraction from label references (HO)
Package: hycolor 2011/01/30 v1.7 Color options for hyperref/bookmark (HO)
)
("C:\Program Files\MiKTeX 2.9\tex\latex\oberdiek\auxhook.sty"
Package: auxhook 2011/03/04 v1.3 Hooks for auxiliary files (HO)
)
\@linkdim=\dimen124
\Hy@linkcounter=\count107
\Hy@pagecounter=\count108

("C:\Program Files\MiKTeX 2.9\tex\latex\hyperref\pd1enc.def"
File: pd1enc.def 2012/11/06 v6.83m Hyperref: PDFDocEncoding definition (HO)
)
\Hy@SavedSpaceFactor=\count109

("C:\Program Files\MiKTeX 2.9\tex\latex\00miktex\hyperref.cfg"
File: hyperref.cfg 2002/06/06 v1.2 hyperref configuration of TeXLive
)
Package hyperref Info: Option `colorlinks' set `true' on input line 4319.
Package hyperref Info: Hyper figures OFF on input line 4443.
Package hyperref Info: Link nesting OFF on input line 4448.
Package hyperref Info: Hyper index ON on input line 4451.
Package hyperref Info: Plain pages OFF on input line 4458.
Package hyperref Info: Backreferencing OFF on input line 4463.
Package hyperref Info: Implicit mode ON; LaTeX internals redefined.
Package hyperref Info: Bookmarks ON on input line 4688.
\c@Hy@tempcnt=\count110

("C:\Program Files\MiKTeX 2.9\tex\latex\ltxmisc\url.sty"
\Urlmuskip=\muskip11
Package: url 2006/04/12  ver 3.3  Verb mode for urls, etc.
)
LaTeX Info: Redefining \url on input line 5041.
\XeTeXLinkMargin=\dimen125
\Fld@menulength=\count111
\Field@Width=\dimen126
\Fld@charsize=\dimen127
Package hyperref Info: Hyper figures OFF on input line 6295.
Package hyperref Info: Link nesting OFF on input line 6300.
Package hyperref Info: Hyper index ON on input line 6303.
Package hyperref Info: backreferencing OFF on input line 6310.
Package hyperref Info: Link coloring ON on input line 6313.
Package hyperref Info: Link coloring with OCG OFF on input line 6320.
Package hyperref Info: PDF/A mode OFF on input line 6325.
LaTeX Info: Redefining \ref on input line 6365.
LaTeX Info: Redefining \pageref on input line 6369.
\Hy@abspage=\count112
\c@Item=\count113
\c@Hfootnote=\count114
)

Package hyperref Message: Driver (autodetected): hpdftex.

("C:\Program Files\MiKTeX 2.9\tex\latex\hyperref\hpdftex.def"
File: hpdftex.def 2012/11/06 v6.83m Hyperref driver for pdfTeX
\Fld@listcount=\count115
\c@bookmark@seq@number=\count116

("C:\Program Files\MiKTeX 2.9\tex\latex\oberdiek\rerunfilecheck.sty"
Package: rerunfilecheck 2011/04/15 v1.7 Rerun checks for auxiliary files (HO)
Package uniquecounter Info: New unique counter `rerunfilecheck' on input line 2
82.
)
\Hy@SectionHShift=\skip58
)
("C:\Program Files\MiKTeX 2.9\tex\latex\listings\listings.sty"
\lst@mode=\count117
\lst@gtempboxa=\box30
\lst@token=\toks25
\lst@length=\count118
\lst@currlwidth=\dimen128
\lst@column=\count119
\lst@pos=\count120
\lst@lostspace=\dimen129
\lst@width=\dimen130
\lst@newlines=\count121
\lst@lineno=\count122
\lst@maxwidth=\dimen131

("C:\Program Files\MiKTeX 2.9\tex\latex\listings\lstmisc.sty"
File: lstmisc.sty 2007/02/22 1.4 (Carsten Heinz)
\c@lstnumber=\count123
\lst@skipnumbers=\count124
\lst@framebox=\box31
)
("C:\Program Files\MiKTeX 2.9\tex\latex\listings\listings.cfg"
File: listings.cfg 2007/02/22 1.4 listings configuration
))
Package: listings 2007/02/22 1.4 (Carsten Heinz)

("C:\Program Files\MiKTeX 2.9\tex\latex\tablefootnote\tablefootnote.sty"
Package: tablefootnote 2012/07/29 v1.0h Table foot notes (HMM)

("C:\Program Files\MiKTeX 2.9\tex\latex\etoolbox\etoolbox.sty"
Package: etoolbox 2011/01/03 v2.1 e-TeX tools for LaTeX

("C:\Program Files\MiKTeX 2.9\tex\latex\misc\etex.sty"
Package: etex 1998/03/26 v2.0 eTeX basic definition package (PEB)
\et@xins=\count125
)
\etb@tempcnta=\count126
))
("C:\Program Files\MiKTeX 2.9\tex\latex\tools\bm.sty"
Package: bm 2004/02/26 v1.1c Bold Symbol Support (DPC/FMi)
\symboldoperators=\mathgroup4
\symboldletters=\mathgroup5
\symboldsymbols=\mathgroup6
LaTeX Font Info:    Redeclaring math alphabet \mathbf on input line 138.
LaTeX Info: Redefining \bm on input line 204.
)
("C:\Program Files\MiKTeX 2.9\tex\latex\subfigure\subfigure.sty"
Package: subfigure 2002/07/30 v2.1.4 subfigure package
\subfigtopskip=\skip59
\subfigcapskip=\skip60
\subfigcaptopadj=\dimen132
\subfigbottomskip=\skip61
\subfigcapmargin=\dimen133
\subfiglabelskip=\skip62
\c@subfigure=\count127
\c@lofdepth=\count128
\c@subtable=\count129
\c@lotdepth=\count130

****************************************
* Local config file subfigure.cfg used *
****************************************
("C:\Program Files\MiKTeX 2.9\tex\latex\subfigure\subfigure.cfg")
\subfig@top=\skip63
\subfig@bottom=\skip64
)
(C:\Users\John\Documents\Astro\ASEN6080_SOD2\Project\Report\Clouse_ASEN6080_Pro
ject.aux

LaTeX Warning: Label `eqn:H_Euler' multiply defined.

)
LaTeX Font Info:    Checking defaults for OML/cmm/m/it on input line 113.
LaTeX Font Info:    ... okay on input line 113.
LaTeX Font Info:    Checking defaults for T1/cmr/m/n on input line 113.
LaTeX Font Info:    ... okay on input line 113.
LaTeX Font Info:    Checking defaults for OT1/cmr/m/n on input line 113.
LaTeX Font Info:    ... okay on input line 113.
LaTeX Font Info:    Checking defaults for OMS/cmsy/m/n on input line 113.
LaTeX Font Info:    ... okay on input line 113.
LaTeX Font Info:    Checking defaults for OMX/cmex/m/n on input line 113.
LaTeX Font Info:    ... okay on input line 113.
LaTeX Font Info:    Checking defaults for U/cmr/m/n on input line 113.
LaTeX Font Info:    ... okay on input line 113.
LaTeX Font Info:    Checking defaults for LGR/cmr/m/n on input line 113.
LaTeX Font Info:    Try loading font information for LGR+cmr on input line 113.

 ("C:\Program Files\MiKTeX 2.9\tex\generic\babel\lgrcmr.fd"
File: lgrcmr.fd 2008/06/17 v2.3 Greek Computer Modern
)
LaTeX Font Info:    ... okay on input line 113.
LaTeX Font Info:    Checking defaults for PD1/pdf/m/n on input line 113.
LaTeX Font Info:    ... okay on input line 113.

*geometry* driver: auto-detecting
*geometry* detected driver: pdftex
*geometry* verbose mode - [ preamble ] result:
* driver: pdftex
* paper: <default>
* layout: <same size as paper>
* layoutoffset:(h,v)=(0.0pt,0.0pt)
* modes: 
* h-part:(L,W,R)=(72.26999pt, 469.75502pt, 72.26999pt)
* v-part:(T,H,B)=(54.2025pt, 668.4975pt, 72.26999pt)
* \paperwidth=614.295pt
* \paperheight=794.96999pt
* \textwidth=469.75502pt
* \textheight=668.4975pt
* \oddsidemargin=0.0pt
* \evensidemargin=0.0pt
* \topmargin=-55.06749pt
* \headheight=12.0pt
* \headsep=25.0pt
* \topskip=10.0pt
* \footskip=30.0pt
* \marginparwidth=65.0pt
* \marginparsep=11.0pt
* \columnsep=10.0pt
* \skip\footins=9.0pt plus 4.0pt minus 2.0pt
* \hoffset=0.0pt
* \voffset=0.0pt
* \mag=1000
* \@twocolumnfalse
* \@twosidefalse
* \@mparswitchfalse
* \@reversemarginfalse
* (1in=72.27pt=25.4mm, 1cm=28.453pt)

("C:\Program Files\MiKTeX 2.9\tex\context\base\supp-pdf.mkii"
[Loading MPS to PDF converter (version 2006.09.02).]
\scratchcounter=\count131
\scratchdimen=\dimen134
\scratchbox=\box32
\nofMPsegments=\count132
\nofMParguments=\count133
\everyMPshowfont=\toks26
\MPscratchCnt=\count134
\MPscratchDim=\dimen135
\MPnumerator=\count135
\makeMPintoPDFobject=\count136
\everyMPtoPDFconversion=\toks27
)
Package lastpage Info: Please have a look at the pageslts package at
(lastpage)             http://www.ctan.org/tex-archive/ 
(lastpage)             macros/latex/contrib/pageslts/ 
(lastpage)             or
(lastpage)             http://www.ctan.org/tex-archive/ 
(lastpage)             install/macros/latex/contrib/pageslts.tds.zip
(lastpage)             ! on input line 113.
\AtBeginShipoutBox=\box33
Package hyperref Info: Link coloring ON on input line 113.
 ("C:\Program Files\MiKTeX 2.9\tex\latex\hyperref\nameref.sty"
Package: nameref 2012/10/27 v2.43 Cross-referencing by name of section

("C:\Program Files\MiKTeX 2.9\tex\generic\oberdiek\gettitlestring.sty"
Package: gettitlestring 2010/12/03 v1.4 Cleanup title references (HO)
)
\c@section@level=\count137
)
LaTeX Info: Redefining \ref on input line 113.
LaTeX Info: Redefining \pageref on input line 113.
LaTeX Info: Redefining \nameref on input line 113.

(C:\Users\John\Documents\Astro\ASEN6080_SOD2\Project\Report\Clouse_ASEN6080_Pro
ject.out)
(C:\Users\John\Documents\Astro\ASEN6080_SOD2\Project\Report\Clouse_ASEN6080_Pro
ject.out)
\@outlinefile=\write3
\c@lstlisting=\count138
 [1

{C:/ProgramData/MiKTeX/2.9/pdftex/config/pdftex.map}]
(C:\Users\John\Documents\Astro\ASEN6080_SOD2\Project\Report\Clouse_ASEN6080_Pro
ject.toc)
\tf@toc=\write4
 [2] [3]
Package epstopdf Info: Source file: <../Figures/sim_angles.eps>
(epstopdf)                    date: 2016-05-03 19:46:54
(epstopdf)                    size: 171648 bytes
(epstopdf)             Output file: <../Figures/sim_angles-eps-converted-to.pdf
>
(epstopdf)                    date: 2016-05-03 19:47:18
(epstopdf)                    size: 69473 bytes
(epstopdf)             Command: <epstopdf --outfile=../Figures/sim_angles-eps-c
onverted-to.pdf ../Figures/sim_angles.eps>
(epstopdf)             \includegraphics on input line 243.
Package epstopdf Info: Output file is already uptodate.

<../Figures/sim_angles-eps-converted-to.pdf, id=86, 842.14626pt x 632.3625pt>
File: ../Figures/sim_angles-eps-converted-to.pdf Graphic file (type pdf)

<use ../Figures/sim_angles-eps-converted-to.pdf>
Package pdftex.def Info: ../Figures/sim_angles-eps-converted-to.pdf used on inp
ut line 243.
(pdftex.def)             Requested size: 341.44002pt x 256.38524pt.
Package epstopdf Info: Source file: <../Figures/sim_rates.eps>
(epstopdf)                    date: 2016-05-03 19:47:57
(epstopdf)                    size: 171370 bytes
(epstopdf)             Output file: <../Figures/sim_rates-eps-converted-to.pdf>

(epstopdf)                    date: 2016-05-03 19:48:00
(epstopdf)                    size: 44732 bytes
(epstopdf)             Command: <epstopdf --outfile=../Figures/sim_rates-eps-co
nverted-to.pdf ../Figures/sim_rates.eps>
(epstopdf)             \includegraphics on input line 246.
Package epstopdf Info: Output file is already uptodate.

<../Figures/sim_rates-eps-converted-to.pdf, id=87, 842.14626pt x 632.3625pt>
File: ../Figures/sim_rates-eps-converted-to.pdf Graphic file (type pdf)

<use ../Figures/sim_rates-eps-converted-to.pdf>
Package pdftex.def Info: ../Figures/sim_rates-eps-converted-to.pdf used on inpu
t line 246.
(pdftex.def)             Requested size: 341.44002pt x 256.38524pt.
 [4] [5 <C:/Users/John/Documents/Astro/ASEN6080_SOD2/Project/Figures/sim_angles
-eps-converted-to.pdf> <C:/Users/John/Documents/Astro/ASEN6080_SOD2/Project/Fig
ures/sim_rates-eps-converted-to.pdf>]
Package epstopdf Info: Source file: <../Figures/CKF_apExact_AngleError.eps>
(epstopdf)                    date: 2016-05-03 21:00:22
(epstopdf)                    size: 305160 bytes
(epstopdf)             Output file: <../Figures/CKF_apExact_AngleError-eps-conv
erted-to.pdf>
(epstopdf)                    date: 2016-05-03 21:00:24
(epstopdf)                    size: 80717 bytes
(epstopdf)             Command: <epstopdf --outfile=../Figures/CKF_apExact_Angl
eError-eps-converted-to.pdf ../Figures/CKF_apExact_AngleError.eps>
(epstopdf)             \includegraphics on input line 301.
Package epstopdf Info: Output file is already uptodate.

<../Figures/CKF_apExact_AngleError-eps-converted-to.pdf, id=129, 842.14626pt x 
632.3625pt>
File: ../Figures/CKF_apExact_AngleError-eps-converted-to.pdf Graphic file (type
 pdf)
 <use ../Figures/CKF_apExact_AngleError-eps-converted-to.pdf>
Package pdftex.def Info: ../Figures/CKF_apExact_AngleError-eps-converted-to.pdf
 used on input line 301.
(pdftex.def)             Requested size: 256.0768pt x 192.28651pt.
Package epstopdf Info: Source file: <../Figures/CKF_apExact_RateError.eps>
(epstopdf)                    date: 2016-05-03 20:49:42
(epstopdf)                    size: 329121 bytes
(epstopdf)             Output file: <../Figures/CKF_apExact_RateError-eps-conve
rted-to.pdf>
(epstopdf)                    date: 2016-05-03 20:53:36
(epstopdf)                    size: 79075 bytes
(epstopdf)             Command: <epstopdf --outfile=../Figures/CKF_apExact_Rate
Error-eps-converted-to.pdf ../Figures/CKF_apExact_RateError.eps>
(epstopdf)             \includegraphics on input line 304.
Package epstopdf Info: Output file is already uptodate.

<../Figures/CKF_apExact_RateError-eps-converted-to.pdf, id=130, 843.15pt x 632.
3625pt>
File: ../Figures/CKF_apExact_RateError-eps-converted-to.pdf Graphic file (type 
pdf)
 <use ../Figures/CKF_apExact_RateError-eps-converted-to.pdf>
Package pdftex.def Info: ../Figures/CKF_apExact_RateError-eps-converted-to.pdf 
used on input line 304.
(pdftex.def)             Requested size: 256.07324pt x 192.05493pt.
Package epstopdf Info: Source file: <../Figures/CKF_apExact_pfr.eps>
(epstopdf)                    date: 2016-05-03 20:48:39
(epstopdf)                    size: 565295 bytes
(epstopdf)             Output file: <../Figures/CKF_apExact_pfr-eps-converted-t
o.pdf>
(epstopdf)                    date: 2016-05-03 20:53:38
(epstopdf)                    size: 812835 bytes
(epstopdf)             Command: <epstopdf --outfile=../Figures/CKF_apExact_pfr-
eps-converted-to.pdf ../Figures/CKF_apExact_pfr.eps>
(epstopdf)             \includegraphics on input line 307.
Package epstopdf Info: Output file is already uptodate.

<../Figures/CKF_apExact_pfr-eps-converted-to.pdf, id=131, 843.15pt x 630.355pt>
File: ../Figures/CKF_apExact_pfr-eps-converted-to.pdf Graphic file (type pdf)
<use ../Figures/CKF_apExact_pfr-eps-converted-to.pdf>
Package pdftex.def Info: ../Figures/CKF_apExact_pfr-eps-converted-to.pdf used o
n input line 307.
(pdftex.def)             Requested size: 256.07324pt x 191.44524pt.
 [6] [7 <C:/Users/John/Documents/Astro/ASEN6080_SOD2/Project/Figures/CKF_apExac
t_AngleError-eps-converted-to.pdf> <C:/Users/John/Documents/Astro/ASEN6080_SOD2
/Project/Figures/CKF_apExact_RateError-eps-converted-to.pdf> <C:/Users/John/Doc
uments/Astro/ASEN6080_SOD2/Project/Figures/CKF_apExact_pfr-eps-converted-to.pdf
>]
Package epstopdf Info: Source file: <../Figures/EKF_Yaw_AngleError.eps>
(epstopdf)                    date: 2016-05-03 21:23:34
(epstopdf)                    size: 308697 bytes
(epstopdf)             Output file: <../Figures/EKF_Yaw_AngleError-eps-converte
d-to.pdf>
(epstopdf)                    date: 2016-05-03 21:25:37
(epstopdf)                    size: 50996 bytes
(epstopdf)             Command: <epstopdf --outfile=../Figures/EKF_Yaw_AngleErr
or-eps-converted-to.pdf ../Figures/EKF_Yaw_AngleError.eps>
(epstopdf)             \includegraphics on input line 321.
Package epstopdf Info: Output file is already uptodate.

<../Figures/EKF_Yaw_AngleError-eps-converted-to.pdf, id=194, 843.15pt x 632.362
5pt>
File: ../Figures/EKF_Yaw_AngleError-eps-converted-to.pdf Graphic file (type pdf
)
 <use ../Figures/EKF_Yaw_AngleError-eps-converted-to.pdf>
Package pdftex.def Info: ../Figures/EKF_Yaw_AngleError-eps-converted-to.pdf use
d on input line 321.
(pdftex.def)             Requested size: 256.07324pt x 192.05493pt.
Package epstopdf Info: Source file: <../Figures/EKF_Yaw_RatesError.eps>
(epstopdf)                    date: 2016-05-03 21:24:13
(epstopdf)                    size: 329105 bytes
(epstopdf)             Output file: <../Figures/EKF_Yaw_RatesError-eps-converte
d-to.pdf>
(epstopdf)                    date: 2016-05-03 21:25:58
(epstopdf)                    size: 79430 bytes
(epstopdf)             Command: <epstopdf --outfile=../Figures/EKF_Yaw_RatesErr
or-eps-converted-to.pdf ../Figures/EKF_Yaw_RatesError.eps>
(epstopdf)             \includegraphics on input line 324.
Package epstopdf Info: Output file is already uptodate.

<../Figures/EKF_Yaw_RatesError-eps-converted-to.pdf, id=195, 842.14626pt x 632.
3625pt>
File: ../Figures/EKF_Yaw_RatesError-eps-converted-to.pdf Graphic file (type pdf
)
 <use ../Figures/EKF_Yaw_RatesError-eps-converted-to.pdf>
Package pdftex.def Info: ../Figures/EKF_Yaw_RatesError-eps-converted-to.pdf use
d on input line 324.
(pdftex.def)             Requested size: 256.0768pt x 192.28651pt.
Package epstopdf Info: Source file: <../Figures/EKF_Yaw_pfr.eps>
(epstopdf)                    date: 2016-05-03 21:24:51
(epstopdf)                    size: 723129 bytes
(epstopdf)             Output file: <../Figures/EKF_Yaw_pfr-eps-converted-to.pd
f>
(epstopdf)                    date: 2016-05-03 21:26:00
(epstopdf)                    size: 1076761 bytes
(epstopdf)             Command: <epstopdf --outfile=../Figures/EKF_Yaw_pfr-eps-
converted-to.pdf ../Figures/EKF_Yaw_pfr.eps>
(epstopdf)             \includegraphics on input line 327.
Package epstopdf Info: Output file is already uptodate.

<../Figures/EKF_Yaw_pfr-eps-converted-to.pdf, id=196, 842.14626pt x 632.3625pt>
File: ../Figures/EKF_Yaw_pfr-eps-converted-to.pdf Graphic file (type pdf)
<use ../Figures/EKF_Yaw_pfr-eps-converted-to.pdf>
Package pdftex.def Info: ../Figures/EKF_Yaw_pfr-eps-converted-to.pdf used on in
put line 327.
(pdftex.def)             Requested size: 256.0768pt x 192.28651pt.
 [8]
Overfull \vbox (0.24158pt too high) has occurred while \output is active []


[9 <C:/Users/John/Documents/Astro/ASEN6080_SOD2/Project/Figures/EKF_Yaw_AngleEr
ror-eps-converted-to.pdf> <C:/Users/John/Documents/Astro/ASEN6080_SOD2/Project/
Figures/EKF_Yaw_RatesError-eps-converted-to.pdf> <C:/Users/John/Documents/Astro
/ASEN6080_SOD2/Project/Figures/EKF_Yaw_pfr-eps-converted-to.pdf>]
Package epstopdf Info: Source file: <../Figures/EKF_YPR_AngleError.eps>
(epstopdf)                    date: 2016-05-03 21:33:00
(epstopdf)                    size: 178670 bytes
(epstopdf)             Output file: <../Figures/EKF_YPR_AngleError-eps-converte
d-to.pdf>
(epstopdf)                    date: 2016-05-03 21:38:17
(epstopdf)                    size: 38312 bytes
(epstopdf)             Command: <epstopdf --outfile=../Figures/EKF_YPR_AngleErr
or-eps-converted-to.pdf ../Figures/EKF_YPR_AngleError.eps>
(epstopdf)             \includegraphics on input line 341.
Package epstopdf Info: Output file is already uptodate.

<../Figures/EKF_YPR_AngleError-eps-converted-to.pdf, id=253, 842.14626pt x 632.
3625pt>
File: ../Figures/EKF_YPR_AngleError-eps-converted-to.pdf Graphic file (type pdf
)
 <use ../Figures/EKF_YPR_AngleError-eps-converted-to.pdf>
Package pdftex.def Info: ../Figures/EKF_YPR_AngleError-eps-converted-to.pdf use
d on input line 341.
(pdftex.def)             Requested size: 256.0768pt x 192.28651pt.
Package epstopdf Info: Source file: <../Figures/EKF_YPR_RateError.eps>
(epstopdf)                    date: 2016-05-03 21:32:40
(epstopdf)                    size: 179111 bytes
(epstopdf)             Output file: <../Figures/EKF_YPR_RateError-eps-converted
-to.pdf>
(epstopdf)                    date: 2016-05-03 21:38:18
(epstopdf)                    size: 31661 bytes
(epstopdf)             Command: <epstopdf --outfile=../Figures/EKF_YPR_RateErro
r-eps-converted-to.pdf ../Figures/EKF_YPR_RateError.eps>
(epstopdf)             \includegraphics on input line 344.
Package epstopdf Info: Output file is already uptodate.

<../Figures/EKF_YPR_RateError-eps-converted-to.pdf, id=254, 842.14626pt x 632.3
625pt>
File: ../Figures/EKF_YPR_RateError-eps-converted-to.pdf Graphic file (type pdf)

 <use ../Figures/EKF_YPR_RateError-eps-converted-to.pdf>
Package pdftex.def Info: ../Figures/EKF_YPR_RateError-eps-converted-to.pdf used
 on input line 344.
(pdftex.def)             Requested size: 256.0768pt x 192.28651pt.
Package epstopdf Info: Source file: <../Figures/EKF_YPR_pfr.eps>
(epstopdf)                    date: 2016-05-03 21:34:07
(epstopdf)                    size: 238923 bytes
(epstopdf)             Output file: <../Figures/EKF_YPR_pfr-eps-converted-to.pd
f>
(epstopdf)                    date: 2016-05-03 21:38:19
(epstopdf)                    size: 305992 bytes
(epstopdf)             Command: <epstopdf --outfile=../Figures/EKF_YPR_pfr-eps-
converted-to.pdf ../Figures/EKF_YPR_pfr.eps>
(epstopdf)             \includegraphics on input line 347.
Package epstopdf Info: Output file is already uptodate.

<../Figures/EKF_YPR_pfr-eps-converted-to.pdf, id=255, 842.14626pt x 632.3625pt>
File: ../Figures/EKF_YPR_pfr-eps-converted-to.pdf Graphic file (type pdf)
<use ../Figures/EKF_YPR_pfr-eps-converted-to.pdf>
Package pdftex.def Info: ../Figures/EKF_YPR_pfr-eps-converted-to.pdf used on in
put line 347.
(pdftex.def)             Requested size: 256.0768pt x 192.28651pt.
 [10]
Overfull \vbox (0.47316pt too high) has occurred while \output is active []


[11 <C:/Users/John/Documents/Astro/ASEN6080_SOD2/Project/Figures/EKF_YPR_AngleE
rror-eps-converted-to.pdf> <C:/Users/John/Documents/Astro/ASEN6080_SOD2/Project
/Figures/EKF_YPR_RateError-eps-converted-to.pdf> <C:/Users/John/Documents/Astro
/ASEN6080_SOD2/Project/Figures/EKF_YPR_pfr-eps-converted-to.pdf>]
Package epstopdf Info: Source file: <../Figures/EKF_Final_AngError.eps>
(epstopdf)                    date: 2016-05-02 22:46:24
(epstopdf)                    size: 310401 bytes
(epstopdf)             Output file: <../Figures/EKF_Final_AngError-eps-converte
d-to.pdf>
(epstopdf)                    date: 2016-05-03 21:54:06
(epstopdf)                    size: 37841 bytes
(epstopdf)             Command: <epstopdf --outfile=../Figures/EKF_Final_AngErr
or-eps-converted-to.pdf ../Figures/EKF_Final_AngError.eps>
(epstopdf)             \includegraphics on input line 361.
Package epstopdf Info: Output file is already uptodate.

<../Figures/EKF_Final_AngError-eps-converted-to.pdf, id=307, 842.14626pt x 632.
3625pt>
File: ../Figures/EKF_Final_AngError-eps-converted-to.pdf Graphic file (type pdf
)
 <use ../Figures/EKF_Final_AngError-eps-converted-to.pdf>
Package pdftex.def Info: ../Figures/EKF_Final_AngError-eps-converted-to.pdf use
d on input line 361.
(pdftex.def)             Requested size: 220.50772pt x 165.57791pt.
Package epstopdf Info: Source file: <../Figures/EKF_Final_RateError.eps>
(epstopdf)                    date: 2016-05-02 22:46:40
(epstopdf)                    size: 328954 bytes
(epstopdf)             Output file: <../Figures/EKF_Final_RateError-eps-convert
ed-to.pdf>
(epstopdf)                    date: 2016-05-03 21:54:07
(epstopdf)                    size: 78345 bytes
(epstopdf)             Command: <epstopdf --outfile=../Figures/EKF_Final_RateEr
ror-eps-converted-to.pdf ../Figures/EKF_Final_RateError.eps>
(epstopdf)             \includegraphics on input line 364.
Package epstopdf Info: Output file is already uptodate.

<../Figures/EKF_Final_RateError-eps-converted-to.pdf, id=308, 842.14626pt x 632
.3625pt>
File: ../Figures/EKF_Final_RateError-eps-converted-to.pdf Graphic file (type pd
f)
 <use ../Figures/EKF_Final_RateError-eps-converted-to.pdf>
Package pdftex.def Info: ../Figures/EKF_Final_RateError-eps-converted-to.pdf us
ed on input line 364.
(pdftex.def)             Requested size: 220.50772pt x 165.57791pt.
Package epstopdf Info: Source file: <../Figures/EKF_Final_PFR_Ang.eps>
(epstopdf)                    date: 2016-05-02 22:50:47
(epstopdf)                    size: 563829 bytes
(epstopdf)             Output file: <../Figures/EKF_Final_PFR_Ang-eps-converted
-to.pdf>
(epstopdf)                    date: 2016-05-03 21:54:08
(epstopdf)                    size: 811630 bytes
(epstopdf)             Command: <epstopdf --outfile=../Figures/EKF_Final_PFR_An
g-eps-converted-to.pdf ../Figures/EKF_Final_PFR_Ang.eps>
(epstopdf)             \includegraphics on input line 367.
Package epstopdf Info: Output file is already uptodate.

<../Figures/EKF_Final_PFR_Ang-eps-converted-to.pdf, id=309, 842.14626pt x 632.3
625pt>
File: ../Figures/EKF_Final_PFR_Ang-eps-converted-to.pdf Graphic file (type pdf)

 <use ../Figures/EKF_Final_PFR_Ang-eps-converted-to.pdf>
Package pdftex.def Info: ../Figures/EKF_Final_PFR_Ang-eps-converted-to.pdf used
 on input line 367.
(pdftex.def)             Requested size: 220.50772pt x 165.57791pt.
Package epstopdf Info: Source file: <../Figures/EKF_Final_PFR_Rates.eps>
(epstopdf)                    date: 2016-05-02 22:50:58
(epstopdf)                    size: 565187 bytes
(epstopdf)             Output file: <../Figures/EKF_Final_PFR_Rates-eps-convert
ed-to.pdf>
(epstopdf)                    date: 2016-05-03 21:54:10
(epstopdf)                    size: 811230 bytes
(epstopdf)             Command: <epstopdf --outfile=../Figures/EKF_Final_PFR_Ra
tes-eps-converted-to.pdf ../Figures/EKF_Final_PFR_Rates.eps>
(epstopdf)             \includegraphics on input line 370.
Package epstopdf Info: Output file is already uptodate.

<../Figures/EKF_Final_PFR_Rates-eps-converted-to.pdf, id=310, 843.15pt x 632.36
25pt>
File: ../Figures/EKF_Final_PFR_Rates-eps-converted-to.pdf Graphic file (type pd
f)
 <use ../Figures/EKF_Final_PFR_Rates-eps-converted-to.pdf>
Package pdftex.def Info: ../Figures/EKF_Final_PFR_Rates-eps-converted-to.pdf us
ed on input line 370.
(pdftex.def)             Requested size: 220.50037pt x 165.37527pt.
Package epstopdf Info: Source file: <../Figures/EKF_AltOff_AngleError.eps>
(epstopdf)                    date: 2016-05-03 22:05:09
(epstopdf)                    size: 310327 bytes
(epstopdf)             Output file: <../Figures/EKF_AltOff_AngleError-eps-conve
rted-to.pdf>
(epstopdf)                    date: 2016-05-03 22:06:23
(epstopdf)                    size: 40110 bytes
(epstopdf)             Command: <epstopdf --outfile=../Figures/EKF_AltOff_Angle
Error-eps-converted-to.pdf ../Figures/EKF_AltOff_AngleError.eps>
(epstopdf)             \includegraphics on input line 382.
Package epstopdf Info: Output file is already uptodate.

<../Figures/EKF_AltOff_AngleError-eps-converted-to.pdf, id=312, 842.14626pt x 6
30.355pt>
File: ../Figures/EKF_AltOff_AngleError-eps-converted-to.pdf Graphic file (type 
pdf)
 <use ../Figures/EKF_AltOff_AngleError-eps-converted-to.pdf>
Package pdftex.def Info: ../Figures/EKF_AltOff_AngleError-eps-converted-to.pdf 
used on input line 382.
(pdftex.def)             Requested size: 256.0768pt x 191.67607pt.
 [12 <C:/Users/John/Documents/Astro/ASEN6080_SOD2/Project/Figures/EKF_Final_Ang
Error-eps-converted-to.pdf> <C:/Users/John/Documents/Astro/ASEN6080_SOD2/Projec
t/Figures/EKF_Final_RateError-eps-converted-to.pdf> <C:/Users/John/Documents/As
tro/ASEN6080_SOD2/Project/Figures/EKF_Final_PFR_Ang-eps-converted-to.pdf> <C:/U
sers/John/Documents/Astro/ASEN6080_SOD2/Project/Figures/EKF_Final_PFR_Rates-eps
-converted-to.pdf>] [13 <C:/Users/John/Documents/Astro/ASEN6080_SOD2/Project/Fi
gures/EKF_AltOff_AngleError-eps-converted-to.pdf>]
Package epstopdf Info: Source file: <../Figures/MEKF_AngleError.eps>
(epstopdf)                    date: 2016-05-04 08:11:12
(epstopdf)                    size: 197236 bytes
(epstopdf)             Output file: <../Figures/MEKF_AngleError-eps-converted-t
o.pdf>
(epstopdf)                    date: 2016-05-04 08:36:14
(epstopdf)                    size: 80738 bytes
(epstopdf)             Command: <epstopdf --outfile=../Figures/MEKF_AngleError-
eps-converted-to.pdf ../Figures/MEKF_AngleError.eps>
(epstopdf)             \includegraphics on input line 438.
Package epstopdf Info: Output file is already uptodate.

<../Figures/MEKF_AngleError-eps-converted-to.pdf, id=409, 842.14626pt x 632.362
5pt>
File: ../Figures/MEKF_AngleError-eps-converted-to.pdf Graphic file (type pdf)
 <use ../Figures/MEKF_AngleError-eps-converted-to.pdf>
Package pdftex.def Info: ../Figures/MEKF_AngleError-eps-converted-to.pdf used o
n input line 438.
(pdftex.def)             Requested size: 220.50772pt x 165.57791pt.
Package epstopdf Info: Source file: <../Figures/MEKF_QuatVecError.eps>
(epstopdf)                    date: 2016-05-02 22:08:31
(epstopdf)                    size: 481226 bytes
(epstopdf)             Output file: <../Figures/MEKF_QuatVecError-eps-converted
-to.pdf>
(epstopdf)                    date: 2016-05-04 08:36:15
(epstopdf)                    size: 809494 bytes
(epstopdf)             Command: <epstopdf --outfile=../Figures/MEKF_QuatVecErro
r-eps-converted-to.pdf ../Figures/MEKF_QuatVecError.eps>
(epstopdf)             \includegraphics on input line 441.
Package epstopdf Info: Output file is already uptodate.

<../Figures/MEKF_QuatVecError-eps-converted-to.pdf, id=410, 842.14626pt x 632.3
625pt>
File: ../Figures/MEKF_QuatVecError-eps-converted-to.pdf Graphic file (type pdf)

 <use ../Figures/MEKF_QuatVecError-eps-converted-to.pdf>
Package pdftex.def Info: ../Figures/MEKF_QuatVecError-eps-converted-to.pdf used
 on input line 441.
(pdftex.def)             Requested size: 220.50772pt x 165.57791pt.
Package epstopdf Info: Source file: <../Figures/MEKF_pfr.eps>
(epstopdf)                    date: 2016-05-04 17:44:02
(epstopdf)                    size: 339900 bytes
(epstopdf)             Output file: <../Figures/MEKF_pfr-eps-converted-to.pdf>
(epstopdf)                    date: 2016-05-04 17:48:01
(epstopdf)                    size: 807700 bytes
(epstopdf)             Command: <epstopdf --outfile=../Figures/MEKF_pfr-eps-con
verted-to.pdf ../Figures/MEKF_pfr.eps>
(epstopdf)             \includegraphics on input line 444.
Package epstopdf Info: Output file is already uptodate.

<../Figures/MEKF_pfr-eps-converted-to.pdf, id=411, 842.14626pt x 632.3625pt>
File: ../Figures/MEKF_pfr-eps-converted-to.pdf Graphic file (type pdf)

<use ../Figures/MEKF_pfr-eps-converted-to.pdf>
Package pdftex.def Info: ../Figures/MEKF_pfr-eps-converted-to.pdf used on input
 line 444.
(pdftex.def)             Requested size: 220.50772pt x 165.57791pt.
 [14 <C:/Users/John/Documents/Astro/ASEN6080_SOD2/Project/Figures/MEKF_AngleErr
or-eps-converted-to.pdf> <C:/Users/John/Documents/Astro/ASEN6080_SOD2/Project/F
igures/MEKF_QuatVecError-eps-converted-to.pdf> <C:/Users/John/Documents/Astro/A
SEN6080_SOD2/Project/Figures/MEKF_pfr-eps-converted-to.pdf>]
Package epstopdf Info: Source file: <../Figures/MEKF_AngleError_moreAcc.eps>
(epstopdf)                    date: 2016-05-04 17:35:20
(epstopdf)                    size: 198070 bytes
(epstopdf)             Output file: <../Figures/MEKF_AngleError_moreAcc-eps-con
verted-to.pdf>
(epstopdf)                    date: 2016-05-04 17:51:20
(epstopdf)                    size: 80898 bytes
(epstopdf)             Command: <epstopdf --outfile=../Figures/MEKF_AngleError_
moreAcc-eps-converted-to.pdf ../Figures/MEKF_AngleError_moreAcc.eps>
(epstopdf)             \includegraphics on input line 458.
Package epstopdf Info: Output file is already uptodate.

<../Figures/MEKF_AngleError_moreAcc-eps-converted-to.pdf, id=446, 842.14626pt x
 632.3625pt>
File: ../Figures/MEKF_AngleError_moreAcc-eps-converted-to.pdf Graphic file (typ
e pdf)
 <use ../Figures/MEKF_AngleError_moreAcc-eps-converted-to.pdf>
Package pdftex.def Info: ../Figures/MEKF_AngleError_moreAcc-eps-converted-to.pd
f used on input line 458.
(pdftex.def)             Requested size: 220.50772pt x 165.57791pt.
Package epstopdf Info: Source file: <../Figures/MEKF_QuatVecError_moreAcc.eps>
(epstopdf)                    date: 2016-05-04 17:35:06
(epstopdf)                    size: 481771 bytes
(epstopdf)             Output file: <../Figures/MEKF_QuatVecError_moreAcc-eps-c
onverted-to.pdf>
(epstopdf)                    date: 2016-05-04 17:51:21
(epstopdf)                    size: 807934 bytes
(epstopdf)             Command: <epstopdf --outfile=../Figures/MEKF_QuatVecErro
r_moreAcc-eps-converted-to.pdf ../Figures/MEKF_QuatVecError_moreAcc.eps>
(epstopdf)             \includegraphics on input line 461.
Package epstopdf Info: Output file is already uptodate.

<../Figures/MEKF_QuatVecError_moreAcc-eps-converted-to.pdf, id=447, 842.14626pt
 x 632.3625pt>
File: ../Figures/MEKF_QuatVecError_moreAcc-eps-converted-to.pdf Graphic file (t
ype pdf)
 <use ../Figures/MEKF_QuatVecError_moreAcc-eps-converted-to.pdf>
Package pdftex.def Info: ../Figures/MEKF_QuatVecError_moreAcc-eps-converted-to.
pdf used on input line 461.
(pdftex.def)             Requested size: 220.50772pt x 165.57791pt.
Package epstopdf Info: Source file: <../Figures/MEKF_pfr_moreAcc.eps>
(epstopdf)                    date: 2016-05-04 17:34:38
(epstopdf)                    size: 340650 bytes
(epstopdf)             Output file: <../Figures/MEKF_pfr_moreAcc-eps-converted-
to.pdf>
(epstopdf)                    date: 2016-05-04 17:51:23
(epstopdf)                    size: 808974 bytes
(epstopdf)             Command: <epstopdf --outfile=../Figures/MEKF_pfr_moreAcc
-eps-converted-to.pdf ../Figures/MEKF_pfr_moreAcc.eps>
(epstopdf)             \includegraphics on input line 464.
Package epstopdf Info: Output file is already uptodate.

<../Figures/MEKF_pfr_moreAcc-eps-converted-to.pdf, id=448, 842.14626pt x 632.36
25pt>
File: ../Figures/MEKF_pfr_moreAcc-eps-converted-to.pdf Graphic file (type pdf)
 <use ../Figures/MEKF_pfr_moreAcc-eps-converted-to.pdf>
Package pdftex.def Info: ../Figures/MEKF_pfr_moreAcc-eps-converted-to.pdf used 
on input line 464.
(pdftex.def)             Requested size: 220.50772pt x 165.57791pt.
 [15 <C:/Users/John/Documents/Astro/ASEN6080_SOD2/Project/Figures/MEKF_AngleErr
or_moreAcc-eps-converted-to.pdf> <C:/Users/John/Documents/Astro/ASEN6080_SOD2/P
roject/Figures/MEKF_QuatVecError_moreAcc-eps-converted-to.pdf> <C:/Users/John/D
ocuments/Astro/ASEN6080_SOD2/Project/Figures/MEKF_pfr_moreAcc-eps-converted-to.
pdf>]
(C:\Users\John\Documents\Astro\ASEN6080_SOD2\Project\Report\Clouse_ASEN6080_Pro
ject.bbl) 
AED: lastpage setting LastPage
[16]
Package atveryend Info: Empty hook `BeforeClearDocument' on input line 529.
Package atveryend Info: Empty hook `AfterLastShipout' on input line 529.

(C:\Users\John\Documents\Astro\ASEN6080_SOD2\Project\Report\Clouse_ASEN6080_Pro
ject.aux)
Package atveryend Info: Executing hook `AtVeryEndDocument' on input line 529.
Package atveryend Info: Executing hook `AtEndAfterFileList' on input line 529.
Package rerunfilecheck Info: File `Clouse_ASEN6080_Project.out' has not changed
.
(rerunfilecheck)             Checksum: D97DA50B135DF0F97D16F0146E1405B6;317.


LaTeX Warning: There were multiply-defined labels.

Package atveryend Info: Empty hook `AtVeryVeryEnd' on input line 529.
 ) 
Here is how much of TeX's memory you used:
 9130 strings out of 493921
 135242 string characters out of 3147286
 240485 words of memory out of 3000000
 12168 multiletter control sequences out of 15000+200000
 15300 words of font info for 53 fonts, out of 3000000 for 9000
 841 hyphenation exceptions out of 8191
 42i,16n,45p,986b,344s stack positions out of 5000i,500n,10000p,200000b,50000s
<C:/Program Files/MiKTeX 2.9/fonts/type1/public/amsfonts/cm/cmbx10.pfb><C:/Pr
ogram Files/MiKTeX 2.9/fonts/type1/public/amsfonts/cm/cmbx12.pfb><C:/Program Fi
les/MiKTeX 2.9/fonts/type1/public/amsfonts/cm/cmbx6.pfb><C:/Program Files/MiKTe
X 2.9/fonts/type1/public/amsfonts/cm/cmbx8.pfb><C:/Program Files/MiKTeX 2.9/fon
ts/type1/public/amsfonts/cm/cmbxti10.pfb><C:/Program Files/MiKTeX 2.9/fonts/typ
e1/public/amsfonts/cm/cmex10.pfb><C:/Program Files/MiKTeX 2.9/fonts/type1/publi
c/amsfonts/cm/cmmi10.pfb><C:/Program Files/MiKTeX 2.9/fonts/type1/public/amsfon
ts/cm/cmmi7.pfb><C:/Program Files/MiKTeX 2.9/fonts/type1/public/amsfonts/cm/cmm
i8.pfb><C:/Program Files/MiKTeX 2.9/fonts/type1/public/amsfonts/cm/cmmib10.pfb>
<C:/Program Files/MiKTeX 2.9/fonts/type1/public/amsfonts/cmextra/cmmib8.pfb><C:
/Program Files/MiKTeX 2.9/fonts/type1/public/amsfonts/cm/cmr10.pfb><C:/Program 
Files/MiKTeX 2.9/fonts/type1/public/amsfonts/cm/cmr12.pfb><C:/Program Files/MiK
TeX 2.9/fonts/type1/public/amsfonts/cm/cmr6.pfb><C:/Program Files/MiKTeX 2.9/fo
nts/type1/public/amsfonts/cm/cmr7.pfb><C:/Program Files/MiKTeX 2.9/fonts/type1/
public/amsfonts/cm/cmr8.pfb><C:/Program Files/MiKTeX 2.9/fonts/type1/public/ams
fonts/cm/cmsy10.pfb><C:/Program Files/MiKTeX 2.9/fonts/type1/public/amsfonts/cm
/cmsy6.pfb><C:/Program Files/MiKTeX 2.9/fonts/type1/public/amsfonts/cm/cmsy7.pf
b><C:/Program Files/MiKTeX 2.9/fonts/type1/public/amsfonts/cm/cmsy8.pfb><C:/Pro
gram Files/MiKTeX 2.9/fonts/type1/public/amsfonts/cm/cmti10.pfb><C:/Program Fil
es/MiKTeX 2.9/fonts/type1/public/amsfonts/cm/cmti8.pfb>
Output written on Clouse_ASEN6080_Project.pdf (16 pages, 8101918 bytes).
PDF statistics:
 578 PDF objects out of 1000 (max. 8388607)
 72 named destinations out of 1000 (max. 500000)
 159 words of extra memory for PDF output out of 10000 (max. 10000000)

